
------ Initialization #1/10 ------
Objective at init = -3616643.1347493697

	---- Iter = 0/100 ----
	Updating Gamma...
	Updating Pi...
	Updating IDP parameters...
	Updating BM parameters...
	389	0	0	2540	0	11	54	0	1	4

	---- Iter = 1/100 ----
	Updating Gamma...
	Updating Pi...
	Updating IDP parameters...
	Updating BM parameters...
	1	2998	0	0	0	0	0	0	0	0
	Objective function = -3106761.108401008 rate = -0.0387152822368094
	Final Block Assignments:
	1	2998	0	0	0	0	0	0	0	0
Objective function = -3106761.108401008
Optimal parameter updated!

------ Initialization #2/10 ------
Objective at init = -3627483.3691038433

	---- Iter = 0/100 ----
	Updating Gamma...
	Updating Pi...
	Updating IDP parameters...
	Updating BM parameters...
	52	130	0	2482	0	17	0	318	0	0

	---- Iter = 1/100 ----
	Updating Gamma...
	Updating Pi...
	Updating IDP parameters...
	Updating BM parameters...
	1	0	2998	0	0	0	0	0	0	0
	Objective function = -3119955.3203451964 rate = -0.043978453947783845
	Final Block Assignments:
	1	0	2998	0	0	0	0	0	0	0
Objective function = -3119955.3203451964

------ Initialization #3/10 ------
Objective at init = -3627310.930992317

	---- Iter = 0/100 ----
	Updating Gamma...
	Updating Pi...
	Updating IDP parameters...
	Updating BM parameters...
	408	2575	0	0	6	8	0	2	0	0

	---- Iter = 1/100 ----
	Updating Gamma...
	Updating Pi...
	Updating IDP parameters...
	Updating BM parameters...
	1	0	2998	0	0	0	0	0	0	0
	Objective function = -3111805.0457318113 rate = -0.03634656825448914
	Final Block Assignments:
	1	0	2998	0	0	0	0	0	0	0
Objective function = -3111805.0457318113

------ Initialization #4/10 ------
Objective at init = -3636791.156692358

	---- Iter = 0/100 ----
	Updating Gamma...
	Updating Pi...
	Updating IDP parameters...
	Updating BM parameters...
	0	0	0	0	0	656	1855	290	198	0

	---- Iter = 1/100 ----
	Updating Gamma...
	Updating Pi...
	Updating IDP parameters...
	Updating BM parameters...
	2999	0	0	0	0	0	0	0	0	0
	Objective function = -3135673.883561591 rate = -0.05449979769287795
	Final Block Assignments:
	2999	0	0	0	0	0	0	0	0	0
Objective function = -3135673.883561591

------ Initialization #5/10 ------
Objective at init = -3626167.981205434

	---- Iter = 0/100 ----
	Updating Gamma...
	Updating Pi...
	Updating IDP parameters...
	Updating BM parameters...
	362	100	0	0	0	62	0	0	2475	0

	---- Iter = 1/100 ----
	Updating Gamma...
	Updating Pi...
	Updating IDP parameters...
	Updating BM parameters...
	1	0	2998	0	0	0	0	0	0	0
	Objective function = -3123785.640532559 rate = -0.04425530626413612
	Final Block Assignments:
	1	0	2998	0	0	0	0	0	0	0
Objective function = -3123785.640532559

------ Initialization #6/10 ------
Objective at init = -3632464.438023262

	---- Iter = 0/100 ----
	Updating Gamma...
	Updating Pi...
	Updating IDP parameters...
	Updating BM parameters...
	0	0	1	0	0	148	385	0	2465	0

	---- Iter = 1/100 ----
	Updating Gamma...
	Updating Pi...
	Updating IDP parameters...
	Updating BM parameters...
	2999	0	0	0	0	0	0	0	0	0
	Objective function = -3129250.397089831 rate = -0.043244418442116045
	Final Block Assignments:
	2999	0	0	0	0	0	0	0	0	0
Objective function = -3129250.397089831

------ Initialization #7/10 ------
Objective at init = -3627595.4815488113

	---- Iter = 0/100 ----
	Updating Gamma...
	Updating Pi...
	Updating IDP parameters...
	Updating BM parameters...
	831	0	0	0	0	8	1168	0	392	600

	---- Iter = 1/100 ----
	Updating Gamma...
	Updating Pi...
	Updating IDP parameters...
	Updating BM parameters...
	0	2999	0	0	0	0	0	0	0	0
	Objective function = -3122046.9274685336 rate = -0.05401551765178276
	Final Block Assignments:
	0	2999	0	0	0	0	0	0	0	0
Objective function = -3122046.9274685336

------ Initialization #8/10 ------
Objective at init = -3624816.9946609936

	---- Iter = 0/100 ----
	Updating Gamma...
	Updating Pi...
	Updating IDP parameters...
	Updating BM parameters...
	0	0	0	383	0	0	102	0	2513	1

	---- Iter = 1/100 ----
	Updating Gamma...
	Updating Pi...
	Updating IDP parameters...
	Updating BM parameters...
	2999	0	0	0	0	0	0	0	0	0
	Objective function = -3118343.0859834375 rate = -0.042548530184420466
	Final Block Assignments:
	2999	0	0	0	0	0	0	0	0	0
Objective function = -3118343.0859834375

------ Initialization #9/10 ------
Objective at init = -3627784.1823267085

	---- Iter = 0/100 ----
	Updating Gamma...
	Updating Pi...
	Updating IDP parameters...
	Updating BM parameters...
	0	0	299	0	0	2513	0	0	0	187

	---- Iter = 1/100 ----
	Updating Gamma...
	Updating Pi...
	Updating IDP parameters...
	Updating BM parameters...
	2999	0	0	0	0	0	0	0	0	0
	Objective function = -3118729.092101662 rate = -0.0436391185360973
	Final Block Assignments:
	2999	0	0	0	0	0	0	0	0	0
Objective function = -3118729.092101662

------ Initialization #10/10 ------
Objective at init = -3625076.788180553

	---- Iter = 0/100 ----
	Updating Gamma...
	Updating Pi...
	Updating IDP parameters...
	Updating BM parameters...
	0	0	0	2416	0	0	235	348	0	0

	---- Iter = 1/100 ----
	Updating Gamma...
	Updating Pi...
	Updating IDP parameters...
	Updating BM parameters...
	2999	0	0	0	0	0	0	0	0	0
	Objective function = -3113401.849314429 rate = -0.043976995551438275
	Final Block Assignments:
	2999	0	0	0	0	0	0	0	0	0
Objective function = -3113401.849314429

------ Initialization #11/10 ------
Objective at init = -3619403.503310408

	---- Iter = 0/100 ----
	Updating Gamma...
	Updating Pi...
	Updating IDP parameters...
	Updating BM parameters...
	35	0	381	0	0	0	60	0	34	2489

	---- Iter = 1/100 ----
	Updating Gamma...
	Updating Pi...
	Updating IDP parameters...
	Updating BM parameters...
	1	2998	0	0	0	0	0	0	0	0
	Objective function = -3119855.841577454 rate = -0.04306207934428482
	Final Block Assignments:
	1	2998	0	0	0	0	0	0	0	0
Objective function = -3119855.841577454

------ Initialization #12/10 ------
Objective at init = -3634846.4330216115

	---- Iter = 0/100 ----
	Updating Gamma...
	Updating Pi...
	Updating IDP parameters...
	Updating BM parameters...
	485	0	102	0	393	2019	0	0	0	0

	---- Iter = 1/100 ----
	Updating Gamma...
	Updating Pi...
	Updating IDP parameters...
	Updating BM parameters...
	1	2998	0	0	0	0	0	0	0	0
	Objective function = -3128046.593879006 rate = -0.05013724938350504
	Final Block Assignments:
	1	2998	0	0	0	0	0	0	0	0
Objective function = -3128046.593879006

------ Initialization #13/10 ------
Objective at init = -3622597.427040859

	---- Iter = 0/100 ----
	Updating Gamma...
	Updating Pi...
	Updating IDP parameters...
	Updating BM parameters...
	371	34	60	0	0	2	27	0	2505	0

	---- Iter = 1/100 ----
	Updating Gamma...
	Updating Pi...
	Updating IDP parameters...
	Updating BM parameters...
	1	0	0	2998	0	0	0	0	0	0
	Objective function = -3110165.2196987798 rate = -0.04091056561492936
	Final Block Assignments:
	1	0	0	2998	0	0	0	0	0	0
Objective function = -3110165.2196987798

------ Initialization #14/10 ------
Objective at init = -3634015.0316401348

	---- Iter = 0/100 ----
	Updating Gamma...
	Updating Pi...
	Updating IDP parameters...
	Updating BM parameters...
	0	0	0	0	48	130	0	2471	0	350

	---- Iter = 1/100 ----
	Updating Gamma...
	Updating Pi...
	Updating IDP parameters...
	Updating BM parameters...
	2999	0	0	0	0	0	0	0	0	0
	Objective function = -3131679.763411725 rate = -0.04579449839959355
	Final Block Assignments:
	2999	0	0	0	0	0	0	0	0	0
Objective function = -3131679.763411725

------ Initialization #15/10 ------
Objective at init = -3605204.989103133

	---- Iter = 0/100 ----
	Updating Gamma...
	Updating Pi...
	Updating IDP parameters...
	Updating BM parameters...
	0	2508	0	313	0	8	0	107	0	63

	---- Iter = 1/100 ----
	Updating Gamma...
	Updating Pi...
	Updating IDP parameters...
	Updating BM parameters...
	2999	0	0	0	0	0	0	0	0	0
	Objective function = -3102238.611429758 rate = -0.04247954924427438
	Final Block Assignments:
	2999	0	0	0	0	0	0	0	0	0
Objective function = -3102238.611429758
Optimal parameter updated!

------ Initialization #16/10 ------
Objective at init = -3619292.8899510354

	---- Iter = 0/100 ----
	Updating Gamma...
	Updating Pi...
	Updating IDP parameters...
	Updating BM parameters...
	14	0	4	80	0	0	16	2475	352	58

	---- Iter = 1/100 ----
	Updating Gamma...
	Updating Pi...
	Updating IDP parameters...
	Updating BM parameters...
	1	2998	0	0	0	0	0	0	0	0
	Objective function = -3107431.3334479467 rate = -0.04379008051230885
	Final Block Assignments:
	1	2998	0	0	0	0	0	0	0	0
Objective function = -3107431.3334479467

------ Initialization #17/10 ------
Objective at init = -3634587.998108664

	---- Iter = 0/100 ----
	Updating Gamma...
	Updating Pi...
	Updating IDP parameters...
	Updating BM parameters...
	63	0	0	0	0	50	65	0	319	2502

	---- Iter = 1/100 ----
	Updating Gamma...
	Updating Pi...
	Updating IDP parameters...
	Updating BM parameters...
	1	2998	0	0	0	0	0	0	0	0
	Objective function = -3118477.883960808 rate = -0.04472667707842872
	Final Block Assignments:
	1	2998	0	0	0	0	0	0	0	0
Objective function = -3118477.883960808

------ Initialization #18/10 ------
Objective at init = -3628218.727114513

	---- Iter = 0/100 ----
	Updating Gamma...
	Updating Pi...
	Updating IDP parameters...
	Updating BM parameters...
	59	244	0	0	19	104	0	2569	4	0

	---- Iter = 1/100 ----
	Updating Gamma...
	Updating Pi...
	Updating IDP parameters...
	Updating BM parameters...
	1	0	2998	0	0	0	0	0	0	0
	Objective function = -3117251.582702968 rate = -0.04213288164113838
	Final Block Assignments:
	1	0	2998	0	0	0	0	0	0	0
Objective function = -3117251.582702968

------ Initialization #19/10 ------
Objective at init = -3628029.2627831013

	---- Iter = 0/100 ----
	Updating Gamma...
	Updating Pi...
	Updating IDP parameters...
	Updating BM parameters...
	3	2524	0	428	0	0	0	0	44	0

	---- Iter = 1/100 ----
	Updating Gamma...
	Updating Pi...
	Updating IDP parameters...
	Updating BM parameters...
	1	0	2998	0	0	0	0	0	0	0
	Objective function = -3111381.6607564595 rate = -0.03835474794972082
	Final Block Assignments:
	1	0	2998	0	0	0	0	0	0	0
Objective function = -3111381.6607564595

------ Initialization #20/10 ------
Objective at init = -3627226.038436308

	---- Iter = 0/100 ----
	Updating Gamma...
	Updating Pi...
	Updating IDP parameters...
	Updating BM parameters...
	0	0	0	0	278	2478	9	0	125	109

	---- Iter = 1/100 ----
	Updating Gamma...
	Updating Pi...
	Updating IDP parameters...
	Updating BM parameters...
	2999	0	0	0	0	0	0	0	0	0
	Objective function = -3117218.2898889594 rate = -0.04590209238941379
	Final Block Assignments:
	2999	0	0	0	0	0	0	0	0	0
Objective function = -3117218.2898889594

------ Initialization #21/10 ------
Objective at init = -3623159.214868095

	---- Iter = 0/100 ----
	Updating Gamma...
	Updating Pi...
	Updating IDP parameters...
	Updating BM parameters...
	208	0	0	299	0	2492	0	0	0	0

	---- Iter = 1/100 ----
	Updating Gamma...
	Updating Pi...
	Updating IDP parameters...
	Updating BM parameters...
	1	2998	0	0	0	0	0	0	0	0
	Objective function = -3114697.728703178 rate = -0.043400200910850555
	Final Block Assignments:
	1	2998	0	0	0	0	0	0	0	0
Objective function = -3114697.728703178

------ Initialization #22/10 ------
Objective at init = -3622697.9925997555

	---- Iter = 0/100 ----
	Updating Gamma...
	Updating Pi...
	Updating IDP parameters...
	Updating BM parameters...
	0	2564	301	0	132	2	0	0	0	0

	---- Iter = 1/100 ----
	Updating Gamma...
	Updating Pi...
	Updating IDP parameters...
	Updating BM parameters...
	2999	0	0	0	0	0	0	0	0	0
	Objective function = -3113109.4984982223 rate = -0.0408954130172756
	Final Block Assignments:
	2999	0	0	0	0	0	0	0	0	0
Objective function = -3113109.4984982223

------ Initialization #23/10 ------
Objective at init = -3627962.2900972534

	---- Iter = 0/100 ----
	Updating Gamma...
	Updating Pi...
	Updating IDP parameters...
	Updating BM parameters...
	0	0	147	16	0	214	0	23	2545	54

	---- Iter = 1/100 ----
	Updating Gamma...
	Updating Pi...
	Updating IDP parameters...
	Updating BM parameters...
	2999	0	0	0	0	0	0	0	0	0
	Objective function = -3126009.9555052076 rate = -0.04354180297651588
	Final Block Assignments:
	2999	0	0	0	0	0	0	0	0	0
Objective function = -3126009.9555052076

------ Initialization #24/10 ------
Objective at init = -3613806.3289062316

	---- Iter = 0/100 ----
	Updating Gamma...
	Updating Pi...
	Updating IDP parameters...
	Updating BM parameters...
	0	273	0	117	0	0	78	0	0	2531

	---- Iter = 1/100 ----
	Updating Gamma...
	Updating Pi...
	Updating IDP parameters...
	Updating BM parameters...
	2999	0	0	0	0	0	0	0	0	0
	Objective function = -3112131.456372924 rate = -0.04204088854609692
	Final Block Assignments:
	2999	0	0	0	0	0	0	0	0	0
Objective function = -3112131.456372924

------ Initialization #25/10 ------
Objective at init = -3634478.4178854115

	---- Iter = 0/100 ----
	Updating Gamma...
	Updating Pi...
	Updating IDP parameters...
	Updating BM parameters...
	370	2527	7	0	0	0	93	2	0	0

	---- Iter = 1/100 ----
	Updating Gamma...
	Updating Pi...
	Updating IDP parameters...
	Updating BM parameters...
	1	0	0	2998	0	0	0	0	0	0
	Objective function = -3123589.2635803414 rate = -0.042188251908298884
	Final Block Assignments:
	1	0	0	2998	0	0	0	0	0	0
Objective function = -3123589.2635803414

------ Initialization #26/10 ------
Objective at init = -3627099.2150195423

	---- Iter = 0/100 ----
	Updating Gamma...
	Updating Pi...
	Updating IDP parameters...
	Updating BM parameters...
	1	372	0	0	0	155	0	0	0	2471

	---- Iter = 1/100 ----
	Updating Gamma...
	Updating Pi...
	Updating IDP parameters...
	Updating BM parameters...
	1	0	2998	0	0	0	0	0	0	0
	Objective function = -3117503.554740318 rate = -0.043217911659495956
	Final Block Assignments:
	1	0	2998	0	0	0	0	0	0	0
Objective function = -3117503.554740318

------ Initialization #27/10 ------
Objective at init = -3616292.790491018

	---- Iter = 0/100 ----
	Updating Gamma...
	Updating Pi...
	Updating IDP parameters...
	Updating BM parameters...
	177	0	231	2524	0	1	66	0	0	0

	---- Iter = 1/100 ----
	Updating Gamma...
	Updating Pi...
	Updating IDP parameters...
	Updating BM parameters...
	1	2998	0	0	0	0	0	0	0	0
	Objective function = -3108943.0607412443 rate = -0.04364840211239998
	Final Block Assignments:
	1	2998	0	0	0	0	0	0	0	0
Objective function = -3108943.0607412443

------ Initialization #28/10 ------
Objective at init = -3610874.166755437

	---- Iter = 0/100 ----
	Updating Gamma...
	Updating Pi...
	Updating IDP parameters...
	Updating BM parameters...
	0	0	91	0	36	0	358	1641	873	0

	---- Iter = 1/100 ----
	Updating Gamma...
	Updating Pi...
	Updating IDP parameters...
	Updating BM parameters...
	2999	0	0	0	0	0	0	0	0	0
	Objective function = -3118887.4057793044 rate = -0.05649760807557872
	Final Block Assignments:
	2999	0	0	0	0	0	0	0	0	0
Objective function = -3118887.4057793044

------ Initialization #29/10 ------
Objective at init = -3630415.306734036

	---- Iter = 0/100 ----
	Updating Gamma...
	Updating Pi...
	Updating IDP parameters...
	Updating BM parameters...
	0	0	0	227	0	35	173	51	0	2513

	---- Iter = 1/100 ----
	Updating Gamma...
	Updating Pi...
	Updating IDP parameters...
	Updating BM parameters...
	2999	0	0	0	0	0	0	0	0	0
	Objective function = -3119364.719246304 rate = -0.04371313664019949
	Final Block Assignments:
	2999	0	0	0	0	0	0	0	0	0
Objective function = -3119364.719246304

------ Initialization #30/10 ------
Objective at init = -3633776.435864276

	---- Iter = 0/100 ----
	Updating Gamma...
	Updating Pi...
	Updating IDP parameters...
	Updating BM parameters...
	251	2489	0	0	177	0	0	82	0	0

	---- Iter = 1/100 ----
	Updating Gamma...
	Updating Pi...
	Updating IDP parameters...
	Updating BM parameters...
	1	0	2998	0	0	0	0	0	0	0
	Objective function = -3120893.8635334247 rate = -0.04544394194100713
	Final Block Assignments:
	1	0	2998	0	0	0	0	0	0	0
Objective function = -3120893.8635334247

------ Initialization #31/10 ------
Objective at init = -3636444.4322005953

	---- Iter = 0/100 ----
	Updating Gamma...
	Updating Pi...
	Updating IDP parameters...
	Updating BM parameters...
	0	0	0	0	0	0	420	2579	0	0

	---- Iter = 1/100 ----
	Updating Gamma...
	Updating Pi...
	Updating IDP parameters...
	Updating BM parameters...
	2999	0	0	0	0	0	0	0	0	0
	Objective function = -3121263.5996257034 rate = -0.036577627780838506
	Final Block Assignments:
	2999	0	0	0	0	0	0	0	0	0
Objective function = -3121263.5996257034

------ Initialization #32/10 ------
Objective at init = -3621126.3810814763

	---- Iter = 0/100 ----
	Updating Gamma...
	Updating Pi...
	Updating IDP parameters...
	Updating BM parameters...
	0	0	2578	0	0	365	0	56	0	0

	---- Iter = 1/100 ----
	Updating Gamma...
	Updating Pi...
	Updating IDP parameters...
	Updating BM parameters...
	2999	0	0	0	0	0	0	0	0	0
	Objective function = -3110308.9286162104 rate = -0.03877013135789803
	Final Block Assignments:
	2999	0	0	0	0	0	0	0	0	0
Objective function = -3110308.9286162104

------ Initialization #33/10 ------
Objective at init = -3632333.9993291674

	---- Iter = 0/100 ----
	Updating Gamma...
	Updating Pi...
	Updating IDP parameters...
	Updating BM parameters...
	0	2388	0	0	0	107	0	349	0	155

	---- Iter = 1/100 ----
	Updating Gamma...
	Updating Pi...
	Updating IDP parameters...
	Updating BM parameters...
	2999	0	0	0	0	0	0	0	0	0
	Objective function = -3124775.1476764833 rate = -0.04620126864589746
	Final Block Assignments:
	2999	0	0	0	0	0	0	0	0	0
Objective function = -3124775.1476764833

------ Initialization #34/10 ------
Objective at init = -3624745.7133349865

	---- Iter = 0/100 ----
	Updating Gamma...
	Updating Pi...
	Updating IDP parameters...
	Updating BM parameters...
	0	0	275	2482	0	0	184	58	0	0

	---- Iter = 1/100 ----
	Updating Gamma...
	Updating Pi...
	Updating IDP parameters...
	Updating BM parameters...
	2999	0	0	0	0	0	0	0	0	0
	Objective function = -3118128.931082723 rate = -0.045618180921722234
	Final Block Assignments:
	2999	0	0	0	0	0	0	0	0	0
Objective function = -3118128.931082723

------ Initialization #35/10 ------
Objective at init = -3619259.4861833686

	---- Iter = 0/100 ----
	Updating Gamma...
	Updating Pi...
	Updating IDP parameters...
	Updating BM parameters...
	0	2531	4	0	0	53	25	0	0	386

	---- Iter = 1/100 ----
	Updating Gamma...
	Updating Pi...
	Updating IDP parameters...
	Updating BM parameters...
	2999	0	0	0	0	0	0	0	0	0
	Objective function = -3118204.913187883 rate = -0.0412268253684085
	Final Block Assignments:
	2999	0	0	0	0	0	0	0	0	0
Objective function = -3118204.913187883

------ Initialization #36/10 ------
Objective at init = -3623810.0677468483

	---- Iter = 0/100 ----
	Updating Gamma...
	Updating Pi...
	Updating IDP parameters...
	Updating BM parameters...
	0	9	470	114	0	0	2406	0	0	0

	---- Iter = 1/100 ----
	Updating Gamma...
	Updating Pi...
	Updating IDP parameters...
	Updating BM parameters...
	2999	0	0	0	0	0	0	0	0	0
	Objective function = -3115557.0037562414 rate = -0.0401606861324908
	Final Block Assignments:
	2999	0	0	0	0	0	0	0	0	0
Objective function = -3115557.0037562414

------ Initialization #37/10 ------
Objective at init = -3616879.768987887

	---- Iter = 0/100 ----
	Updating Gamma...
	Updating Pi...
	Updating IDP parameters...
	Updating BM parameters...
	2554	0	0	0	398	46	0	0	0	1

	---- Iter = 1/100 ----
	Updating Gamma...
	Updating Pi...
	Updating IDP parameters...
	Updating BM parameters...
	0	2999	0	0	0	0	0	0	0	0
	Objective function = -3110235.8416780876 rate = -0.03831695596263832
	Final Block Assignments:
	0	2999	0	0	0	0	0	0	0	0
Objective function = -3110235.8416780876

------ Initialization #38/10 ------
Objective at init = -3625151.2846600153

	---- Iter = 0/100 ----
	Updating Gamma...
	Updating Pi...
	Updating IDP parameters...
	Updating BM parameters...
	377	40	0	0	62	0	2	0	0	2518

	---- Iter = 1/100 ----
	Updating Gamma...
	Updating Pi...
	Updating IDP parameters...
	Updating BM parameters...
	1	0	2998	0	0	0	0	0	0	0
	Objective function = -3116106.6116341855 rate = -0.03993934614375257
	Final Block Assignments:
	1	0	2998	0	0	0	0	0	0	0
Objective function = -3116106.6116341855

------ Initialization #39/10 ------
Objective at init = -3631424.1530573326

	---- Iter = 0/100 ----
	Updating Gamma...
	Updating Pi...
	Updating IDP parameters...
	Updating BM parameters...
	2304	398	9	0	233	0	0	55	0	0

	---- Iter = 1/100 ----
	Updating Gamma...
	Updating Pi...
	Updating IDP parameters...
	Updating BM parameters...
	0	1	0	2998	0	0	0	0	0	0
	Objective function = -3120406.3422297835 rate = -0.04746680648990339
	Final Block Assignments:
	0	1	0	2998	0	0	0	0	0	0
Objective function = -3120406.3422297835

------ Initialization #40/10 ------
Objective at init = -3610737.4319598572

	---- Iter = 0/100 ----
	Updating Gamma...
	Updating Pi...
	Updating IDP parameters...
	Updating BM parameters...
	0	370	902	0	29	36	0	0	1662	0

	---- Iter = 1/100 ----
	Updating Gamma...
	Updating Pi...
	Updating IDP parameters...
	Updating BM parameters...
	2999	0	0	0	0	0	0	0	0	0
	Objective function = -3117706.630009849 rate = -0.0527833435987087
	Final Block Assignments:
	2999	0	0	0	0	0	0	0	0	0
Objective function = -3117706.630009849

------ Initialization #41/10 ------
Objective at init = -3625896.535464885

	---- Iter = 0/100 ----
	Updating Gamma...
	Updating Pi...
	Updating IDP parameters...
	Updating BM parameters...
	0	398	0	0	0	117	2484	0	0	0

	---- Iter = 1/100 ----
	Updating Gamma...
	Updating Pi...
	Updating IDP parameters...
	Updating BM parameters...
	2999	0	0	0	0	0	0	0	0	0
	Objective function = -3120527.0670713056 rate = -0.04305306623812555
	Final Block Assignments:
	2999	0	0	0	0	0	0	0	0	0
Objective function = -3120527.0670713056

------ Initialization #42/10 ------
Objective at init = -3602713.5212135618

	---- Iter = 0/100 ----
	Updating Gamma...
	Updating Pi...
	Updating IDP parameters...
	Updating BM parameters...
	61	5	0	2545	383	0	0	0	5	0

	---- Iter = 1/100 ----
	Updating Gamma...
	Updating Pi...
	Updating IDP parameters...
	Updating BM parameters...
	1	0	2998	0	0	0	0	0	0	0
	Objective function = -3101418.2517107483 rate = -0.038587234610923865
	Final Block Assignments:
	1	0	2998	0	0	0	0	0	0	0
Objective function = -3101418.2517107483
Optimal parameter updated!

------ Initialization #43/10 ------
Objective at init = -3616393.825880575

	---- Iter = 0/100 ----
	Updating Gamma...
	Updating Pi...
	Updating IDP parameters...
	Updating BM parameters...
	0	2506	15	0	249	0	16	213	0	0

	---- Iter = 1/100 ----
	Updating Gamma...
	Updating Pi...
	Updating IDP parameters...
	Updating BM parameters...
	2999	0	0	0	0	0	0	0	0	0
	Objective function = -3113453.5518430998 rate = -0.043964973491968276
	Final Block Assignments:
	2999	0	0	0	0	0	0	0	0	0
Objective function = -3113453.5518430998

------ Initialization #44/10 ------
Objective at init = -3613133.086472344

	---- Iter = 0/100 ----
	Updating Gamma...
	Updating Pi...
	Updating IDP parameters...
	Updating BM parameters...
	51	171	2374	0	0	1	0	402	0	0

	---- Iter = 1/100 ----
	Updating Gamma...
	Updating Pi...
	Updating IDP parameters...
	Updating BM parameters...
	1	0	0	2998	0	0	0	0	0	0
	Objective function = -3115245.4199116738 rate = -0.04496148507163631
	Final Block Assignments:
	1	0	0	2998	0	0	0	0	0	0
Objective function = -3115245.4199116738

------ Initialization #45/10 ------
Objective at init = -3618019.5062089693

	---- Iter = 0/100 ----
	Updating Gamma...
	Updating Pi...
	Updating IDP parameters...
	Updating BM parameters...
	23	438	6	0	0	0	1	2530	1	0

	---- Iter = 1/100 ----
	Updating Gamma...
	Updating Pi...
	Updating IDP parameters...
	Updating BM parameters...
	1	0	0	2998	0	0	0	0	0	0
	Objective function = -3104189.0293596317 rate = -0.038047746960696
	Final Block Assignments:
	1	0	0	2998	0	0	0	0	0	0
Objective function = -3104189.0293596317

------ Initialization #46/10 ------
Objective at init = -3628076.4037249084

	---- Iter = 0/100 ----
	Updating Gamma...
	Updating Pi...
	Updating IDP parameters...
	Updating BM parameters...
	130	2486	0	0	0	0	383	0	0	0

	---- Iter = 1/100 ----
	Updating Gamma...
	Updating Pi...
	Updating IDP parameters...
	Updating BM parameters...
	1	0	2998	0	0	0	0	0	0	0
	Objective function = -3122727.883535428 rate = -0.040486706299696584
	Final Block Assignments:
	1	0	2998	0	0	0	0	0	0	0
Objective function = -3122727.883535428

------ Initialization #47/10 ------
Objective at init = -3623912.051819388

	---- Iter = 0/100 ----
	Updating Gamma...
	Updating Pi...
	Updating IDP parameters...
	Updating BM parameters...
	0	0	0	326	0	382	2216	0	75	0

	---- Iter = 1/100 ----
	Updating Gamma...
	Updating Pi...
	Updating IDP parameters...
	Updating BM parameters...
	2999	0	0	0	0	0	0	0	0	0
	Objective function = -3115761.682817416 rate = -0.05048230907691038
	Final Block Assignments:
	2999	0	0	0	0	0	0	0	0	0
Objective function = -3115761.682817416

------ Initialization #48/10 ------
Objective at init = -3618017.542502548

	---- Iter = 0/100 ----
	Updating Gamma...
	Updating Pi...
	Updating IDP parameters...
	Updating BM parameters...
	5	0	2339	226	0	0	0	1	428	0

	---- Iter = 1/100 ----
	Updating Gamma...
	Updating Pi...
	Updating IDP parameters...
	Updating BM parameters...
	1	2998	0	0	0	0	0	0	0	0
	Objective function = -3111839.2133759465 rate = -0.03756601791459067
	Final Block Assignments:
	1	2998	0	0	0	0	0	0	0	0
Objective function = -3111839.2133759465

------ Initialization #49/10 ------
Objective at init = -3636645.462102283

	---- Iter = 0/100 ----
	Updating Gamma...
	Updating Pi...
	Updating IDP parameters...
	Updating BM parameters...
	69	0	76	139	1	229	0	0	0	2485

	---- Iter = 1/100 ----
	Updating Gamma...
	Updating Pi...
	Updating IDP parameters...
	Updating BM parameters...
	1	2998	0	0	0	0	0	0	0	0
	Objective function = -3132944.0407265113 rate = -0.0472576161774417
	Final Block Assignments:
	1	2998	0	0	0	0	0	0	0	0
Objective function = -3132944.0407265113

------ Initialization #50/10 ------
Objective at init = -3638844.2439394444

	---- Iter = 0/100 ----
	Updating Gamma...
	Updating Pi...
	Updating IDP parameters...
	Updating BM parameters...
	8	0	0	381	2519	0	91	0	0	0

	---- Iter = 1/100 ----
	Updating Gamma...
	Updating Pi...
	Updating IDP parameters...
	Updating BM parameters...
	1	2998	0	0	0	0	0	0	0	0
	Objective function = -3121698.6631794083 rate = -0.041481962584774795
	Final Block Assignments:
	1	2998	0	0	0	0	0	0	0	0
Objective function = -3121698.6631794083

------ Initialization #51/10 ------
Objective at init = -3623383.4007366984

	---- Iter = 0/100 ----
	Updating Gamma...
	Updating Pi...
	Updating IDP parameters...
	Updating BM parameters...
	55	405	19	0	0	0	0	0	0	2520

	---- Iter = 1/100 ----
	Updating Gamma...
	Updating Pi...
	Updating IDP parameters...
	Updating BM parameters...
	1	0	0	2998	0	0	0	0	0	0
	Objective function = -3112499.5398664568 rate = -0.03835666624547681
	Final Block Assignments:
	1	0	0	2998	0	0	0	0	0	0
Objective function = -3112499.5398664568

------ Initialization #52/10 ------
Objective at init = -3634335.593092506

	---- Iter = 0/100 ----
	Updating Gamma...
	Updating Pi...
	Updating IDP parameters...
	Updating BM parameters...
	2542	0	0	13	14	0	369	0	0	61

	---- Iter = 1/100 ----
	Updating Gamma...
	Updating Pi...
	Updating IDP parameters...
	Updating BM parameters...
	0	2999	0	0	0	0	0	0	0	0
	Objective function = -3124571.9648246267 rate = -0.03997884849167626
	Final Block Assignments:
	0	2999	0	0	0	0	0	0	0	0
Objective function = -3124571.9648246267

------ Initialization #53/10 ------
Objective at init = -3628335.2536068778

	---- Iter = 0/100 ----
	Updating Gamma...
	Updating Pi...
	Updating IDP parameters...
	Updating BM parameters...
	0	12	0	0	0	0	0	400	2476	111

	---- Iter = 1/100 ----
	Updating Gamma...
	Updating Pi...
	Updating IDP parameters...
	Updating BM parameters...
	2999	0	0	0	0	0	0	0	0	0
	Objective function = -3117119.430400953 rate = -0.04112691757555426
	Final Block Assignments:
	2999	0	0	0	0	0	0	0	0	0
Objective function = -3117119.430400953

------ Initialization #54/10 ------
Objective at init = -3642296.3090443895

	---- Iter = 0/100 ----
	Updating Gamma...
	Updating Pi...
	Updating IDP parameters...
	Updating BM parameters...
	398	1	0	0	2575	0	25	0	0	0

	---- Iter = 1/100 ----
	Updating Gamma...
	Updating Pi...
	Updating IDP parameters...
	Updating BM parameters...
	1	0	2998	0	0	0	0	0	0	0
	Objective function = -3124823.7677368755 rate = -0.0389231129194111
	Final Block Assignments:
	1	0	2998	0	0	0	0	0	0	0
Objective function = -3124823.7677368755

------ Initialization #55/10 ------
Objective at init = -3639495.3388475976

	---- Iter = 0/100 ----
	Updating Gamma...
	Updating Pi...
	Updating IDP parameters...
	Updating BM parameters...
	0	2486	0	0	10	2	2	0	383	116

	---- Iter = 1/100 ----
	Updating Gamma...
	Updating Pi...
	Updating IDP parameters...
	Updating BM parameters...
	2999	0	0	0	0	0	0	0	0	0
	Objective function = -3123573.8958339104 rate = -0.041502204495237754
	Final Block Assignments:
	2999	0	0	0	0	0	0	0	0	0
Objective function = -3123573.8958339104

------ Initialization #56/10 ------
Objective at init = -3620297.120991185

	---- Iter = 0/100 ----
	Updating Gamma...
	Updating Pi...
	Updating IDP parameters...
	Updating BM parameters...
	0	0	1416	367	0	1216	0	0	0	0

	---- Iter = 1/100 ----
	Updating Gamma...
	Updating Pi...
	Updating IDP parameters...
	Updating BM parameters...
	2999	0	0	0	0	0	0	0	0	0
	Objective function = -3118175.634363206 rate = -0.049702238658396236
	Final Block Assignments:
	2999	0	0	0	0	0	0	0	0	0
Objective function = -3118175.634363206

------ Initialization #57/10 ------
Objective at init = -3616841.9895978356

	---- Iter = 0/100 ----
	Updating Gamma...
	Updating Pi...
	Updating IDP parameters...
	Updating BM parameters...
	387	0	138	2473	0	0	0	0	1	0

	---- Iter = 1/100 ----
	Updating Gamma...
	Updating Pi...
	Updating IDP parameters...
	Updating BM parameters...
	1	2998	0	0	0	0	0	0	0	0
	Objective function = -3102870.986394567 rate = -0.041433197611711325
	Final Block Assignments:
	1	2998	0	0	0	0	0	0	0	0
Objective function = -3102870.986394567

------ Initialization #58/10 ------
Objective at init = -3613758.671566171

	---- Iter = 0/100 ----
	Updating Gamma...
	Updating Pi...
	Updating IDP parameters...
	Updating BM parameters...
	125	0	0	0	270	2484	0	0	120	0

	---- Iter = 1/100 ----
	Updating Gamma...
	Updating Pi...
	Updating IDP parameters...
	Updating BM parameters...
	1	2998	0	0	0	0	0	0	0	0
	Objective function = -3115348.5417793687 rate = -0.046268811693102374
	Final Block Assignments:
	1	2998	0	0	0	0	0	0	0	0
Objective function = -3115348.5417793687

------ Initialization #59/10 ------
Objective at init = -3617133.015275184

	---- Iter = 0/100 ----
	Updating Gamma...
	Updating Pi...
	Updating IDP parameters...
	Updating BM parameters...
	102	0	1	0	0	2553	4	0	0	339

	---- Iter = 1/100 ----
	Updating Gamma...
	Updating Pi...
	Updating IDP parameters...
	Updating BM parameters...
	1	2998	0	0	0	0	0	0	0	0
	Objective function = -3109933.052331098 rate = -0.04114196810862823
	Final Block Assignments:
	1	2998	0	0	0	0	0	0	0	0
Objective function = -3109933.052331098

------ Initialization #60/10 ------
Objective at init = -3645950.411988946

	---- Iter = 0/100 ----
	Updating Gamma...
	Updating Pi...
	Updating IDP parameters...
	Updating BM parameters...
	0	0	0	0	4	359	1884	698	54	0

	---- Iter = 1/100 ----
	Updating Gamma...
	Updating Pi...
	Updating IDP parameters...
	Updating BM parameters...
	2999	0	0	0	0	0	0	0	0	0
	Objective function = -3141416.0436550146 rate = -0.05143938806969299
	Final Block Assignments:
	2999	0	0	0	0	0	0	0	0	0
Objective function = -3141416.0436550146

------ Initialization #61/10 ------
Objective at init = -3620452.6270365114

	---- Iter = 0/100 ----
	Updating Gamma...
	Updating Pi...
	Updating IDP parameters...
	Updating BM parameters...
	0	2531	0	331	0	0	137	0	0	0

	---- Iter = 1/100 ----
	Updating Gamma...
	Updating Pi...
	Updating IDP parameters...
	Updating BM parameters...
	2999	0	0	0	0	0	0	0	0	0
	Objective function = -3110223.1093799234 rate = -0.0424359381938062
	Final Block Assignments:
	2999	0	0	0	0	0	0	0	0	0
Objective function = -3110223.1093799234

------ Initialization #62/10 ------
Objective at init = -3619330.638700108

	---- Iter = 0/100 ----
	Updating Gamma...
	Updating Pi...
	Updating IDP parameters...
	Updating BM parameters...
	0	0	0	2499	9	331	0	0	130	30

	---- Iter = 1/100 ----
	Updating Gamma...
	Updating Pi...
	Updating IDP parameters...
	Updating BM parameters...
	2999	0	0	0	0	0	0	0	0	0
	Objective function = -3114044.696898653 rate = -0.0434269853578368
	Final Block Assignments:
	2999	0	0	0	0	0	0	0	0	0
Objective function = -3114044.696898653

------ Initialization #63/10 ------
Objective at init = -3639474.8771214057

	---- Iter = 0/100 ----
	Updating Gamma...
	Updating Pi...
	Updating IDP parameters...
	Updating BM parameters...
	0	0	1511	386	983	119	0	0	0	0

	---- Iter = 1/100 ----
	Updating Gamma...
	Updating Pi...
	Updating IDP parameters...
	Updating BM parameters...
	2999	0	0	0	0	0	0	0	0	0
	Objective function = -3132596.9714905 rate = -0.051806672236433766
	Final Block Assignments:
	2999	0	0	0	0	0	0	0	0	0
Objective function = -3132596.9714905

------ Initialization #64/10 ------
Objective at init = -3633416.738778895

	---- Iter = 0/100 ----
	Updating Gamma...
	Updating Pi...
	Updating IDP parameters...
	Updating BM parameters...
	341	0	1	0	2546	0	0	0	0	111

	---- Iter = 1/100 ----
	Updating Gamma...
	Updating Pi...
	Updating IDP parameters...
	Updating BM parameters...
	1	2998	0	0	0	0	0	0	0	0
	Objective function = -3123831.892881593 rate = -0.04070380295348646
	Final Block Assignments:
	1	2998	0	0	0	0	0	0	0	0
Objective function = -3123831.892881593

------ Initialization #65/10 ------
Objective at init = -3617553.984168687

	---- Iter = 0/100 ----
	Updating Gamma...
	Updating Pi...
	Updating IDP parameters...
	Updating BM parameters...
	2512	0	0	215	0	0	2	0	270	0

	---- Iter = 1/100 ----
	Updating Gamma...
	Updating Pi...
	Updating IDP parameters...
	Updating BM parameters...
	0	2999	0	0	0	0	0	0	0	0
	Objective function = -3112429.51108957 rate = -0.043966466759193294
	Final Block Assignments:
	0	2999	0	0	0	0	0	0	0	0
Objective function = -3112429.51108957

------ Initialization #66/10 ------
Objective at init = -3640105.830529748

	---- Iter = 0/100 ----
	Updating Gamma...
	Updating Pi...
	Updating IDP parameters...
	Updating BM parameters...
	0	0	0	1	40	2535	0	266	0	157

	---- Iter = 1/100 ----
	Updating Gamma...
	Updating Pi...
	Updating IDP parameters...
	Updating BM parameters...
	2999	0	0	0	0	0	0	0	0	0
	Objective function = -3123285.385305982 rate = -0.04327893626600237
	Final Block Assignments:
	2999	0	0	0	0	0	0	0	0	0
Objective function = -3123285.385305982

------ Initialization #67/10 ------
Objective at init = -3616299.9467677874

	---- Iter = 0/100 ----
	Updating Gamma...
	Updating Pi...
	Updating IDP parameters...
	Updating BM parameters...
	144	2485	0	0	0	4	0	0	0	366

	---- Iter = 1/100 ----
	Updating Gamma...
	Updating Pi...
	Updating IDP parameters...
	Updating BM parameters...
	1	0	2998	0	0	0	0	0	0	0
	Objective function = -3111858.756626495 rate = -0.042549920263332756
	Final Block Assignments:
	1	0	2998	0	0	0	0	0	0	0
Objective function = -3111858.756626495

------ Initialization #68/10 ------
Objective at init = -3624431.8208742705

	---- Iter = 0/100 ----
	Updating Gamma...
	Updating Pi...
	Updating IDP parameters...
	Updating BM parameters...
	0	26	0	338	2491	1	0	39	104	0

	---- Iter = 1/100 ----
	Updating Gamma...
	Updating Pi...
	Updating IDP parameters...
	Updating BM parameters...
	2999	0	0	0	0	0	0	0	0	0
	Objective function = -3122371.2868446773 rate = -0.044175420949368945
	Final Block Assignments:
	2999	0	0	0	0	0	0	0	0	0
Objective function = -3122371.2868446773

------ Initialization #69/10 ------
Objective at init = -3625426.8899069284

	---- Iter = 0/100 ----
	Updating Gamma...
	Updating Pi...
	Updating IDP parameters...
	Updating BM parameters...
	0	0	0	0	0	0	2578	0	419	2

	---- Iter = 1/100 ----
	Updating Gamma...
	Updating Pi...
	Updating IDP parameters...
	Updating BM parameters...
	2999	0	0	0	0	0	0	0	0	0
	Objective function = -3118789.1282515293 rate = -0.035468635943656214
	Final Block Assignments:
	2999	0	0	0	0	0	0	0	0	0
Objective function = -3118789.1282515293

------ Initialization #70/10 ------
Objective at init = -3610876.6065592533

	---- Iter = 0/100 ----
	Updating Gamma...
	Updating Pi...
	Updating IDP parameters...
	Updating BM parameters...
	0	304	18	131	1233	1254	0	0	59	0

	---- Iter = 1/100 ----
	Updating Gamma...
	Updating Pi...
	Updating IDP parameters...
	Updating BM parameters...
	2999	0	0	0	0	0	0	0	0	0
	Objective function = -3114495.0220329734 rate = -0.04864751949381638
	Final Block Assignments:
	2999	0	0	0	0	0	0	0	0	0
Objective function = -3114495.0220329734

------ Initialization #71/10 ------
Objective at init = -3626735.976902909

	---- Iter = 0/100 ----
	Updating Gamma...
	Updating Pi...
	Updating IDP parameters...
	Updating BM parameters...
	0	0	400	0	0	0	0	2564	0	35

	---- Iter = 1/100 ----
	Updating Gamma...
	Updating Pi...
	Updating IDP parameters...
	Updating BM parameters...
	2999	0	0	0	0	0	0	0	0	0
	Objective function = -3106319.0100826807 rate = -0.035740261564936565
	Final Block Assignments:
	2999	0	0	0	0	0	0	0	0	0
Objective function = -3106319.0100826807

------ Initialization #72/10 ------
Objective at init = -3620249.9900780953

	---- Iter = 0/100 ----
	Updating Gamma...
	Updating Pi...
	Updating IDP parameters...
	Updating BM parameters...
	394	1866	0	656	0	66	17	0	0	0

	---- Iter = 1/100 ----
	Updating Gamma...
	Updating Pi...
	Updating IDP parameters...
	Updating BM parameters...
	1	0	2998	0	0	0	0	0	0	0
	Objective function = -3121420.430565247 rate = -0.052704376648443275
	Final Block Assignments:
	1	0	2998	0	0	0	0	0	0	0
Objective function = -3121420.430565247

------ Initialization #73/10 ------
Objective at init = -3628476.996689386

	---- Iter = 0/100 ----
	Updating Gamma...
	Updating Pi...
	Updating IDP parameters...
	Updating BM parameters...
	0	365	152	0	0	0	0	0	2482	0

	---- Iter = 1/100 ----
	Updating Gamma...
	Updating Pi...
	Updating IDP parameters...
	Updating BM parameters...
	2999	0	0	0	0	0	0	0	0	0
	Objective function = -3122710.804944865 rate = -0.04514807677867764
	Final Block Assignments:
	2999	0	0	0	0	0	0	0	0	0
Objective function = -3122710.804944865

------ Initialization #74/10 ------
Objective at init = -3624403.8202985865

	---- Iter = 0/100 ----
	Updating Gamma...
	Updating Pi...
	Updating IDP parameters...
	Updating BM parameters...
	0	0	0	0	3	0	440	2556	0	0

	---- Iter = 1/100 ----
	Updating Gamma...
	Updating Pi...
	Updating IDP parameters...
	Updating BM parameters...
	2999	0	0	0	0	0	0	0	0	0
	Objective function = -3107017.053119564 rate = -0.03586033205768999
	Final Block Assignments:
	2999	0	0	0	0	0	0	0	0	0
Objective function = -3107017.053119564

------ Initialization #75/10 ------
Objective at init = -3619064.7882882175

	---- Iter = 0/100 ----
	Updating Gamma...
	Updating Pi...
	Updating IDP parameters...
	Updating BM parameters...
	0	2532	0	218	0	249	0	0	0	0

	---- Iter = 1/100 ----
	Updating Gamma...
	Updating Pi...
	Updating IDP parameters...
	Updating BM parameters...
	2999	0	0	0	0	0	0	0	0	0
	Objective function = -3111066.393140125 rate = -0.042199726434296946
	Final Block Assignments:
	2999	0	0	0	0	0	0	0	0	0
Objective function = -3111066.393140125

------ Initialization #76/10 ------
Objective at init = -3623354.871629771

	---- Iter = 0/100 ----
	Updating Gamma...
	Updating Pi...
	Updating IDP parameters...
	Updating BM parameters...
	2096	0	0	88	0	0	395	173	247	0

	---- Iter = 1/100 ----
	Updating Gamma...
	Updating Pi...
	Updating IDP parameters...
	Updating BM parameters...
	0	2999	0	0	0	0	0	0	0	0
	Objective function = -3126789.0969201927 rate = -0.056551073195468184
	Final Block Assignments:
	0	2999	0	0	0	0	0	0	0	0
Objective function = -3126789.0969201927

------ Initialization #77/10 ------
Objective at init = -3629441.030583835

	---- Iter = 0/100 ----
	Updating Gamma...
	Updating Pi...
	Updating IDP parameters...
	Updating BM parameters...
	0	0	0	0	139	343	2517	0	0	0

	---- Iter = 1/100 ----
	Updating Gamma...
	Updating Pi...
	Updating IDP parameters...
	Updating BM parameters...
	2999	0	0	0	0	0	0	0	0	0
	Objective function = -3122438.956309953 rate = -0.04240655966432929
	Final Block Assignments:
	2999	0	0	0	0	0	0	0	0	0
Objective function = -3122438.956309953

------ Initialization #78/10 ------
Objective at init = -3627544.400445124

	---- Iter = 0/100 ----
	Updating Gamma...
	Updating Pi...
	Updating IDP parameters...
	Updating BM parameters...
	0	71	0	0	0	57	2538	0	0	333

	---- Iter = 1/100 ----
	Updating Gamma...
	Updating Pi...
	Updating IDP parameters...
	Updating BM parameters...
	2999	0	0	0	0	0	0	0	0	0
	Objective function = -3122675.0009963196 rate = -0.04265097252103
	Final Block Assignments:
	2999	0	0	0	0	0	0	0	0	0
Objective function = -3122675.0009963196

------ Initialization #79/10 ------
Objective at init = -3626679.6258632876

	---- Iter = 0/100 ----
	Updating Gamma...
	Updating Pi...
	Updating IDP parameters...
	Updating BM parameters...
	0	0	0	0	1	114	2487	0	77	320

	---- Iter = 1/100 ----
	Updating Gamma...
	Updating Pi...
	Updating IDP parameters...
	Updating BM parameters...
	2999	0	0	0	0	0	0	0	0	0
	Objective function = -3123883.8497933806 rate = -0.044662401414429856
	Final Block Assignments:
	2999	0	0	0	0	0	0	0	0	0
Objective function = -3123883.8497933806

------ Initialization #80/10 ------
Objective at init = -3628077.3973342357

	---- Iter = 0/100 ----
	Updating Gamma...
	Updating Pi...
	Updating IDP parameters...
	Updating BM parameters...
	0	0	2	53	0	0	373	0	0	2571

	---- Iter = 1/100 ----
	Updating Gamma...
	Updating Pi...
	Updating IDP parameters...
	Updating BM parameters...
	2999	0	0	0	0	0	0	0	0	0
	Objective function = -3115595.054814044 rate = -0.039259388837470016
	Final Block Assignments:
	2999	0	0	0	0	0	0	0	0	0
Objective function = -3115595.054814044

------ Initialization #81/10 ------
Objective at init = -3625725.9490861367

	---- Iter = 0/100 ----
	Updating Gamma...
	Updating Pi...
	Updating IDP parameters...
	Updating BM parameters...
	0	70	0	2525	0	5	3	0	169	227

	---- Iter = 1/100 ----
	Updating Gamma...
	Updating Pi...
	Updating IDP parameters...
	Updating BM parameters...
	2999	0	0	0	0	0	0	0	0	0
	Objective function = -3118829.863715675 rate = -0.044491735033308374
	Final Block Assignments:
	2999	0	0	0	0	0	0	0	0	0
Objective function = -3118829.863715675

------ Initialization #82/10 ------
Objective at init = -3623853.678995123

	---- Iter = 0/100 ----
	Updating Gamma...
	Updating Pi...
	Updating IDP parameters...
	Updating BM parameters...
	0	0	2534	110	0	23	332	0	0	0

	---- Iter = 1/100 ----
	Updating Gamma...
	Updating Pi...
	Updating IDP parameters...
	Updating BM parameters...
	2999	0	0	0	0	0	0	0	0	0
	Objective function = -3113727.2604434723 rate = -0.041336585759170666
	Final Block Assignments:
	2999	0	0	0	0	0	0	0	0	0
Objective function = -3113727.2604434723

------ Initialization #83/10 ------
Objective at init = -3614511.4496636745

	---- Iter = 0/100 ----
	Updating Gamma...
	Updating Pi...
	Updating IDP parameters...
	Updating BM parameters...
	0	96	0	17	0	358	0	2497	0	31

	---- Iter = 1/100 ----
	Updating Gamma...
	Updating Pi...
	Updating IDP parameters...
	Updating BM parameters...
	2999	0	0	0	0	0	0	0	0	0
	Objective function = -3114749.096249259 rate = -0.04247285098644874
	Final Block Assignments:
	2999	0	0	0	0	0	0	0	0	0
Objective function = -3114749.096249259

------ Initialization #84/10 ------
Objective at init = -3631046.162159274

	---- Iter = 0/100 ----
	Updating Gamma...
	Updating Pi...
	Updating IDP parameters...
	Updating BM parameters...
