
------ Initialization #1/10 ------
Objective at init = -3618215.9954252345

	---- Iter = 0/100 ----
	Updating Gamma...
	Updating Pi...
	Updating IDP parameters...
	Updating BM parameters...
	1158	1841

	---- Iter = 1/100 ----
	Updating Gamma...
	Updating Pi...
	Updating IDP parameters...
	Updating BM parameters...
	2389	610
	Objective function = -2980141.381168992 rate = 0.04456379753014646

	---- Iter = 2/100 ----
	Updating Gamma...
	Updating Pi...
	Updating IDP parameters...
	Updating BM parameters...
	2393	606
	Objective function = -2872834.204666836 rate = 0.036007411319547274

	---- Iter = 3/100 ----
	Updating Gamma...
	Updating Pi...
	Updating IDP parameters...
	Updating BM parameters...
	z has converged
	Objective function = -2778031.232634931 rate = 0.0329998062115456

	---- Iter = 4/100 ----
	Updating Gamma...
	Updating Pi...
	Updating IDP parameters...
	Updating BM parameters...
	z has converged
	Objective function = -2691549.9483566293 rate = 0.031130421883801145

	---- Iter = 5/100 ----
	Updating Gamma...
	Updating Pi...
	Updating IDP parameters...
	Updating BM parameters...
	z has converged
	Objective function = -2613713.6002414622 rate = 0.02891878271205459

	---- Iter = 6/100 ----
	Updating Gamma...
	Updating Pi...
	Updating IDP parameters...
	Updating BM parameters...
	z has converged
	Objective function = -2540082.0400489885 rate = 0.02817124270450726

	---- Iter = 7/100 ----
	Updating Gamma...
	Updating Pi...
	Updating IDP parameters...
	Updating BM parameters...
	z has converged
	Objective function = -2467815.290321653 rate = 0.028450557339455857

	---- Iter = 8/100 ----
	Updating Gamma...
	Updating Pi...
	Updating IDP parameters...
	Updating BM parameters...
	z has converged
	Objective function = -2395856.551385935 rate = 0.029158883656296177

	---- Iter = 9/100 ----
	Updating Gamma...
	Updating Pi...
	Updating IDP parameters...
	Updating BM parameters...
	z has converged
	Objective function = -2324032.897749486 rate = 0.029978277954454773

	---- Iter = 10/100 ----
	Updating Gamma...
	Updating Pi...
	Updating IDP parameters...
	Updating BM parameters...
	z has converged
	Objective function = -2252503.181521135 rate = 0.030778271812596944

	---- Iter = 11/100 ----
	Updating Gamma...
	Updating Pi...
	Updating IDP parameters...
	Updating BM parameters...
	z has converged
	Objective function = -2181547.449536528 rate = 0.03150083541133555

	---- Iter = 12/100 ----
	Updating Gamma...
	Updating Pi...
	Updating IDP parameters...
	Updating BM parameters...
	z has converged
	Objective function = -2111491.808019059 rate = 0.032112820435032295

	---- Iter = 13/100 ----
	Updating Gamma...
	Updating Pi...
	Updating IDP parameters...
	Updating BM parameters...
	z has converged
	Objective function = -2042677.8744182067 rate = 0.03259019681701313

	---- Iter = 14/100 ----
	Updating Gamma...
	Updating Pi...
	Updating IDP parameters...
	Updating BM parameters...
	z has converged
	Objective function = -1975446.7220388632 rate = 0.0329132425730573

	---- Iter = 15/100 ----
	Updating Gamma...
	Updating Pi...
	Updating IDP parameters...
	Updating BM parameters...
	z has converged
	Objective function = -1910128.0357929652 rate = 0.03306527354910511

	---- Iter = 16/100 ----
	Updating Gamma...
	Updating Pi...
	Updating IDP parameters...
	Updating BM parameters...
	z has converged
	Objective function = -1847031.5827630402 rate = 0.03303257784168972

	---- Iter = 17/100 ----
	Updating Gamma...
	Updating Pi...
	Updating IDP parameters...
	Updating BM parameters...
	z has converged
	Objective function = -1786440.105385884 rate = 0.03280478684967331

	---- Iter = 18/100 ----
	Updating Gamma...
	Updating Pi...
	Updating IDP parameters...
	Updating BM parameters...
	z has converged
	Objective function = -1728603.4098219478 rate = 0.03237539024653894

	---- Iter = 19/100 ----
	Updating Gamma...
	Updating Pi...
	Updating IDP parameters...
	Updating BM parameters...
	z has converged
	Objective function = -1673733.6442010566 rate = 0.03174225233452653

	---- Iter = 20/100 ----
	Updating Gamma...
	Updating Pi...
	Updating IDP parameters...
	Updating BM parameters...
	z has converged
	Objective function = -1622001.8222390513 rate = 0.030908037333920595

	---- Iter = 21/100 ----
	Updating Gamma...
	Updating Pi...
	Updating IDP parameters...
	Updating BM parameters...
	z has converged
	Objective function = -1573535.6449006216 rate = 0.02988047033851406

	---- Iter = 22/100 ----
	Updating Gamma...
	Updating Pi...
	Updating IDP parameters...
	Updating BM parameters...
	z has converged
	Objective function = -1528418.643366862 rate = 0.028672373377731104

	---- Iter = 23/100 ----
	Updating Gamma...
	Updating Pi...
	Updating IDP parameters...
	Updating BM parameters...
	z has converged
	Objective function = -1486690.6251428968 rate = 0.027301432369370444

	---- Iter = 24/100 ----
	Updating Gamma...
	Updating Pi...
	Updating IDP parameters...
	Updating BM parameters...
	z has converged
	Objective function = -1448349.3579012274 rate = 0.02578967445764588

	---- Iter = 25/100 ----
	Updating Gamma...
	Updating Pi...
	Updating IDP parameters...
	Updating BM parameters...
	z has converged
	Objective function = -1413353.3762441885 rate = 0.024162665910765376

	---- Iter = 26/100 ----
	Updating Gamma...
	Updating Pi...
	Updating IDP parameters...
	Updating BM parameters...
	z has converged
	Objective function = -1381625.7484456378 rate = 0.022448474905025523

	---- Iter = 27/100 ----
	Updating Gamma...
	Updating Pi...
	Updating IDP parameters...
	Updating BM parameters...
	z has converged
	Objective function = -1353058.5975035753 rate = 0.020676475503008846

	---- Iter = 28/100 ----
	Updating Gamma...
	Updating Pi...
	Updating IDP parameters...
	Updating BM parameters...
	z has converged
	Objective function = -1327518.1372566011 rate = 0.018876093240970407

	---- Iter = 29/100 ----
	Updating Gamma...
	Updating Pi...
	Updating IDP parameters...
	Updating BM parameters...
	z has converged
	Objective function = -1304849.9617324243 rate = 0.017075605137133562

	---- Iter = 30/100 ----
	Updating Gamma...
	Updating Pi...
	Updating IDP parameters...
	Updating BM parameters...
	z has converged
	Objective function = -1284884.3109366696 rate = 0.015301108465563911

	---- Iter = 31/100 ----
	Updating Gamma...
	Updating Pi...
	Updating IDP parameters...
	Updating BM parameters...
	z has converged
	Objective function = -1267441.0145649165 rate = 0.013575771937815229

	---- Iter = 32/100 ----
	Updating Gamma...
	Updating Pi...
	Updating IDP parameters...
	Updating BM parameters...
	z has converged
	Objective function = -1252333.747996919 rate = 0.011919502678539546

	---- Iter = 33/100 ----
	Updating Gamma...
	Updating Pi...
	Updating IDP parameters...
	Updating BM parameters...
	z has converged
	Objective function = -1239373.029758373 rate = 0.010349252552904876

	---- Iter = 34/100 ----
	Updating Gamma...
	Updating Pi...
	Updating IDP parameters...
	Updating BM parameters...
	z has converged
	Objective function = -1228366.8499855972 rate = 0.00888044156884841

	---- Iter = 35/100 ----
	Updating Gamma...
	Updating Pi...
	Updating IDP parameters...
	Updating BM parameters...
	z has converged
	Objective function = -1219116.7003403665 rate = 0.00753044552231216

	---- Iter = 36/100 ----
	Updating Gamma...
	Updating Pi...
	Updating IDP parameters...
	Updating BM parameters...
	z has converged
	Objective function = -1211405.876154464 rate = 0.006324927042464182

	---- Iter = 37/100 ----
	Updating Gamma...
	Updating Pi...
	Updating IDP parameters...
	Updating BM parameters...
	z has converged
	Objective function = -1204983.3911234664 rate = 0.0053016789479223446

	---- Iter = 38/100 ----
	Updating Gamma...
	Updating Pi...
	Updating IDP parameters...
	Updating BM parameters...
	z has converged
	Objective function = -1199578.7378318328 rate = 0.004485251275201857

	---- Iter = 39/100 ----
	Updating Gamma...
	Updating Pi...
	Updating IDP parameters...
	Updating BM parameters...
	z has converged
	Objective function = -1195008.3802594037 rate = 0.0038099688067910944

	---- Iter = 40/100 ----
	Updating Gamma...
	Updating Pi...
	Updating IDP parameters...
	Updating BM parameters...
	z has converged
	Objective function = -1191293.725770262 rate = 0.0031084756814302055

	---- Iter = 41/100 ----
	Updating Gamma...
	Updating Pi...
	Updating IDP parameters...
	Updating BM parameters...
	z has converged
	Objective function = -1188562.1047079396 rate = 0.002292987030177061

	---- Iter = 42/100 ----
	Updating Gamma...
	Updating Pi...
	Updating IDP parameters...
	Updating BM parameters...
	z has converged
	Objective function = -1186830.0365409665 rate = 0.0014572803222585354

	---- Iter = 43/100 ----
	Updating Gamma...
	Updating Pi...
	Updating IDP parameters...
	Updating BM parameters...
	z has converged
	Objective function = -1185973.5689814782 rate = 7.216429759263969E-4

	---- Iter = 44/100 ----
	Updating Gamma...
	Updating Pi...
	Updating IDP parameters...
	Updating BM parameters...
	z has converged
	Objective function = -1185838.9501039698 rate = 1.1350917172973448E-4

	---- Iter = 45/100 ----
	Updating Gamma...
	Updating Pi...
	Updating IDP parameters...
	Updating BM parameters...
	z has converged
	Objective function = -1186312.7321856949 rate = -3.9953324326506265E-4
	Final Block Assignments:
	2393	606
Objective function = -1186312.7321856949
Optimal parameter updated!

------ Initialization #2/10 ------
Objective at init = -3629580.1687804246

	---- Iter = 0/100 ----
	Updating Gamma...
	Updating Pi...
	Updating IDP parameters...
	Updating BM parameters...
	2531	468

	---- Iter = 1/100 ----
	Updating Gamma...
	Updating Pi...
	Updating IDP parameters...
	Updating BM parameters...
	z has converged
	Objective function = -2875392.4517516284 rate = 0.04414491370865867

	---- Iter = 2/100 ----
	Updating Gamma...
	Updating Pi...
	Updating IDP parameters...
	Updating BM parameters...
	z has converged
	Objective function = -2779465.3504916197 rate = 0.03336139426865783

	---- Iter = 3/100 ----
	Updating Gamma...
	Updating Pi...
	Updating IDP parameters...
	Updating BM parameters...
	z has converged
	Objective function = -2703508.258903943 rate = 0.027327950526255602

	---- Iter = 4/100 ----
	Updating Gamma...
	Updating Pi...
	Updating IDP parameters...
	Updating BM parameters...
	z has converged
	Objective function = -2634065.668962803 rate = 0.025686102386568346

	---- Iter = 5/100 ----
	Updating Gamma...
	Updating Pi...
	Updating IDP parameters...
	Updating BM parameters...
	z has converged
	Objective function = -2565660.105322964 rate = 0.025969574124845088

	---- Iter = 6/100 ----
	Updating Gamma...
	Updating Pi...
	Updating IDP parameters...
	Updating BM parameters...
	z has converged
	Objective function = -2496899.897161815 rate = 0.026800201639528426

	---- Iter = 7/100 ----
	Updating Gamma...
	Updating Pi...
	Updating IDP parameters...
	Updating BM parameters...
	z has converged
	Objective function = -2427600.6245006016 rate = 0.0277541253215576

	---- Iter = 8/100 ----
	Updating Gamma...
	Updating Pi...
	Updating IDP parameters...
	Updating BM parameters...
	z has converged
	Objective function = -2357905.2352627334 rate = 0.028709577899456034

	---- Iter = 9/100 ----
	Updating Gamma...
	Updating Pi...
	Updating IDP parameters...
	Updating BM parameters...
	z has converged
	Objective function = -2288069.7317090095 rate = 0.029617604011105383

	---- Iter = 10/100 ----
	Updating Gamma...
	Updating Pi...
	Updating IDP parameters...
	Updating BM parameters...
	z has converged
	Objective function = -2218399.732227966 rate = 0.03044924659223793

	---- Iter = 11/100 ----
	Updating Gamma...
	Updating Pi...
	Updating IDP parameters...
	Updating BM parameters...
	z has converged
	Objective function = -2149226.5395560795 rate = 0.03118157276480337

	---- Iter = 12/100 ----
	Updating Gamma...
	Updating Pi...
	Updating IDP parameters...
	Updating BM parameters...
	z has converged
	Objective function = -2080894.365475844 rate = 0.031793844354048216

	---- Iter = 13/100 ----
	Updating Gamma...
	Updating Pi...
	Updating IDP parameters...
	Updating BM parameters...
	z has converged
	Objective function = -2013751.0372389748 rate = 0.03226657217725477

	---- Iter = 14/100 ----
	Updating Gamma...
	Updating Pi...
	Updating IDP parameters...
	Updating BM parameters...
	z has converged
	Objective function = -1948139.8273681 rate = 0.03258158960942534

	---- Iter = 15/100 ----
	Updating Gamma...
	Updating Pi...
	Updating IDP parameters...
	Updating BM parameters...
	z has converged
	Objective function = -1884391.7712402148 rate = 0.032722525987268346

	---- Iter = 16/100 ----
	Updating Gamma...
	Updating Pi...
	Updating IDP parameters...
	Updating BM parameters...
	z has converged
	Objective function = -1822818.4267656975 rate = 0.03267544754453725

	---- Iter = 17/100 ----
	Updating Gamma...
	Updating Pi...
	Updating IDP parameters...
	Updating BM parameters...
	z has converged
	Objective function = -1763705.2305196826 rate = 0.032429558192969284

	---- Iter = 18/100 ----
	Updating Gamma...
	Updating Pi...
	Updating IDP parameters...
	Updating BM parameters...
	z has converged
	Objective function = -1707305.655461068 rate = 0.03197789181698817

	---- Iter = 19/100 ----
	Updating Gamma...
	Updating Pi...
	Updating IDP parameters...
	Updating BM parameters...
	z has converged
	Objective function = -1653836.3657412755 rate = 0.03131793627506778

	---- Iter = 20/100 ----
	Updating Gamma...
	Updating Pi...
	Updating IDP parameters...
	Updating BM parameters...
	z has converged
	Objective function = -1603473.528677621 rate = 0.03045212821951774

	---- Iter = 21/100 ----
	Updating Gamma...
	Updating Pi...
	Updating IDP parameters...
	Updating BM parameters...
	z has converged
	Objective function = -1556350.396484967 rate = 0.029388157241059115

	---- Iter = 22/100 ----
	Updating Gamma...
	Updating Pi...
	Updating IDP parameters...
	Updating BM parameters...
	z has converged
	Objective function = -1512556.2164725398 rate = 0.028139023263229708

	---- Iter = 23/100 ----
	Updating Gamma...
	Updating Pi...
	Updating IDP parameters...
	Updating BM parameters...
	z has converged
	Objective function = -1472136.4704599355 rate = 0.026722805785604428

	---- Iter = 24/100 ----
	Updating Gamma...
	Updating Pi...
	Updating IDP parameters...
	Updating BM parameters...
	z has converged
	Objective function = -1435094.3838102282 rate = 0.025162128235389977

	---- Iter = 25/100 ----
	Updating Gamma...
	Updating Pi...
	Updating IDP parameters...
	Updating BM parameters...
	z has converged
	Objective function = -1401393.5838515705 rate = 0.02348333345795755

	---- Iter = 26/100 ----
	Updating Gamma...
	Updating Pi...
	Updating IDP parameters...
	Updating BM parameters...
	z has converged
	Objective function = -1370961.7295701718 rate = 0.021715422870540207

	---- Iter = 27/100 ----
	Updating Gamma...
	Updating Pi...
	Updating IDP parameters...
	Updating BM parameters...
	z has converged
	Objective function = -1343694.8831583248 rate = 0.019888845781563743

	---- Iter = 28/100 ----
	Updating Gamma...
	Updating Pi...
	Updating IDP parameters...
	Updating BM parameters...
	z has converged
	Objective function = -1319462.3537167106 rate = 0.018034249996290937

	---- Iter = 29/100 ----
	Updating Gamma...
	Updating Pi...
	Updating IDP parameters...
	Updating BM parameters...
	z has converged
	Objective function = -1298111.7200740147 rate = 0.016181313231525392

	---- Iter = 30/100 ----
	Updating Gamma...
	Updating Pi...
	Updating IDP parameters...
	Updating BM parameters...
	z has converged
	Objective function = -1279473.7453448796 rate = 0.014357758612696664

	---- Iter = 31/100 ----
	Updating Gamma...
	Updating Pi...
	Updating IDP parameters...
	Updating BM parameters...
	z has converged
	Objective function = -1263366.9597409177 rate = 0.012588601886176536

	---- Iter = 32/100 ----
	Updating Gamma...
	Updating Pi...
	Updating IDP parameters...
	Updating BM parameters...
	z has converged
	Objective function = -1249601.8730999117 rate = 0.0108955569360693

	---- Iter = 33/100 ----
	Updating Gamma...
	Updating Pi...
	Updating IDP parameters...
	Updating BM parameters...
	z has converged
	Objective function = -1237985.1665302704 rate = 0.00929632614972285

	---- Iter = 34/100 ----
	Updating Gamma...
	Updating Pi...
	Updating IDP parameters...
	Updating BM parameters...
	z has converged
	Objective function = -1228324.7417937948 rate = 0.00780334449689011

	---- Iter = 35/100 ----
	Updating Gamma...
	Updating Pi...
	Updating IDP parameters...
	Updating BM parameters...
	z has converged
	Objective function = -1220436.5463186172 rate = 0.006421913690070275

	---- Iter = 36/100 ----
	Updating Gamma...
	Updating Pi...
	Updating IDP parameters...
	Updating BM parameters...
	z has converged
	Objective function = -1214152.349839402 rate = 0.005149138231046289

	---- Iter = 37/100 ----
	Updating Gamma...
	Updating Pi...
	Updating IDP parameters...
	Updating BM parameters...
	z has converged
	Objective function = -1209324.284967435 rate = 0.00397649016007378

	---- Iter = 38/100 ----
	Updating Gamma...
	Updating Pi...
	Updating IDP parameters...
	Updating BM parameters...
	z has converged
	Objective function = -1205821.6616541024 rate = 0.0028963474535922303

	---- Iter = 39/100 ----
	Updating Gamma...
	Updating Pi...
	Updating IDP parameters...
	Updating BM parameters...
	z has converged
	Objective function = -1203522.2797871768 rate = 0.0019069004480906572

	---- Iter = 40/100 ----
	Updating Gamma...
	Updating Pi...
	Updating IDP parameters...
	Updating BM parameters...
	z has converged
	Objective function = -1202306.6596499246 rate = 0.0010100520427981682

	---- Iter = 41/100 ----
	Updating Gamma...
	Updating Pi...
	Updating IDP parameters...
	Updating BM parameters...
	z has converged
	Objective function = -1202059.6197639485 rate = 2.0547161075199361E-4

	---- Iter = 42/100 ----
	Updating Gamma...
	Updating Pi...
	Updating IDP parameters...
	Updating BM parameters...
	z has converged
	Objective function = -1202675.574644389 rate = -5.124162481737506E-4
	Final Block Assignments:
	2531	468
Objective function = -1202675.574644389

------ Initialization #3/10 ------
Objective at init = -3628649.628812976

	---- Iter = 0/100 ----
	Updating Gamma...
	Updating Pi...
	Updating IDP parameters...
	Updating BM parameters...
	421	2578

	---- Iter = 1/100 ----
	Updating Gamma...
	Updating Pi...
	Updating IDP parameters...
	Updating BM parameters...
	z has converged
	Objective function = -2865247.8884557863 rate = 0.046676573383542884

	---- Iter = 2/100 ----
	Updating Gamma...
	Updating Pi...
	Updating IDP parameters...
	Updating BM parameters...
	z has converged
	Objective function = -2768081.366396679 rate = 0.03391208224970535

	---- Iter = 3/100 ----
	Updating Gamma...
	Updating Pi...
	Updating IDP parameters...
	Updating BM parameters...
	z has converged
	Objective function = -2693310.378113404 rate = 0.027011846252412555

	---- Iter = 4/100 ----
	Updating Gamma...
	Updating Pi...
	Updating IDP parameters...
	Updating BM parameters...
	z has converged
	Objective function = -2624761.6407500417 rate = 0.025451480794938638

	---- Iter = 5/100 ----
	Updating Gamma...
	Updating Pi...
	Updating IDP parameters...
	Updating BM parameters...
	z has converged
	Objective function = -2556999.8016755716 rate = 0.02581637815123919

	---- Iter = 6/100 ----
	Updating Gamma...
	Updating Pi...
	Updating IDP parameters...
	Updating BM parameters...
	z has converged
	Objective function = -2488801.269760647 rate = 0.02667130903578289

	---- Iter = 7/100 ----
	Updating Gamma...
	Updating Pi...
	Updating IDP parameters...
	Updating BM parameters...
	z has converged
	Objective function = -2420046.326103997 rate = 0.02762572668699346

	---- Iter = 8/100 ----
	Updating Gamma...
	Updating Pi...
	Updating IDP parameters...
	Updating BM parameters...
	z has converged
	Objective function = -2350900.4884583685 rate = 0.02857211322766103

	---- Iter = 9/100 ----
	Updating Gamma...
	Updating Pi...
	Updating IDP parameters...
	Updating BM parameters...
	z has converged
	Objective function = -2281627.9311966808 rate = 0.029466392814914096

	---- Iter = 10/100 ----
	Updating Gamma...
	Updating Pi...
	Updating IDP parameters...
	Updating BM parameters...
	z has converged
	Objective function = -2212536.565430391 rate = 0.03028160938144381

	---- Iter = 11/100 ----
	Updating Gamma...
	Updating Pi...
	Updating IDP parameters...
	Updating BM parameters...
	z has converged
	Objective function = -2143957.060708407 rate = 0.030995874054015427

	---- Iter = 12/100 ----
	Updating Gamma...
	Updating Pi...
	Updating IDP parameters...
	Updating BM parameters...
	z has converged
	Objective function = -2076231.3181639104 rate = 0.03158913197735335

	---- Iter = 13/100 ----
	Updating Gamma...
	Updating Pi...
	Updating IDP parameters...
	Updating BM parameters...
	z has converged
	Objective function = -2009703.7800706015 rate = 0.03204244994827538

	---- Iter = 14/100 ----
	Updating Gamma...
	Updating Pi...
	Updating IDP parameters...
	Updating BM parameters...
	z has converged
	Objective function = -1944713.5990838832 rate = 0.03233818915563524

	---- Iter = 15/100 ----
	Updating Gamma...
	Updating Pi...
	Updating IDP parameters...
	Updating BM parameters...
	z has converged
	Objective function = -1881587.189285881 rate = 0.032460517490976545

	---- Iter = 16/100 ----
	Updating Gamma...
	Updating Pi...
	Updating IDP parameters...
	Updating BM parameters...
	z has converged
	Objective function = -1820631.1793051423 rate = 0.03239605920354574

	---- Iter = 17/100 ----
	Updating Gamma...
	Updating Pi...
	Updating IDP parameters...
	Updating BM parameters...
	z has converged
	Objective function = -1762125.9467960838 rate = 0.03213458781442346

	---- Iter = 18/100 ----
	Updating Gamma...
	Updating Pi...
	Updating IDP parameters...
	Updating BM parameters...
	z has converged
	Objective function = -1706319.9468364588 rate = 0.03166969992189953

	---- Iter = 19/100 ----
	Updating Gamma...
	Updating Pi...
	Updating IDP parameters...
	Updating BM parameters...
	z has converged
	Objective function = -1653425.0309914334 rate = 0.030999412474250945

	---- Iter = 20/100 ----
	Updating Gamma...
	Updating Pi...
	Updating IDP parameters...
	Updating BM parameters...
	z has converged
	Objective function = -1603612.9172485305 rate = 0.030126623710924668

	---- Iter = 21/100 ----
	Updating Gamma...
	Updating Pi...
	Updating IDP parameters...
	Updating BM parameters...
	z has converged
	Objective function = -1557012.924694876 rate = 0.029059377142964513

	---- Iter = 22/100 ----
	Updating Gamma...
	Updating Pi...
	Updating IDP parameters...
	Updating BM parameters...
	z has converged
	Objective function = -1513711.034887689 rate = 0.027810873705928156

	---- Iter = 23/100 ----
	Updating Gamma...
	Updating Pi...
	Updating IDP parameters...
	Updating BM parameters...
	z has converged
	Objective function = -1473750.2865490294 rate = 0.026399192063513263

	---- Iter = 24/100 ----
	Updating Gamma...
	Updating Pi...
	Updating IDP parameters...
	Updating BM parameters...
	z has converged
	Objective function = -1437132.4534990932 rate = 0.02484670122486046

	---- Iter = 25/100 ----
	Updating Gamma...
	Updating Pi...
	Updating IDP parameters...
	Updating BM parameters...
	z has converged
	Objective function = -1403820.9007157693 rate = 0.02317918066787637

	---- Iter = 26/100 ----
	Updating Gamma...
	Updating Pi...
	Updating IDP parameters...
	Updating BM parameters...
	z has converged
	Objective function = -1373744.4643663256 rate = 0.021424696223078375

	---- Iter = 27/100 ----
	Updating Gamma...
	Updating Pi...
	Updating IDP parameters...
	Updating BM parameters...
	z has converged
	Objective function = -1346802.1641293566 rate = 0.01961230850120065

	---- Iter = 28/100 ----
	Updating Gamma...
	Updating Pi...
	Updating IDP parameters...
	Updating BM parameters...
	z has converged
	Objective function = -1322868.5361938756 rate = 0.017770707957655365

	---- Iter = 29/100 ----
	Updating Gamma...
	Updating Pi...
	Updating IDP parameters...
	Updating BM parameters...
	z has converged
	Objective function = -1301799.3787183855 rate = 0.0159268717178124

	---- Iter = 30/100 ----
	Updating Gamma...
	Updating Pi...
	Updating IDP parameters...
	Updating BM parameters...
	z has converged
	Objective function = -1283437.7323866854 rate = 0.014104820321681958

	---- Iter = 31/100 ----
	Updating Gamma...
	Updating Pi...
	Updating IDP parameters...
	Updating BM parameters...
	z has converged
	Objective function = -1267619.9762686407 rate = 0.012324521649079124

	---- Iter = 32/100 ----
	Updating Gamma...
	Updating Pi...
	Updating IDP parameters...
	Updating BM parameters...
	z has converged
	Objective function = -1254181.9929102794 rate = 0.010600955814783913

	---- Iter = 33/100 ----
	Updating Gamma...
	Updating Pi...
	Updating IDP parameters...
	Updating BM parameters...
	z has converged
	Objective function = -1242965.4206658138 rate = 0.008943337017969757

	---- Iter = 34/100 ----
	Updating Gamma...
	Updating Pi...
	Updating IDP parameters...
	Updating BM parameters...
	z has converged
	Objective function = -1233824.0324630204 rate = 0.007354499208752487

	---- Iter = 35/100 ----
	Updating Gamma...
	Updating Pi...
	Updating IDP parameters...
	Updating BM parameters...
	z has converged
	Objective function = -1226630.2547079313 rate = 0.005830473038143478

	---- Iter = 36/100 ----
	Updating Gamma...
	Updating Pi...
	Updating IDP parameters...
	Updating BM parameters...
	z has converged
	Objective function = -1221281.8453932933 rate = 0.004360245717167228

	---- Iter = 37/100 ----
	Updating Gamma...
	Updating Pi...
	Updating IDP parameters...
	Updating BM parameters...
	z has converged
	Objective function = -1217708.9224466602 rate = 0.0029255515097602

	---- Iter = 38/100 ----
	Updating Gamma...
	Updating Pi...
	Updating IDP parameters...
	Updating BM parameters...
	z has converged
	Objective function = -1215881.902293319 rate = 0.0015003751057931056

	---- Iter = 39/100 ----
	Updating Gamma...
	Updating Pi...
	Updating IDP parameters...
	Updating BM parameters...
	z has converged
	Objective function = -1215821.2614635231 rate = 4.987394719963726E-5

	---- Iter = 40/100 ----
	Updating Gamma...
	Updating Pi...
	Updating IDP parameters...
	Updating BM parameters...
	z has converged
	Objective function = -1217610.0713148115 rate = -0.0014712769943956087
	Final Block Assignments:
	421	2578
Objective function = -1217610.0713148115

------ Initialization #4/10 ------
Objective at init = -3636693.8956906535

	---- Iter = 0/100 ----
	Updating Gamma...
	Updating Pi...
	Updating IDP parameters...
	Updating BM parameters...
	432	2567

	---- Iter = 1/100 ----
	Updating Gamma...
	Updating Pi...
	Updating IDP parameters...
	Updating BM parameters...
	z has converged
	Objective function = -2874388.6977866315 rate = 0.04636368757463469

	---- Iter = 2/100 ----
	Updating Gamma...
	Updating Pi...
	Updating IDP parameters...
	Updating BM parameters...
	z has converged
	Objective function = -2777601.930353473 rate = 0.033672122182948815

	---- Iter = 3/100 ----
	Updating Gamma...
	Updating Pi...
	Updating IDP parameters...
	Updating BM parameters...
	z has converged
	Objective function = -2702840.8396319686 rate = 0.02691569655987038

	---- Iter = 4/100 ----
	Updating Gamma...
	Updating Pi...
	Updating IDP parameters...
	Updating BM parameters...
	z has converged
	Objective function = -2634335.2994691576 rate = 0.025345754421906355

	---- Iter = 5/100 ----
	Updating Gamma...
	Updating Pi...
	Updating IDP parameters...
	Updating BM parameters...
	z has converged
	Objective function = -2566628.7395498087 rate = 0.02570157258758686

	---- Iter = 6/100 ----
	Updating Gamma...
	Updating Pi...
	Updating IDP parameters...
	Updating BM parameters...
	z has converged
	Objective function = -2498472.7061270857 rate = 0.026554691129453196

	---- Iter = 7/100 ----
	Updating Gamma...
	Updating Pi...
	Updating IDP parameters...
	Updating BM parameters...
	z has converged
	Objective function = -2429734.0253302394 rate = 0.02751228005344072

	---- Iter = 8/100 ----
	Updating Gamma...
	Updating Pi...
	Updating IDP parameters...
	Updating BM parameters...
	z has converged
	Objective function = -2360569.9850202147 rate = 0.028465683728746506

	---- Iter = 9/100 ----
	Updating Gamma...
	Updating Pi...
	Updating IDP parameters...
	Updating BM parameters...
	z has converged
	Objective function = -2291238.6675156206 rate = 0.029370583352562787

	---- Iter = 10/100 ----
	Updating Gamma...
	Updating Pi...
	Updating IDP parameters...
	Updating BM parameters...
	z has converged
	Objective function = -2222042.998286543 rate = 0.03020011411735914

	---- Iter = 11/100 ----
	Updating Gamma...
	Updating Pi...
	Updating IDP parameters...
	Updating BM parameters...
	z has converged
	Objective function = -2153309.5131201325 rate = 0.030932563059946214

	---- Iter = 12/100 ----
	Updating Gamma...
	Updating Pi...
	Updating IDP parameters...
	Updating BM parameters...
	z has converged
	Objective function = -2085376.8446421311 rate = 0.03154802784462107

	---- Iter = 13/100 ----
	Updating Gamma...
	Updating Pi...
	Updating IDP parameters...
	Updating BM parameters...
	z has converged
	Objective function = -2018587.1520085612 rate = 0.03202763702165861

	---- Iter = 14/100 ----
	Updating Gamma...
	Updating Pi...
	Updating IDP parameters...
	Updating BM parameters...
	z has converged
	Objective function = -1953278.4383849143 rate = 0.03235367546982677

	---- Iter = 15/100 ----
	Updating Gamma...
	Updating Pi...
	Updating IDP parameters...
	Updating BM parameters...
	z has converged
	Objective function = -1889777.23558398 rate = 0.032510061828891504

	---- Iter = 16/100 ----
	Updating Gamma...
	Updating Pi...
	Updating IDP parameters...
	Updating BM parameters...
	z has converged
	Objective function = -1828391.6488938597 rate = 0.032482974995278205

	---- Iter = 17/100 ----
	Updating Gamma...
	Updating Pi...
	Updating IDP parameters...
	Updating BM parameters...
	z has converged
	Objective function = -1769404.922910144 rate = 0.032261537630300055

	---- Iter = 18/100 ----
	Updating Gamma...
	Updating Pi...
	Updating IDP parameters...
	Updating BM parameters...
	z has converged
	Objective function = -1713069.7292303643 rate = 0.031838497197761356

	---- Iter = 19/100 ----
	Updating Gamma...
	Updating Pi...
	Updating IDP parameters...
	Updating BM parameters...
	z has converged
	Objective function = -1659603.367992728 rate = 0.031210849345669825

	---- Iter = 20/100 ----
	Updating Gamma...
	Updating Pi...
	Updating IDP parameters...
	Updating BM parameters...
	z has converged
	Objective function = -1609184.0464748149 rate = 0.030380344177593922

	---- Iter = 21/100 ----
	Updating Gamma...
	Updating Pi...
	Updating IDP parameters...
	Updating BM parameters...
	z has converged
	Objective function = -1561948.3600044493 rate = 0.02935381230869349

	---- Iter = 22/100 ----
	Updating Gamma...
	Updating Pi...
	Updating IDP parameters...
	Updating BM parameters...
	z has converged
	Objective function = -1517990.0566064417 rate = 0.028143250137848547

	---- Iter = 23/100 ----
	Updating Gamma...
	Updating Pi...
	Updating IDP parameters...
	Updating BM parameters...
	z has converged
	Objective function = -1477360.1181656453 rate = 0.02676561566656578

	---- Iter = 24/100 ----
	Updating Gamma...
	Updating Pi...
	Updating IDP parameters...
	Updating BM parameters...
	z has converged
	Objective function = -1440068.1383674657 rate = 0.02524230845251389

	---- Iter = 25/100 ----
	Updating Gamma...
	Updating Pi...
	Updating IDP parameters...
	Updating BM parameters...
	z has converged
	Objective function = -1406084.9236987934 rate = 0.023598337997532113

	---- Iter = 26/100 ----
	Updating Gamma...
	Updating Pi...
	Updating IDP parameters...
	Updating BM parameters...
	z has converged
	Objective function = -1375346.1928321386 rate = 0.021861219296623026

	---- Iter = 27/100 ----
	Updating Gamma...
	Updating Pi...
	Updating IDP parameters...
	Updating BM parameters...
	z has converged
	Objective function = -1347757.2084784568 rate = 0.020059665339146385

	---- Iter = 28/100 ----
	Updating Gamma...
	Updating Pi...
	Updating IDP parameters...
	Updating BM parameters...
	z has converged
	Objective function = -1323198.152705565 rate = 0.018222166142681993

	---- Iter = 29/100 ----
	Updating Gamma...
	Updating Pi...
	Updating IDP parameters...
	Updating BM parameters...
	z has converged
	Objective function = -1301530.0611702672 rate = 0.016375545484999973

	---- Iter = 30/100 ----
	Updating Gamma...
	Updating Pi...
	Updating IDP parameters...
	Updating BM parameters...
	z has converged
	Objective function = -1282601.1719469617 rate = 0.01454356667435376

	---- Iter = 31/100 ----
	Updating Gamma...
	Updating Pi...
	Updating IDP parameters...
	Updating BM parameters...
	z has converged
	Objective function = -1266253.622283954 rate = 0.012745621959936686

	---- Iter = 32/100 ----
	Updating Gamma...
	Updating Pi...
	Updating IDP parameters...
	Updating BM parameters...
	z has converged
	Objective function = -1252330.524628183 rate = 0.010995504700438771

	---- Iter = 33/100 ----
	Updating Gamma...
	Updating Pi...
	Updating IDP parameters...
	Updating BM parameters...
	z has converged
	Objective function = -1240683.5227955715 rate = 0.009300261874611433

	---- Iter = 34/100 ----
	Updating Gamma...
	Updating Pi...
	Updating IDP parameters...
	Updating BM parameters...
	z has converged
	Objective function = -1231180.9035496337 rate = 0.007659180662386815

	---- Iter = 35/100 ----
	Updating Gamma...
	Updating Pi...
	Updating IDP parameters...
	Updating BM parameters...
	z has converged
	Objective function = -1223716.2196443588 rate = 0.006063027686470212

	---- Iter = 36/100 ----
	Updating Gamma...
	Updating Pi...
	Updating IDP parameters...
	Updating BM parameters...
	z has converged
	Objective function = -1218217.3501777665 rate = 0.004493582236076292

	---- Iter = 37/100 ----
	Updating Gamma...
	Updating Pi...
	Updating IDP parameters...
	Updating BM parameters...
	z has converged
	Objective function = -1214656.2573937592 rate = 0.002923199857141803

	---- Iter = 38/100 ----
	Updating Gamma...
	Updating Pi...
	Updating IDP parameters...
	Updating BM parameters...
	z has converged
	Objective function = -1213060.3559358502 rate = 0.001313870857038429

	---- Iter = 39/100 ----
	Updating Gamma...
	Updating Pi...
	Updating IDP parameters...
	Updating BM parameters...
	z has converged
	Objective function = -1213526.8362883346 rate = -3.8454834518477743E-4
	Final Block Assignments:
	432	2567
Objective function = -1213526.8362883346

------ Initialization #5/10 ------
Objective at init = -3627109.23596555

	---- Iter = 0/100 ----
	Updating Gamma...
	Updating Pi...
	Updating IDP parameters...
	Updating BM parameters...
	499	2500

	---- Iter = 1/100 ----
	Updating Gamma...
	Updating Pi...
	Updating IDP parameters...
	Updating BM parameters...
	z has converged
	Objective function = -2880960.4938501604 rate = 0.043485738705341254

	---- Iter = 2/100 ----
	Updating Gamma...
	Updating Pi...
	Updating IDP parameters...
	Updating BM parameters...
	z has converged
	Objective function = -2785366.4385140236 rate = 0.03318131419719104

	---- Iter = 3/100 ----
	Updating Gamma...
	Updating Pi...
	Updating IDP parameters...
	Updating BM parameters...
	z has converged
	Objective function = -2708616.440307091 rate = 0.027554722116878178

	---- Iter = 4/100 ----
	Updating Gamma...
	Updating Pi...
	Updating IDP parameters...
	Updating BM parameters...
	z has converged
	Objective function = -2638591.777629435 rate = 0.02585255765106293

	---- Iter = 5/100 ----
	Updating Gamma...
	Updating Pi...
	Updating IDP parameters...
	Updating BM parameters...
	z has converged
	Objective function = -2569751.864352591 rate = 0.026089641399053922

	---- Iter = 6/100 ----
	Updating Gamma...
	Updating Pi...
	Updating IDP parameters...
	Updating BM parameters...
	z has converged
	Objective function = -2500627.089657374 rate = 0.026899396651525184

	---- Iter = 7/100 ----
	Updating Gamma...
	Updating Pi...
	Updating IDP parameters...
	Updating BM parameters...
	z has converged
	Objective function = -2430998.086250799 rate = 0.027844616934112994

	---- Iter = 8/100 ----
	Updating Gamma...
	Updating Pi...
	Updating IDP parameters...
	Updating BM parameters...
	z has converged
	Objective function = -2360996.256859039 rate = 0.028795509872128276

	---- Iter = 9/100 ----
	Updating Gamma...
	Updating Pi...
	Updating IDP parameters...
	Updating BM parameters...
	z has converged
	Objective function = -2290873.4309145994 rate = 0.029700523980384322

	---- Iter = 10/100 ----
	Updating Gamma...
	Updating Pi...
	Updating IDP parameters...
	Updating BM parameters...
	z has converged
	Objective function = -2220933.6707521235 rate = 0.030529735610296684

	---- Iter = 11/100 ----
	Updating Gamma...
	Updating Pi...
	Updating IDP parameters...
	Updating BM parameters...
	z has converged
	Objective function = -2151507.55129207 rate = 0.03125987974082179

	---- Iter = 12/100 ----
	Updating Gamma...
	Updating Pi...
	Updating IDP parameters...
	Updating BM parameters...
	z has converged
	Objective function = -2082938.6379364147 rate = 0.03187017090155087

	---- Iter = 13/100 ----
	Updating Gamma...
	Updating Pi...
	Updating IDP parameters...
	Updating BM parameters...
	z has converged
	Objective function = -2015573.8593410929 rate = 0.03234122089264266

	---- Iter = 14/100 ----
	Updating Gamma...
	Updating Pi...
	Updating IDP parameters...
	Updating BM parameters...
	z has converged
	Objective function = -1949755.207556825 rate = 0.03265504336605388

	---- Iter = 15/100 ----
	Updating Gamma...
	Updating Pi...
	Updating IDP parameters...
	Updating BM parameters...
	z has converged
	Objective function = -1885812.0388911841 rate = 0.03279548551418712

	---- Iter = 16/100 ----
	Updating Gamma...
	Updating Pi...
	Updating IDP parameters...
	Updating BM parameters...
	z has converged
	Objective function = -1824053.885172561 rate = 0.03274883840222779

	---- Iter = 17/100 ----
	Updating Gamma...
	Updating Pi...
	Updating IDP parameters...
	Updating BM parameters...
	z has converged
	Objective function = -1764763.903967253 rate = 0.03250451189368186

	---- Iter = 18/100 ----
	Updating Gamma...
	Updating Pi...
	Updating IDP parameters...
	Updating BM parameters...
	z has converged
	Objective function = -1708193.1545741078 rate = 0.032055704032687884

	---- Iter = 19/100 ----
	Updating Gamma...
	Updating Pi...
	Updating IDP parameters...
	Updating BM parameters...
	z has converged
	Objective function = -1654555.8800212794 rate = 0.03140000556096446

	---- Iter = 20/100 ----
	Updating Gamma...
	Updating Pi...
	Updating IDP parameters...
	Updating BM parameters...
	z has converged
	Objective function = -1604025.941600876 rate = 0.030539880236473877

	---- Iter = 21/100 ----
	Updating Gamma...
	Updating Pi...
	Updating IDP parameters...
	Updating BM parameters...
	z has converged
	Objective function = -1556734.506978234 rate = 0.029482961214108122

	---- Iter = 22/100 ----
	Updating Gamma...
	Updating Pi...
	Updating IDP parameters...
	Updating BM parameters...
	z has converged
	Objective function = -1512769.0415924187 rate = 0.028242108843052758

	---- Iter = 23/100 ----
	Updating Gamma...
	Updating Pi...
	Updating IDP parameters...
	Updating BM parameters...
	z has converged
	Objective function = -1472173.5981630762 rate = 0.026835189188304392

	---- Iter = 24/100 ----
	Updating Gamma...
	Updating Pi...
	Updating IDP parameters...
	Updating BM parameters...
	z has converged
	Objective function = -1434950.3417209878 rate = 0.02528455644669501

	---- Iter = 25/100 ----
	Updating Gamma...
	Updating Pi...
	Updating IDP parameters...
	Updating BM parameters...
	z has converged
	Objective function = -1401062.1890536214 rate = 0.023616254641065242

	---- Iter = 26/100 ----
	Updating Gamma...
	Updating Pi...
	Updating IDP parameters...
	Updating BM parameters...
	z has converged
	Objective function = -1370436.3836474223 rate = 0.02185899073251413

	---- Iter = 27/100 ----
	Updating Gamma...
	Updating Pi...
	Updating IDP parameters...
	Updating BM parameters...
	z has converged
	Objective function = -1342968.7721089255 rate = 0.020042967237480686

	---- Iter = 28/100 ----
	Updating Gamma...
	Updating Pi...
	Updating IDP parameters...
	Updating BM parameters...
	z has converged
	Objective function = -1318528.4973263827 rate = 0.018198691801420783

	---- Iter = 29/100 ----
	Updating Gamma...
	Updating Pi...
	Updating IDP parameters...
	Updating BM parameters...
	z has converged
	Objective function = -1296962.7792659365 rate = 0.01635589833983537

	---- Iter = 30/100 ----
	Updating Gamma...
	Updating Pi...
	Updating IDP parameters...
	Updating BM parameters...
	z has converged
	Objective function = -1278101.4267086892 rate = 0.014542709211688052

	---- Iter = 31/100 ----
	Updating Gamma...
	Updating Pi...
	Updating IDP parameters...
	Updating BM parameters...
	z has converged
	Objective function = -1261760.7584821708 rate = 0.012785110700172058

	---- Iter = 32/100 ----
	Updating Gamma...
	Updating Pi...
	Updating IDP parameters...
	Updating BM parameters...
	z has converged
	Objective function = -1247746.8592281772 rate = 0.011106621568142192

	---- Iter = 33/100 ----
	Updating Gamma...
	Updating Pi...
	Updating IDP parameters...
	Updating BM parameters...
	z has converged
	Objective function = -1235858.8754299793 rate = 0.009527560586729527

	---- Iter = 34/100 ----
	Updating Gamma...
	Updating Pi...
	Updating IDP parameters...
	Updating BM parameters...
	z has converged
	Objective function = -1225894.607337592 rate = 0.0080626261545604

	---- Iter = 35/100 ----
	Updating Gamma...
	Updating Pi...
	Updating IDP parameters...
	Updating BM parameters...
	z has converged
	Objective function = -1217661.6494199247 rate = 0.0067158774240369925

	---- Iter = 36/100 ----
	Updating Gamma...
	Updating Pi...
	Updating IDP parameters...
	Updating BM parameters...
	z has converged
	Objective function = -1210993.1528608946 rate = 0.005476477445279576

	---- Iter = 37/100 ----
	Updating Gamma...
	Updating Pi...
	Updating IDP parameters...
	Updating BM parameters...
	z has converged
	Objective function = -1205756.4323542945 rate = 0.004324318840472949

	---- Iter = 38/100 ----
	Updating Gamma...
	Updating Pi...
	Updating IDP parameters...
	Updating BM parameters...
	z has converged
	Objective function = -1201841.350833969 rate = 0.003246992025314042

	---- Iter = 39/100 ----
	Updating Gamma...
	Updating Pi...
	Updating IDP parameters...
	Updating BM parameters...
	z has converged
	Objective function = -1199137.6917403964 rate = 0.0022495973297111393

	---- Iter = 40/100 ----
	Updating Gamma...
	Updating Pi...
	Updating IDP parameters...
	Updating BM parameters...
	z has converged
	Objective function = -1197525.613959695 rate = 0.001344364197544092

	---- Iter = 41/100 ----
	Updating Gamma...
	Updating Pi...
	Updating IDP parameters...
	Updating BM parameters...
	z has converged
	Objective function = -1196884.4160214197 rate = 5.354356773673748E-4

	---- Iter = 42/100 ----
	Updating Gamma...
	Updating Pi...
	Updating IDP parameters...
	Updating BM parameters...
	z has converged
	Objective function = -1197105.1594301981 rate = -1.8443168431603928E-4
	Final Block Assignments:
	499	2500
Objective function = -1197105.1594301981

------ Initialization #6/10 ------
Objective at init = -3634081.7039087275

	---- Iter = 0/100 ----
	Updating Gamma...
	Updating Pi...
	Updating IDP parameters...
	Updating BM parameters...
	784	2215

	---- Iter = 1/100 ----
	Updating Gamma...
	Updating Pi...
	Updating IDP parameters...
	Updating BM parameters...
	2403	596
	Objective function = -3003831.6291740034 rate = 0.04544125381464002

	---- Iter = 2/100 ----
	Updating Gamma...
	Updating Pi...
	Updating IDP parameters...
	Updating BM parameters...
	2411	588
	Objective function = -2893024.80000964 rate = 0.03688849537643134

	---- Iter = 3/100 ----
	Updating Gamma...
	Updating Pi...
	Updating IDP parameters...
	Updating BM parameters...
	z has converged
	Objective function = -2793290.6127688647 rate = 0.034474017381545735

	---- Iter = 4/100 ----
	Updating Gamma...
	Updating Pi...
	Updating IDP parameters...
	Updating BM parameters...
	z has converged
	Objective function = -2702518.723666352 rate = 0.032496400012075495

	---- Iter = 5/100 ----
	Updating Gamma...
	Updating Pi...
	Updating IDP parameters...
	Updating BM parameters...
	z has converged
	Objective function = -2622748.734070629 rate = 0.02951690543239011

	---- Iter = 6/100 ----
	Updating Gamma...
	Updating Pi...
	Updating IDP parameters...
	Updating BM parameters...
	z has converged
	Objective function = -2548699.95369719 rate = 0.028233272753700484

	---- Iter = 7/100 ----
	Updating Gamma...
	Updating Pi...
	Updating IDP parameters...
	Updating BM parameters...
	z has converged
	Objective function = -2476549.6984472526 rate = 0.028308650119946474

	---- Iter = 8/100 ----
	Updating Gamma...
	Updating Pi...
	Updating IDP parameters...
	Updating BM parameters...
	z has converged
	Objective function = -2404815.98342791 rate = 0.028965182917313592

	---- Iter = 9/100 ----
	Updating Gamma...
	Updating Pi...
	Updating IDP parameters...
	Updating BM parameters...
	z has converged
	Objective function = -2333193.727511583 rate = 0.02978284259997072

	---- Iter = 10/100 ----
	Updating Gamma...
	Updating Pi...
	Updating IDP parameters...
	Updating BM parameters...
	z has converged
	Objective function = -2261801.76341185 rate = 0.030598386776855533

	---- Iter = 11/100 ----
	Updating Gamma...
	Updating Pi...
	Updating IDP parameters...
	Updating BM parameters...
	z has converged
	Objective function = -2190906.2600217382 rate = 0.03134470250088077

	---- Iter = 12/100 ----
	Updating Gamma...
	Updating Pi...
	Updating IDP parameters...
	Updating BM parameters...
	z has converged
	Objective function = -2120828.079557461 rate = 0.0319859328274418

	---- Iter = 13/100 ----
	Updating Gamma...
	Updating Pi...
	Updating IDP parameters...
	Updating BM parameters...
	z has converged
	Objective function = -2051907.6685316733 rate = 0.03249693442392044

	---- Iter = 14/100 ----
	Updating Gamma...
	Updating Pi...
	Updating IDP parameters...
	Updating BM parameters...
	z has converged
	Objective function = -1984487.7152598384 rate = 0.03285720615298445

	---- Iter = 15/100 ----
	Updating Gamma...
	Updating Pi...
	Updating IDP parameters...
	Updating BM parameters...
	z has converged
	Objective function = -1918901.8587216802 rate = 0.03304926305858773

	---- Iter = 16/100 ----
	Updating Gamma...
	Updating Pi...
	Updating IDP parameters...
	Updating BM parameters...
	z has converged
	Objective function = -1855465.894438714 rate = 0.03305847247718313

	---- Iter = 17/100 ----
	Updating Gamma...
	Updating Pi...
	Updating IDP parameters...
	Updating BM parameters...
	z has converged
	Objective function = -1794470.3912121542 rate = 0.03287341654156959

	---- Iter = 18/100 ----
	Updating Gamma...
	Updating Pi...
	Updating IDP parameters...
	Updating BM parameters...
	z has converged
	Objective function = -1736174.4409670867 rate = 0.03248643751970123

	---- Iter = 19/100 ----
	Updating Gamma...
	Updating Pi...
	Updating IDP parameters...
	Updating BM parameters...
	z has converged
	Objective function = -1680800.5391257738 rate = 0.03189420402391618

	---- Iter = 20/100 ----
	Updating Gamma...
	Updating Pi...
	Updating IDP parameters...
	Updating BM parameters...
	z has converged
	Objective function = -1628530.674963845 rate = 0.031098195737797502

	---- Iter = 21/100 ----
	Updating Gamma...
	Updating Pi...
	Updating IDP parameters...
	Updating BM parameters...
	z has converged
	Objective function = -1579503.7155455616 rate = 0.03010502667956915

	---- Iter = 22/100 ----
	Updating Gamma...
	Updating Pi...
	Updating IDP parameters...
	Updating BM parameters...
	z has converged
	Objective function = -1533814.1367265498 rate = 0.02892654089340372

	---- Iter = 23/100 ----
	Updating Gamma...
	Updating Pi...
	Updating IDP parameters...
	Updating BM parameters...
	z has converged
	Objective function = -1491512.1080478542 rate = 0.027579631498883053

	---- Iter = 24/100 ----
	Updating Gamma...
	Updating Pi...
	Updating IDP parameters...
	Updating BM parameters...
	z has converged
	Objective function = -1452604.8835428592 rate = 0.02608575840253696

	---- Iter = 25/100 ----
	Updating Gamma...
	Updating Pi...
	Updating IDP parameters...
	Updating BM parameters...
	z has converged
	Objective function = -1417059.3927743991 rate = 0.024470171600804287

	---- Iter = 26/100 ----
	Updating Gamma...
	Updating Pi...
	Updating IDP parameters...
	Updating BM parameters...
	z has converged
	Objective function = -1384805.8707193409 rate = 0.022760882302830302

	---- Iter = 27/100 ----
	Updating Gamma...
	Updating Pi...
	Updating IDP parameters...
	Updating BM parameters...
	z has converged
	Objective function = -1355742.3164453197 rate = 0.02098745743973778

	---- Iter = 28/100 ----
	Updating Gamma...
	Updating Pi...
	Updating IDP parameters...
	Updating BM parameters...
	z has converged
	Objective function = -1329739.533593776 rate = 0.019179738314668515

	---- Iter = 29/100 ----
	Updating Gamma...
	Updating Pi...
	Updating IDP parameters...
	Updating BM parameters...
	z has converged
	Objective function = -1306646.4834143764 rate = 0.01736659668753917

	---- Iter = 30/100 ----
	Updating Gamma...
	Updating Pi...
	Updating IDP parameters...
	Updating BM parameters...
	z has converged
	Objective function = -1286295.6727979213 rate = 0.015574840536268595

	---- Iter = 31/100 ----
	Updating Gamma...
	Updating Pi...
	Updating IDP parameters...
	Updating BM parameters...
	z has converged
	Objective function = -1268508.297847341 rate = 0.013828371910705104

	---- Iter = 32/100 ----
	Updating Gamma...
	Updating Pi...
	Updating IDP parameters...
	Updating BM parameters...
	z has converged
	Objective function = -1253098.8475981809 rate = 0.01214769369290687

	---- Iter = 33/100 ----
	Updating Gamma...
	Updating Pi...
	Updating IDP parameters...
	Updating BM parameters...
	z has converged
	Objective function = -1239878.7954292202 rate = 0.010549887739741845

	---- Iter = 34/100 ----
	Updating Gamma...
	Updating Pi...
	Updating IDP parameters...
	Updating BM parameters...
	z has converged
	Objective function = -1228658.766226126 rate = 0.009049295176638565

	---- Iter = 35/100 ----
	Updating Gamma...
	Updating Pi...
	Updating IDP parameters...
	Updating BM parameters...
	z has converged
	Objective function = -1219247.988942146 rate = 0.007659390501795401

	---- Iter = 36/100 ----
	Updating Gamma...
	Updating Pi...
	Updating IDP parameters...
	Updating BM parameters...
	z has converged
	Objective function = -1211448.8956209489 rate = 0.006396642349981577

	---- Iter = 37/100 ----
	Updating Gamma...
	Updating Pi...
	Updating IDP parameters...
	Updating BM parameters...
	z has converged
	Objective function = -1205045.1555366956 rate = 0.005286017517867236

	---- Iter = 38/100 ----
	Updating Gamma...
	Updating Pi...
	Updating IDP parameters...
	Updating BM parameters...
	z has converged
	Objective function = -1199791.7770143638 rate = 0.004359486860882079

	---- Iter = 39/100 ----
	Updating Gamma...
	Updating Pi...
	Updating IDP parameters...
	Updating BM parameters...
	z has converged
	Objective function = -1195446.492925765 rate = 0.003621698507895988

	---- Iter = 40/100 ----
	Updating Gamma...
	Updating Pi...
	Updating IDP parameters...
	Updating BM parameters...
	z has converged
	Objective function = -1191877.3604030742 rate = 0.002985606251565159

	---- Iter = 41/100 ----
	Updating Gamma...
	Updating Pi...
	Updating IDP parameters...
	Updating BM parameters...
	z has converged
	Objective function = -1189131.4471759906 rate = 0.0023038555125797526

	---- Iter = 42/100 ----
	Updating Gamma...
	Updating Pi...
	Updating IDP parameters...
	Updating BM parameters...
	z has converged
	Objective function = -1187302.372017837 rate = 0.0015381606150417103

	---- Iter = 43/100 ----
	Updating Gamma...
	Updating Pi...
	Updating IDP parameters...
	Updating BM parameters...
	z has converged
	Objective function = -1186361.3893130894 rate = 7.925383852710199E-4

	---- Iter = 44/100 ----
	Updating Gamma...
	Updating Pi...
	Updating IDP parameters...
	Updating BM parameters...
	z has converged
	Objective function = -1186171.276828033 rate = 1.6024837521607687E-4

	---- Iter = 45/100 ----
	Updating Gamma...
	Updating Pi...
	Updating IDP parameters...
	Updating BM parameters...
	z has converged
	Objective function = -1186584.606115187 rate = -3.484566649256821E-4
	Final Block Assignments:
	2411	588
Objective function = -1186584.606115187

------ Initialization #7/10 ------
Objective at init = -3628050.994312994

	---- Iter = 0/100 ----
	Updating Gamma...
	Updating Pi...
	Updating IDP parameters...
	Updating BM parameters...
	284	2715

	---- Iter = 1/100 ----
	Updating Gamma...
	Updating Pi...
	Updating IDP parameters...
	Updating BM parameters...
	z has converged
	Objective function = -2876621.961761614 rate = 0.048264721790012524

	---- Iter = 2/100 ----
	Updating Gamma...
	Updating Pi...
	Updating IDP parameters...
	Updating BM parameters...
	z has converged
	Objective function = -2781586.062412277 rate = 0.03303732663263753

	---- Iter = 3/100 ----
	Updating Gamma...
	Updating Pi...
	Updating IDP parameters...
	Updating BM parameters...
	z has converged
	Objective function = -2709913.6490696813 rate = 0.02576674305034411

	---- Iter = 4/100 ----
	Updating Gamma...
	Updating Pi...
	Updating IDP parameters...
	Updating BM parameters...
	z has converged
	Objective function = -2642216.535709298 rate = 0.02498128063365548

	---- Iter = 5/100 ----
	Updating Gamma...
	Updating Pi...
	Updating IDP parameters...
	Updating BM parameters...
	z has converged
	Objective function = -2574549.7987325024 rate = 0.02560983782452592

	---- Iter = 6/100 ----
	Updating Gamma...
	Updating Pi...
	Updating IDP parameters...
	Updating BM parameters...
	z has converged
	Objective function = -2506207.4985422594 rate = 0.026545340169333333

	---- Iter = 7/100 ----
	Updating Gamma...
	Updating Pi...
	Updating IDP parameters...
	Updating BM parameters...
	z has converged
	Objective function = -2437227.8327504867 rate = 0.027523525419142242

	---- Iter = 8/100 ----
	Updating Gamma...
	Updating Pi...
	Updating IDP parameters...
	Updating BM parameters...
	z has converged
	Objective function = -2367827.437707942 rate = 0.02847513642753054

	---- Iter = 9/100 ----
	Updating Gamma...
	Updating Pi...
	Updating IDP parameters...
	Updating BM parameters...
	z has converged
	Objective function = -2298290.207845442 rate = 0.02936752432002057

	---- Iter = 10/100 ----
	Updating Gamma...
	Updating Pi...
	Updating IDP parameters...
	Updating BM parameters...
	z has converged
	Objective function = -2228932.8103828146 rate = 0.03017782403017209

	---- Iter = 11/100 ----
	Updating Gamma...
	Updating Pi...
	Updating IDP parameters...
	Updating BM parameters...
	z has converged
	Objective function = -2160090.615362644 rate = 0.03088572015248271

	---- Iter = 12/100 ----
	Updating Gamma...
	Updating Pi...
	Updating IDP parameters...
	Updating BM parameters...
	z has converged
	Objective function = -2092108.6763197961 rate = 0.03147179963625508

	---- Iter = 13/100 ----
	Updating Gamma...
	Updating Pi...
	Updating IDP parameters...
	Updating BM parameters...
	z has converged
	Objective function = -2025333.9574738436 rate = 0.031917423603163464

	---- Iter = 14/100 ----
	Updating Gamma...
	Updating Pi...
	Updating IDP parameters...
	Updating BM parameters...
	z has converged
	Objective function = -1960107.817527954 rate = 0.032205128297579516

	---- Iter = 15/100 ----
	Updating Gamma...
	Updating Pi...
	Updating IDP parameters...
	Updating BM parameters...
	z has converged
	Objective function = -1896758.6526392403 rate = 0.03231922464786062

	---- Iter = 16/100 ----
	Updating Gamma...
	Updating Pi...
	Updating IDP parameters...
	Updating BM parameters...
	z has converged
	Objective function = -1835594.8676853024 rate = 0.03224647736222617

	---- Iter = 17/100 ----
	Updating Gamma...
	Updating Pi...
	Updating IDP parameters...
	Updating BM parameters...
	z has converged
	Objective function = -1776898.4125321158 rate = 0.0319768028264337

	---- Iter = 18/100 ----
	Updating Gamma...
	Updating Pi...
	Updating IDP parameters...
	Updating BM parameters...
	z has converged
	Objective function = -1720919.1160934505 rate = 0.0315039374473264

	---- Iter = 19/100 ----
	Updating Gamma...
	Updating Pi...
	Updating IDP parameters...
	Updating BM parameters...
	z has converged
	Objective function = -1667870.0190083461 rate = 0.030826025807376537

	---- Iter = 20/100 ----
	Updating Gamma...
	Updating Pi...
	Updating IDP parameters...
	Updating BM parameters...
	z has converged
	Objective function = -1617923.8613312177 rate = 0.02994607319989155

	---- Iter = 21/100 ----
	Updating Gamma...
	Updating Pi...
	Updating IDP parameters...
	Updating BM parameters...
	z has converged
	Objective function = -1571210.8310171834 rate = 0.02887220556571749

	---- Iter = 22/100 ----
	Updating Gamma...
	Updating Pi...
	Updating IDP parameters...
	Updating BM parameters...
	z has converged
	Objective function = -1527817.624811681 rate = 0.027617685258324077

	---- Iter = 23/100 ----
	Updating Gamma...
	Updating Pi...
	Updating IDP parameters...
	Updating BM parameters...
	z has converged
	Objective function = -1487787.816965164 rate = 0.026200645415025335

	---- Iter = 24/100 ----
	Updating Gamma...
	Updating Pi...
	Updating IDP parameters...
	Updating BM parameters...
	z has converged
	Objective function = -1451123.4746098262 rate = 0.024643529095517643

	---- Iter = 25/100 ----
	Updating Gamma...
	Updating Pi...
	Updating IDP parameters...
	Updating BM parameters...
	z has converged
	Objective function = -1417787.9040024003 rate = 0.02297224956435154

	---- Iter = 26/100 ----
	Updating Gamma...
	Updating Pi...
	Updating IDP parameters...
	Updating BM parameters...
	z has converged
	Objective function = -1387709.3624514937 rate = 0.021215120728562575

	---- Iter = 27/100 ----
	Updating Gamma...
	Updating Pi...
	Updating IDP parameters...
	Updating BM parameters...
	z has converged
	Objective function = -1360785.5306052228 rate = 0.01940163594393278

	---- Iter = 28/100 ----
	Updating Gamma...
	Updating Pi...
	Updating IDP parameters...
	Updating BM parameters...
	z has converged
	Objective function = -1336888.512752448 rate = 0.017561193380816142

	---- Iter = 29/100 ----
	Updating Gamma...
	Updating Pi...
	Updating IDP parameters...
	Updating BM parameters...
	z has converged
	Objective function = -1315870.1220026698 rate = 0.015721872504166033

	---- Iter = 30/100 ----
	Updating Gamma...
	Updating Pi...
	Updating IDP parameters...
	Updating BM parameters...
	z has converged
	Objective function = -1297567.2140235344 rate = 0.01390935752175872

	---- Iter = 31/100 ----
	Updating Gamma...
	Updating Pi...
	Updating IDP parameters...
	Updating BM parameters...
	z has converged
	Objective function = -1281806.8567322723 rate = 0.012146081621769675

	---- Iter = 32/100 ----
	Updating Gamma...
	Updating Pi...
	Updating IDP parameters...
	Updating BM parameters...
	z has converged
	Objective function = -1268411.1611533558 rate = 0.010450634983390784

	---- Iter = 33/100 ----
	Updating Gamma...
	Updating Pi...
	Updating IDP parameters...
	Updating BM parameters...
	z has converged
	Objective function = -1257201.646197017 rate = 0.008837445853240582

	---- Iter = 34/100 ----
	Updating Gamma...
	Updating Pi...
	Updating IDP parameters...
	Updating BM parameters...
	z has converged
	Objective function = -1248003.0622948564 rate = 0.0073167132177928435

	---- Iter = 35/100 ----
	Updating Gamma...
	Updating Pi...
	Updating IDP parameters...
	Updating BM parameters...
	z has converged
	Objective function = -1240646.6507256995 rate = 0.005894546088396434

	---- Iter = 36/100 ----
	Updating Gamma...
	Updating Pi...
	Updating IDP parameters...
	Updating BM parameters...
	z has converged
	Objective function = -1234972.863250293 rate = 0.004573250145065575

	---- Iter = 37/100 ----
	Updating Gamma...
	Updating Pi...
	Updating IDP parameters...
	Updating BM parameters...
	z has converged
	Objective function = -1230833.6079124322 rate = 0.003351697402457008

	---- Iter = 38/100 ----
	Updating Gamma...
	Updating Pi...
	Updating IDP parameters...
	Updating BM parameters...
	z has converged
	Objective function = -1228094.1208471565 rate = 0.0022257168212379253

	---- Iter = 39/100 ----
	Updating Gamma...
	Updating Pi...
	Updating IDP parameters...
	Updating BM parameters...
	z has converged
	Objective function = -1226634.5913422622 rate = 0.0011884508525189217

	---- Iter = 40/100 ----
	Updating Gamma...
	Updating Pi...
	Updating IDP parameters...
	Updating BM parameters...
	z has converged
	Objective function = -1226351.6898500584 rate = 2.3063224712605707E-4

	---- Iter = 41/100 ----
	Updating Gamma...
	Updating Pi...
	Updating IDP parameters...
	Updating BM parameters...
	z has converged
	Objective function = -1227160.1679504625 rate = -6.592546877829091E-4
	Final Block Assignments:
	284	2715
Objective function = -1227160.1679504625

------ Initialization #8/10 ------
Objective at init = -3626473.8955963654

	---- Iter = 0/100 ----
	Updating Gamma...
	Updating Pi...
	Updating IDP parameters...
	Updating BM parameters...
	2646	353

	---- Iter = 1/100 ----
	Updating Gamma...
	Updating Pi...
	Updating IDP parameters...
	Updating BM parameters...
	z has converged
	Objective function = -2859251.653906366 rate = 0.049496555771610336

	---- Iter = 2/100 ----
	Updating Gamma...
	Updating Pi...
	Updating IDP parameters...
	Updating BM parameters...
	z has converged
	Objective function = -2762144.88995027 rate = 0.0339623005283312

	---- Iter = 3/100 ----
	Updating Gamma...
	Updating Pi...
	Updating IDP parameters...
	Updating BM parameters...
	z has converged
	Objective function = -2689299.3858352657 rate = 0.026372803389150094

	---- Iter = 4/100 ----
	Updating Gamma...
	Updating Pi...
	Updating IDP parameters...
	Updating BM parameters...
	z has converged
	Objective function = -2621611.9843974262 rate = 0.025169158106514256

	---- Iter = 5/100 ----
	Updating Gamma...
	Updating Pi...
	Updating IDP parameters...
	Updating BM parameters...
	z has converged
	Objective function = -2554289.8394235466 rate = 0.025679675472399695

	---- Iter = 6/100 ----
	Updating Gamma...
	Updating Pi...
	Updating IDP parameters...
	Updating BM parameters...
	z has converged
	Objective function = -2486405.1018900024 rate = 0.026576755889560464

	---- Iter = 7/100 ----
	Updating Gamma...
	Updating Pi...
	Updating IDP parameters...
	Updating BM parameters...
	z has converged
	Objective function = -2417930.6214431813 rate = 0.02753955113540077

	---- Iter = 8/100 ----
	Updating Gamma...
	Updating Pi...
	Updating IDP parameters...
	Updating BM parameters...
	z has converged
	Objective function = -2349062.7768599573 rate = 0.02848214252819179

	---- Iter = 9/100 ----
	Updating Gamma...
	Updating Pi...
	Updating IDP parameters...
	Updating BM parameters...
	z has converged
	Objective function = -2280078.081327861 rate = 0.02936690164760493

	---- Iter = 10/100 ----
	Updating Gamma...
	Updating Pi...
	Updating IDP parameters...
	Updating BM parameters...
	z has converged
	Objective function = -2211289.709529894 rate = 0.030169305323924075

	---- Iter = 11/100 ----
	Updating Gamma...
	Updating Pi...
	Updating IDP parameters...
	Updating BM parameters...
	z has converged
	Objective function = -2143030.3846181803 rate = 0.030868558116803745

	---- Iter = 12/100 ----
	Updating Gamma...
	Updating Pi...
	Updating IDP parameters...
	Updating BM parameters...
	z has converged
	Objective function = -2075642.3050157796 rate = 0.03144522825531808

	---- Iter = 13/100 ----
	Updating Gamma...
	Updating Pi...
	Updating IDP parameters...
	Updating BM parameters...
	z has converged
	Objective function = -2009469.0352583106 rate = 0.03188086386443443

	---- Iter = 14/100 ----
	Updating Gamma...
	Updating Pi...
	Updating IDP parameters...
	Updating BM parameters...
	z has converged
	Objective function = -1944847.9436778564 rate = 0.03215829179081997

	---- Iter = 15/100 ----
	Updating Gamma...
	Updating Pi...
	Updating IDP parameters...
	Updating BM parameters...
	z has converged
	Objective function = -1882102.9389612442 rate = 0.03226216472119489

	---- Iter = 16/100 ----
	Updating Gamma...
	Updating Pi...
	Updating IDP parameters...
	Updating BM parameters...
	z has converged
	Objective function = -1821537.6168006845 rate = 0.032179601288963744

	---- Iter = 17/100 ----
	Updating Gamma...
	Updating Pi...
	Updating IDP parameters...
	Updating BM parameters...
	z has converged
	Objective function = -1763429.0223673936 rate = 0.03190084788660679

	---- Iter = 18/100 ----
	Updating Gamma...
	Updating Pi...
	Updating IDP parameters...
	Updating BM parameters...
	z has converged
	Objective function = -1708022.2350445802 rate = 0.03141991348675328

	---- Iter = 19/100 ----
	Updating Gamma...
	Updating Pi...
	Updating IDP parameters...
	Updating BM parameters...
	z has converged
	Objective function = -1655525.9487903996 rate = 0.0307351304784451

	---- Iter = 20/100 ----
	Updating Gamma...
	Updating Pi...
	Updating IDP parameters...
	Updating BM parameters...
	z has converged
	Objective function = -1606109.1771422355 rate = 0.029849590508847182

	---- Iter = 21/100 ----
	Updating Gamma...
	Updating Pi...
	Updating IDP parameters...
	Updating BM parameters...
	z has converged
	Objective function = -1559899.1647698588 rate = 0.028771401739076368

	---- Iter = 22/100 ----
	Updating Gamma...
	Updating Pi...
	Updating IDP parameters...
	Updating BM parameters...
	z has converged
	Objective function = -1516980.5405400621 rate = 0.027513717039606683

	---- Iter = 23/100 ----
	Updating Gamma...
	Updating Pi...
	Updating IDP parameters...
	Updating BM parameters...
	z has converged
	Objective function = -1477395.7005667607 rate = 0.026094494237354385

	---- Iter = 24/100 ----
	Updating Gamma...
	Updating Pi...
	Updating IDP parameters...
	Updating BM parameters...
	z has converged
	Objective function = -1441146.3633121548 rate = 0.024535970451721182

	---- Iter = 25/100 ----
	Updating Gamma...
	Updating Pi...
	Updating IDP parameters...
	Updating BM parameters...
	z has converged
	Objective function = -1408196.192778463 rate = 0.022863861279129982

	---- Iter = 26/100 ----
	Updating Gamma...
	Updating Pi...
	Updating IDP parameters...
	Updating BM parameters...
	z has converged
	Objective function = -1378474.3419249828 rate = 0.021106328085461597

	---- Iter = 27/100 ----
	Updating Gamma...
	Updating Pi...
	Updating IDP parameters...
	Updating BM parameters...
	z has converged
	Objective function = -1351879.7298584995 rate = 0.019292787147089784

	---- Iter = 28/100 ----
	Updating Gamma...
	Updating Pi...
	Updating IDP parameters...
	Updating BM parameters...
	z has converged
	Objective function = -1328285.8373224386 rate = 0.01745265648633584

	---- Iter = 29/100 ----
	Updating Gamma...
	Updating Pi...
	Updating IDP parameters...
	Updating BM parameters...
	z has converged
	Objective function = -1307545.789536554 rate = 0.015614145090707684

	---- Iter = 30/100 ----
	Updating Gamma...
	Updating Pi...
	Updating IDP parameters...
	Updating BM parameters...
	z has converged
	Objective function = -1289497.4963095153 rate = 0.013803182551209629

	---- Iter = 31/100 ----
	Updating Gamma...
	Updating Pi...
	Updating IDP parameters...
	Updating BM parameters...
	z has converged
	Objective function = -1273968.6370867784 rate = 0.012042566400617152

	---- Iter = 32/100 ----
	Updating Gamma...
	Updating Pi...
	Updating IDP parameters...
	Updating BM parameters...
	z has converged
	Objective function = -1260781.3112340032 rate = 0.010351374020424155

	---- Iter = 33/100 ----
	Updating Gamma...
	Updating Pi...
	Updating IDP parameters...
	Updating BM parameters...
	z has converged
	Objective function = -1249756.2172006392 rate = 0.008744652173320246

	---- Iter = 34/100 ----
	Updating Gamma...
	Updating Pi...
	Updating IDP parameters...
	Updating BM parameters...
	z has converged
	Objective function = -1240716.2726321933 rate = 0.007233366350995003

	---- Iter = 35/100 ----
	Updating Gamma...
	Updating Pi...
	Updating IDP parameters...
	Updating BM parameters...
	z has converged
	Objective function = -1233489.6350815974 rate = 0.005824569009048719

	---- Iter = 36/100 ----
	Updating Gamma...
	Updating Pi...
	Updating IDP parameters...
	Updating BM parameters...
	z has converged
	Objective function = -1227912.1246564707 rate = 0.004521732705729371

	---- Iter = 37/100 ----
	Updating Gamma...
	Updating Pi...
	Updating IDP parameters...
	Updating BM parameters...
	z has converged
	Objective function = -1223829.0826699806 rate = 0.0033251907074640496

	---- Iter = 38/100 ----
	Updating Gamma...
	Updating Pi...
	Updating IDP parameters...
	Updating BM parameters...
	z has converged
	Objective function = -1221096.723908469 rate = 0.0022326310104924365

	---- Iter = 39/100 ----
	Updating Gamma...
	Updating Pi...
	Updating IDP parameters...
	Updating BM parameters...
	z has converged
	Objective function = -1219583.0568527968 rate = 0.0012395963612344674

	---- Iter = 40/100 ----
	Updating Gamma...
	Updating Pi...
	Updating IDP parameters...
	Updating BM parameters...
	z has converged
	Objective function = -1219168.4593427596 rate = 3.399502048734078E-4

	---- Iter = 41/100 ----
	Updating Gamma...
	Updating Pi...
	Updating IDP parameters...
	Updating BM parameters...
	z has converged
	Objective function = -1219746.007770844 rate = -4.737232362423635E-4
	Final Block Assignments:
	2646	353
Objective function = -1219746.007770844

------ Initialization #9/10 ------
Objective at init = -3628766.689221082

	---- Iter = 0/100 ----
	Updating Gamma...
	Updating Pi...
	Updating IDP parameters...
	Updating BM parameters...
	404	2595

	---- Iter = 1/100 ----
	Updating Gamma...
	Updating Pi...
	Updating IDP parameters...
	Updating BM parameters...
	z has converged
	Objective function = -2863167.265369874 rate = 0.047552373973228576

	---- Iter = 2/100 ----
	Updating Gamma...
	Updating Pi...
	Updating IDP parameters...
	Updating BM parameters...
	z has converged
	Objective function = -2765851.4769609612 rate = 0.03398885897654363

	---- Iter = 3/100 ----
	Updating Gamma...
	Updating Pi...
	Updating IDP parameters...
	Updating BM parameters...
	z has converged
	Objective function = -2691557.7881868402 rate = 0.02686105504687214

	---- Iter = 4/100 ----
	Updating Gamma...
	Updating Pi...
	Updating IDP parameters...
	Updating BM parameters...
	z has converged
	Objective function = -2623254.8789795646 rate = 0.025376720316782665

	---- Iter = 5/100 ----
	Updating Gamma...
	Updating Pi...
	Updating IDP parameters...
	Updating BM parameters...
	z has converged
	Objective function = -2555625.456297385 rate = 0.025780728828182786

	---- Iter = 6/100 ----
	Updating Gamma...
	Updating Pi...
	Updating IDP parameters...
	Updating BM parameters...
	z has converged
	Objective function = -2487519.5910221576 rate = 0.026649392268106416

	---- Iter = 7/100 ----
	Updating Gamma...
	Updating Pi...
	Updating IDP parameters...
	Updating BM parameters...
	z has converged
	Objective function = -2418841.044037675 rate = 0.02760924867983112

	---- Iter = 8/100 ----
	Updating Gamma...
	Updating Pi...
	Updating IDP parameters...
	Updating BM parameters...
	z has converged
	Objective function = -2349763.1922655962 rate = 0.028558243602799908

	---- Iter = 9/100 ----
	Updating Gamma...
	Updating Pi...
	Updating IDP parameters...
	Updating BM parameters...
	z has converged
	Objective function = -2280553.63876029 rate = 0.029453841873561572

	---- Iter = 10/100 ----
	Updating Gamma...
	Updating Pi...
	Updating IDP parameters...
	Updating BM parameters...
	z has converged
	Objective function = -2211522.2565065986 rate = 0.030269571862040063

	---- Iter = 11/100 ----
	Updating Gamma...
	Updating Pi...
	Updating IDP parameters...
	Updating BM parameters...
	z has converged
	Objective function = -2143001.1889019636 rate = 0.030983666297292118

	---- Iter = 12/100 ----
	Updating Gamma...
	Updating Pi...
	Updating IDP parameters...
	Updating BM parameters...
	z has converged
	Objective function = -2075333.692805182 rate = 0.03157604225663231

	---- Iter = 13/100 ----
	Updating Gamma...
	Updating Pi...
	Updating IDP parameters...
	Updating BM parameters...
	z has converged
	Objective function = -2008865.5808239426 rate = 0.032027674494792185

	---- Iter = 14/100 ----
	Updating Gamma...
	Updating Pi...
	Updating IDP parameters...
	Updating BM parameters...
	z has converged
	Objective function = -1943937.421554817 rate = 0.032320808265576026

	---- Iter = 15/100 ----
	Updating Gamma...
	Updating Pi...
	Updating IDP parameters...
	Updating BM parameters...
	z has converged
	Objective function = -1880877.078529145 rate = 0.03243949230383883

	---- Iter = 16/100 ----
	Updating Gamma...
	Updating Pi...
	Updating IDP parameters...
	Updating BM parameters...
	z has converged
	Objective function = -1819992.635120757 rate = 0.0323702405135375

	---- Iter = 17/100 ----
	Updating Gamma...
	Updating Pi...
	Updating IDP parameters...
	Updating BM parameters...
	z has converged
	Objective function = -1761565.8967312535 rate = 0.032102733418823325

	---- Iter = 18/100 ----
	Updating Gamma...
	Updating Pi...
	Updating IDP parameters...
	Updating BM parameters...
	z has converged
	Objective function = -1705846.6870968281 rate = 0.03163049973765809

	---- Iter = 19/100 ----
	Updating Gamma...
	Updating Pi...
	Updating IDP parameters...
	Updating BM parameters...
	z has converged
	Objective function = -1653048.135235219 rate = 0.030951522350151344

	---- Iter = 20/100 ----
	Updating Gamma...
	Updating Pi...
	Updating IDP parameters...
	Updating BM parameters...
	z has converged
	Objective function = -1603343.1103853704 rate = 0.030068709912537336

	---- Iter = 21/100 ----
	Updating Gamma...
	Updating Pi...
	Updating IDP parameters...
	Updating BM parameters...
	z has converged
	Objective function = -1556861.9145833175 rate = 0.028990174031359398

	---- Iter = 22/100 ----
	Updating Gamma...
	Updating Pi...
	Updating IDP parameters...
	Updating BM parameters...
	z has converged
	Objective function = -1513691.2902640146 rate = 0.027729257113247033

	---- Iter = 23/100 ----
	Updating Gamma...
	Updating Pi...
	Updating IDP parameters...
	Updating BM parameters...
	z has converged
	Objective function = -1473874.7450828007 rate = 0.026304270518904264

	---- Iter = 24/100 ----
	Updating Gamma...
	Updating Pi...
	Updating IDP parameters...
	Updating BM parameters...
	z has converged
	Objective function = -1437414.1394497072 rate = 0.024737926852152686

	---- Iter = 25/100 ----
	Updating Gamma...
	Updating Pi...
	Updating IDP parameters...
	Updating BM parameters...
	z has converged
	Objective function = -1404272.426347368 rate = 0.023056481909261805

	---- Iter = 26/100 ----
	Updating Gamma...
	Updating Pi...
	Updating IDP parameters...
	Updating BM parameters...
	z has converged
	Objective function = -1374377.3813846668 rate = 0.021288636308597692

	---- Iter = 27/100 ----
	Updating Gamma...
	Updating Pi...
	Updating IDP parameters...
	Updating BM parameters...
	z has converged
	Objective function = -1347626.118439768 rate = 0.019464277648361224

	---- Iter = 28/100 ----
	Updating Gamma...
	Updating Pi...
	Updating IDP parameters...
	Updating BM parameters...
	z has converged
	Objective function = -1323890.1576829962 rate = 0.01761316468417246

	---- Iter = 29/100 ----
	Updating Gamma...
	Updating Pi...
	Updating IDP parameters...
	Updating BM parameters...
	z has converged
	Objective function = -1303020.8028027783 rate = 0.0157636604208482

	---- Iter = 30/100 ----
	Updating Gamma...
	Updating Pi...
	Updating IDP parameters...
	Updating BM parameters...
	z has converged
	Objective function = -1284854.5959879507 rate = 0.01394160920205755

	---- Iter = 31/100 ----
	Updating Gamma...
	Updating Pi...
	Updating IDP parameters...
	Updating BM parameters...
	z has converged
	Objective function = -1269218.65341132 rate = 0.012169425727592114

	---- Iter = 32/100 ----
	Updating Gamma...
	Updating Pi...
	Updating IDP parameters...
	Updating BM parameters...
	z has converged
	Objective function = -1255935.7380119753 rate = 0.010465427185177052

	---- Iter = 33/100 ----
	Updating Gamma...
	Updating Pi...
	Updating IDP parameters...
	Updating BM parameters...
	z has converged
	Objective function = -1244828.9918861578 rate = 0.008843403201025585

	---- Iter = 34/100 ----
	Updating Gamma...
	Updating Pi...
	Updating IDP parameters...
	Updating BM parameters...
	z has converged
	Objective function = -1235726.3107586082 rate = 0.007312394864580784

	---- Iter = 35/100 ----
	Updating Gamma...
	Updating Pi...
	Updating IDP parameters...
	Updating BM parameters...
	z has converged
	Objective function = -1228464.3740065945 rate = 0.0058766546352448795

	---- Iter = 36/100 ----
	Updating Gamma...
	Updating Pi...
	Updating IDP parameters...
	Updating BM parameters...
	z has converged
	Objective function = -1222892.330456456 rate = 0.0045357795211965046

	---- Iter = 37/100 ----
	Updating Gamma...
	Updating Pi...
	Updating IDP parameters...
	Updating BM parameters...
	z has converged
	Objective function = -1218875.1090645876 rate = 0.0032850164252554

	---- Iter = 38/100 ----
	Updating Gamma...
	Updating Pi...
	Updating IDP parameters...
	Updating BM parameters...
	z has converged
	Objective function = -1216296.357368177 rate = 0.002115681645504783

	---- Iter = 39/100 ----
	Updating Gamma...
	Updating Pi...
	Updating IDP parameters...
	Updating BM parameters...
	z has converged
	Objective function = -1215061.184413887 rate = 0.0010155197348141445

	---- Iter = 40/100 ----
	Updating Gamma...
	Updating Pi...
	Updating IDP parameters...
	Updating BM parameters...
	z has converged
	Objective function = -1215099.1453379479 rate = -3.124198562815069E-5
	Final Block Assignments:
	404	2595
Objective function = -1215099.1453379479

------ Initialization #10/10 ------
Objective at init = -3625866.4904263183

	---- Iter = 0/100 ----
	Updating Gamma...
	Updating Pi...
	Updating IDP parameters...
	Updating BM parameters...
	494	2505

	---- Iter = 1/100 ----
	Updating Gamma...
	Updating Pi...
	Updating IDP parameters...
	Updating BM parameters...
	z has converged
	Objective function = -2875938.7421601843 rate = 0.0426800053497397

	---- Iter = 2/100 ----
	Updating Gamma...
	Updating Pi...
	Updating IDP parameters...
	Updating BM parameters...
	z has converged
	Objective function = -2780425.2949165525 rate = 0.033211224510258326

	---- Iter = 3/100 ----
	Updating Gamma...
	Updating Pi...
	Updating IDP parameters...
	Updating BM parameters...
	z has converged
	Objective function = -2703632.680861306 rate = 0.02761901720418326

	---- Iter = 4/100 ----
	Updating Gamma...
	Updating Pi...
	Updating IDP parameters...
	Updating BM parameters...
	z has converged
	Objective function = -2633542.158924123 rate = 0.02592457268080297

	---- Iter = 5/100 ----
	Updating Gamma...
	Updating Pi...
	Updating IDP parameters...
	Updating BM parameters...
	z has converged
	Objective function = -2564684.9999465323 rate = 0.026146214802090208

	---- Iter = 6/100 ----
	Updating Gamma...
	Updating Pi...
	Updating IDP parameters...
	Updating BM parameters...
	z has converged
	Objective function = -2495567.5799961444 rate = 0.026949672163181383

	---- Iter = 7/100 ----
	Updating Gamma...
	Updating Pi...
	Updating IDP parameters...
	Updating BM parameters...
	z has converged
	Objective function = -2425964.1475761016 rate = 0.02789082250385315

	---- Iter = 8/100 ----
	Updating Gamma...
	Updating Pi...
	Updating IDP parameters...
	Updating BM parameters...
	z has converged
	Objective function = -2356004.769685124 rate = 0.02883776248749486

	---- Iter = 9/100 ----
	Updating Gamma...
	Updating Pi...
	Updating IDP parameters...
	Updating BM parameters...
	z has converged
	Objective function = -2285941.6808990655 rate = 0.029738092930695723

	---- Iter = 10/100 ----
	Updating Gamma...
	Updating Pi...
	Updating IDP parameters...
	Updating BM parameters...
	z has converged
	Objective function = -2216079.726342743 rate = 0.030561564689106945

	---- Iter = 11/100 ----
	Updating Gamma...
	Updating Pi...
	Updating IDP parameters...
	Updating BM parameters...
	z has converged
	Objective function = -2146750.2818745878 rate = 0.03128472484271643

	---- Iter = 12/100 ----
	Updating Gamma...
	Updating Pi...
	Updating IDP parameters...
	Updating BM parameters...
	z has converged
	Objective function = -2078297.5982409813 rate = 0.03188665407968741

	---- Iter = 13/100 ----
	Updating Gamma...
	Updating Pi...
	Updating IDP parameters...
	Updating BM parameters...
	z has converged
	Objective function = -2011069.1131712385 rate = 0.03234786256147502

	---- Iter = 14/100 ----
	Updating Gamma...
	Updating Pi...
	Updating IDP parameters...
	Updating BM parameters...
	z has converged
	Objective function = -1945407.112425096 rate = 0.03265029546528139

	---- Iter = 15/100 ----
	Updating Gamma...
	Updating Pi...
	Updating IDP parameters...
	Updating BM parameters...
	z has converged
	Objective function = -1881640.9958355494 rate = 0.03277777498718888

	---- Iter = 16/100 ----
	Updating Gamma...
	Updating Pi...
	Updating IDP parameters...
	Updating BM parameters...
	z has converged
	Objective function = -1820080.052617632 rate = 0.032716625197986286

	---- Iter = 17/100 ----
	Updating Gamma...
	Updating Pi...
	Updating IDP parameters...
	Updating BM parameters...
	z has converged
	Objective function = -1761006.8756136943 rate = 0.032456361970990756

	---- Iter = 18/100 ----
	Updating Gamma...
	Updating Pi...
	Updating IDP parameters...
	Updating BM parameters...
	z has converged
	Objective function = -1704671.6062532263 rate = 0.03199037445031878

	---- Iter = 19/100 ----
	Updating Gamma...
	Updating Pi...
	Updating IDP parameters...
	Updating BM parameters...
	z has converged
	Objective function = -1651287.1970510874 rate = 0.03131653569303877

	---- Iter = 20/100 ----
	Updating Gamma...
	Updating Pi...
	Updating IDP parameters...
	Updating BM parameters...
	z has converged
	Objective function = -1601025.8443663113 rate = 0.030437680843486296

	---- Iter = 21/100 ----
	Updating Gamma...
	Updating Pi...
	Updating IDP parameters...
	Updating BM parameters...
	z has converged
	Objective function = -1554016.6963825193 rate = 0.029361892032666283

	---- Iter = 22/100 ----
	Updating Gamma...
	Updating Pi...
	Updating IDP parameters...
	Updating BM parameters...
	z has converged
	Objective function = -1510344.8863032153 rate = 0.028102535951489076

	---- Iter = 23/100 ----
	Updating Gamma...
	Updating Pi...
	Updating IDP parameters...
	Updating BM parameters...
	z has converged
	Objective function = -1470051.8815339126 rate = 0.026678015819238184

	---- Iter = 24/100 ----
	Updating Gamma...
	Updating Pi...
	Updating IDP parameters...
	Updating BM parameters...
	z has converged
	Objective function = -1433137.0779754492 rate = 0.025111224999722487

	---- Iter = 25/100 ----
	Updating Gamma...
	Updating Pi...
	Updating IDP parameters...
	Updating BM parameters...
	z has converged
	Objective function = -1399560.5064070828 rate = 0.02342872296333231

	---- Iter = 26/100 ----
	Updating Gamma...
	Updating Pi...
	Updating IDP parameters...
	Updating BM parameters...
	z has converged
	Objective function = -1369246.4580975173 rate = 0.02165969114646354

	---- Iter = 27/100 ----
	Updating Gamma...
	Updating Pi...
	Updating IDP parameters...
	Updating BM parameters...
	z has converged
	Objective function = -1342087.7830850394 rate = 0.01983476009878689

	---- Iter = 28/100 ----
	Updating Gamma...
	Updating Pi...
	Updating IDP parameters...
	Updating BM parameters...
	z has converged
	Objective function = -1317950.5739282162 rate = 0.017984821455821042

	---- Iter = 29/100 ----
	Updating Gamma...
	Updating Pi...
	Updating IDP parameters...
	Updating BM parameters...
	z has converged
	Objective function = -1296678.9357123787 rate = 0.016139936228743674

	---- Iter = 30/100 ----
	Updating Gamma...
	Updating Pi...
	Updating IDP parameters...
	Updating BM parameters...
	z has converged
	Objective function = -1278099.5978173695 rate = 0.014328402647184171

	---- Iter = 31/100 ----
	Updating Gamma...
	Updating Pi...
	Updating IDP parameters...
	Updating BM parameters...
	z has converged
	Objective function = -1262026.3248928103 rate = 0.012575915798743516

	---- Iter = 32/100 ----
	Updating Gamma...
	Updating Pi...
	Updating IDP parameters...
	Updating BM parameters...
	z has converged
	Objective function = -1248264.539185382 rate = 0.010904515568323985

	---- Iter = 33/100 ----
	Updating Gamma...
	Updating Pi...
	Updating IDP parameters...
	Updating BM parameters...
	z has converged
	Objective function = -1236617.2037827265 rate = 0.009330822944194564

	---- Iter = 34/100 ----
	Updating Gamma...
	Updating Pi...
	Updating IDP parameters...
	Updating BM parameters...
	z has converged
	Objective function = -1226893.0679410226 rate = 0.007863497137156523

	---- Iter = 35/100 ----
	Updating Gamma...
	Updating Pi...
	Updating IDP parameters...
	Updating BM parameters...
	z has converged
	Objective function = -1218916.268199019 rate = 0.006501625895882166

	---- Iter = 36/100 ----
	Updating Gamma...
	Updating Pi...
	Updating IDP parameters...
	Updating BM parameters...
	z has converged
	Objective function = -1212532.1914101415 rate = 0.005237502325167924

	---- Iter = 37/100 ----
	Updating Gamma...
	Updating Pi...
	Updating IDP parameters...
	Updating BM parameters...
	z has converged
	Objective function = -1207604.063483145 rate = 0.004064327497371568

	---- Iter = 38/100 ----
	Updating Gamma...
	Updating Pi...
	Updating IDP parameters...
	Updating BM parameters...
	z has converged
	Objective function = -1204002.79717923 rate = 0.0029821581533336144

	---- Iter = 39/100 ----
	Updating Gamma...
	Updating Pi...
	Updating IDP parameters...
	Updating BM parameters...
	z has converged
	Objective function = -1201600.3196784444 rate = 0.0019954085708224238

	---- Iter = 40/100 ----
	Updating Gamma...
	Updating Pi...
	Updating IDP parameters...
	Updating BM parameters...
	z has converged
	Objective function = -1200271.9185926605 rate = 0.0011055265748759525

	---- Iter = 41/100 ----
	Updating Gamma...
	Updating Pi...
	Updating IDP parameters...
	Updating BM parameters...
	z has converged
	Objective function = -1199903.1677278592 rate = 3.0722277101475194E-4

	---- Iter = 42/100 ----
	Updating Gamma...
	Updating Pi...
	Updating IDP parameters...
	Updating BM parameters...
	z has converged
	Objective function = -1200395.0310302197 rate = -4.0991916313706854E-4
	Final Block Assignments:
	494	2505
Objective function = -1200395.0310302197
Final Block Assignments:
	2393	606

------ Evaluation ------
	------ Training ------
	Size of +'s = 634607.0  Size of -'s = 634607.0
	sortedProbs size = 1269214
	AUC between 0.9101028990712957 and 0.9101028990712957
	newY = 0.9999999999937926 newX = 0.9999999999937926
	------ Testing ------
	Size of +'s = 70512.0  Size of -'s = 70512.0
	sortedProbs size = 141024
	AUC between 0.9097957001510815 and 0.9097957001510815
	newY = 1.0000000000012483 newX = 1.0000000000012483
