
------ Initialization #1/10 ------
Objective at init = -3614362.3561842577

	---- Iter = 0/100 ----
	Updating Gamma...
	Updating Pi...
	Updating IDP parameters...
	Updating BM parameters...
	18	0	0	0	0	0	180	28	0	0	0	0	0	105	0	0	0	0	0	0	58	0	1	0	0	2461	0	0	148	0

	---- Iter = 1/100 ----
	Updating Gamma...
	Updating Pi...
	Updating IDP parameters...
	Updating BM parameters...
	1	2998	0	0	0	0	0	0	0	0	0	0	0	0	0	0	0	0	0	0	0	0	0	0	0	0	0	0	0	0
	Objective function = -3114224.1745627783 rate = -0.04792436863939408
	Final Block Assignments:
	1	2998	0	0	0	0	0	0	0	0	0	0	0	0	0	0	0	0	0	0	0	0	0	0	0	0	0	0	0	0
Objective function = -3114224.1745627783
Optimal parameter updated!

------ Initialization #2/10 ------
Objective at init = -3621774.8961601784

	---- Iter = 0/100 ----
	Updating Gamma...
	Updating Pi...
	Updating IDP parameters...
	Updating BM parameters...
	318	0	0	0	2462	59	0	0	0	10	0	0	22	0	0	0	0	1	0	0	0	120	0	4	0	0	0	3	0	0

	---- Iter = 1/100 ----
	Updating Gamma...
	Updating Pi...
	Updating IDP parameters...
	Updating BM parameters...
	1	2998	0	0	0	0	0	0	0	0	0	0	0	0	0	0	0	0	0	0	0	0	0	0	0	0	0	0	0	0
	Objective function = -3124384.431334629 rate = -0.04825521957479002
	Final Block Assignments:
	1	2998	0	0	0	0	0	0	0	0	0	0	0	0	0	0	0	0	0	0	0	0	0	0	0	0	0	0	0	0
Objective function = -3124384.431334629

------ Initialization #3/10 ------
Objective at init = -3623650.6751634455

	---- Iter = 0/100 ----
	Updating Gamma...
	Updating Pi...
	Updating IDP parameters...
	Updating BM parameters...
	0	127	15	0	0	0	0	1	0	0	0	3	0	0	0	0	0	0	0	0	10	0	0	329	0	0	385	2129	0	0

	---- Iter = 1/100 ----
	Updating Gamma...
	Updating Pi...
	Updating IDP parameters...
	Updating BM parameters...
	2999	0	0	0	0	0	0	0	0	0	0	0	0	0	0	0	0	0	0	0	0	0	0	0	0	0	0	0	0	0
	Objective function = -3125370.8468734957 rate = -0.05334457901728453
	Final Block Assignments:
	2999	0	0	0	0	0	0	0	0	0	0	0	0	0	0	0	0	0	0	0	0	0	0	0	0	0	0	0	0	0
Objective function = -3125370.8468734957

------ Initialization #4/10 ------
Objective at init = -3634642.2859082622

	---- Iter = 0/100 ----
	Updating Gamma...
	Updating Pi...
	Updating IDP parameters...
	Updating BM parameters...
	219	0	0	0	17	0	0	171	0	9	2416	11	0	0	0	1	0	0	5	0	0	58	0	0	0	77	0	15	0	0

	---- Iter = 1/100 ----
	Updating Gamma...
	Updating Pi...
	Updating IDP parameters...
	Updating BM parameters...
	1	2998	0	0	0	0	0	0	0	0	0	0	0	0	0	0	0	0	0	0	0	0	0	0	0	0	0	0	0	0
	Objective function = -3133423.980548259 rate = -0.04979512936506754
	Final Block Assignments:
	1	2998	0	0	0	0	0	0	0	0	0	0	0	0	0	0	0	0	0	0	0	0	0	0	0	0	0	0	0	0
Objective function = -3133423.980548259

------ Initialization #5/10 ------
Objective at init = -3621806.40723071

	---- Iter = 0/100 ----
	Updating Gamma...
	Updating Pi...
	Updating IDP parameters...
	Updating BM parameters...
	0	37	0	0	0	0	0	1	0	0	0	0	0	382	0	15	0	0	0	0	0	0	0	2488	0	76	0	0	0	0

	---- Iter = 1/100 ----
	Updating Gamma...
	Updating Pi...
	Updating IDP parameters...
	Updating BM parameters...
	2999	0	0	0	0	0	0	0	0	0	0	0	0	0	0	0	0	0	0	0	0	0	0	0	0	0	0	0	0	0
	Objective function = -3125254.0113562453 rate = -0.04477503803091612
	Final Block Assignments:
	2999	0	0	0	0	0	0	0	0	0	0	0	0	0	0	0	0	0	0	0	0	0	0	0	0	0	0	0	0	0
Objective function = -3125254.0113562453

------ Initialization #6/10 ------
Objective at init = -3629572.8114509904

	---- Iter = 0/100 ----
	Updating Gamma...
	Updating Pi...
	Updating IDP parameters...
	Updating BM parameters...
	0	0	2498	0	0	33	0	0	0	0	1	0	0	1	0	0	9	0	0	366	1	0	0	0	0	56	0	34	0	0

	---- Iter = 1/100 ----
	Updating Gamma...
	Updating Pi...
	Updating IDP parameters...
	Updating BM parameters...
	2999	0	0	0	0	0	0	0	0	0	0	0	0	0	0	0	0	0	0	0	0	0	0	0	0	0	0	0	0	0
	Objective function = -3131041.573580679 rate = -0.04470380369296235
	Final Block Assignments:
	2999	0	0	0	0	0	0	0	0	0	0	0	0	0	0	0	0	0	0	0	0	0	0	0	0	0	0	0	0	0
Objective function = -3131041.573580679

------ Initialization #7/10 ------
Objective at init = -3625107.906562947

	---- Iter = 0/100 ----
	Updating Gamma...
	Updating Pi...
	Updating IDP parameters...
	Updating BM parameters...
	138	0	2	0	0	0	0	0	0	65	0	0	0	0	0	0	0	4	174	0	0	0	0	0	0	0	0	0	190	2426

	---- Iter = 1/100 ----
	Updating Gamma...
	Updating Pi...
	Updating IDP parameters...
	Updating BM parameters...
	1	2998	0	0	0	0	0	0	0	0	0	0	0	0	0	0	0	0	0	0	0	0	0	0	0	0	0	0	0	0
	Objective function = -3116812.3106107884 rate = -0.04521038935856866
	Final Block Assignments:
	1	2998	0	0	0	0	0	0	0	0	0	0	0	0	0	0	0	0	0	0	0	0	0	0	0	0	0	0	0	0
Objective function = -3116812.3106107884

------ Initialization #8/10 ------
Objective at init = -3622250.6395645924

	---- Iter = 0/100 ----
	Updating Gamma...
	Updating Pi...
	Updating IDP parameters...
	Updating BM parameters...
	2221	1	0	79	0	0	0	0	298	0	0	0	0	202	0	0	0	0	0	0	0	0	7	70	0	0	121	0	0	0

	---- Iter = 1/100 ----
	Updating Gamma...
	Updating Pi...
	Updating IDP parameters...
	Updating BM parameters...
	1	0	2998	0	0	0	0	0	0	0	0	0	0	0	0	0	0	0	0	0	0	0	0	0	0	0	0	0	0	0
	Objective function = -3124744.1391042895 rate = -0.05094899161793128
	Final Block Assignments:
	1	0	2998	0	0	0	0	0	0	0	0	0	0	0	0	0	0	0	0	0	0	0	0	0	0	0	0	0	0	0
Objective function = -3124744.1391042895

------ Initialization #9/10 ------
Objective at init = -3626187.7186374427

	---- Iter = 0/100 ----
	Updating Gamma...
	Updating Pi...
	Updating IDP parameters...
	Updating BM parameters...
	2246	0	322	0	0	0	0	2	0	133	0	0	0	31	0	176	0	0	1	0	0	0	0	0	0	88	0	0	0	0

	---- Iter = 1/100 ----
	Updating Gamma...
	Updating Pi...
	Updating IDP parameters...
	Updating BM parameters...
	0	2999	0	0	0	0	0	0	0	0	0	0	0	0	0	0	0	0	0	0	0	0	0	0	0	0	0	0	0	0
	Objective function = -3125618.691626513 rate = -0.05258217277156633
	Final Block Assignments:
	0	2999	0	0	0	0	0	0	0	0	0	0	0	0	0	0	0	0	0	0	0	0	0	0	0	0	0	0	0	0
Objective function = -3125618.691626513

------ Initialization #10/10 ------
Objective at init = -3622254.072559556

	---- Iter = 0/100 ----
	Updating Gamma...
	Updating Pi...
	Updating IDP parameters...
	Updating BM parameters...
	0	0	0	3	0	0	63	0	230	0	37	1	2481	0	4	0	0	0	0	0	80	0	0	0	0	0	100	0	0	0

	---- Iter = 1/100 ----
	Updating Gamma...
	Updating Pi...
	Updating IDP parameters...
	Updating BM parameters...
	2999	0	0	0	0	0	0	0	0	0	0	0	0	0	0	0	0	0	0	0	0	0	0	0	0	0	0	0	0	0
	Objective function = -3116631.951626341 rate = -0.047236927942017795
	Final Block Assignments:
	2999	0	0	0	0	0	0	0	0	0	0	0	0	0	0	0	0	0	0	0	0	0	0	0	0	0	0	0	0	0
Objective function = -3116631.951626341

------ Initialization #11/10 ------
Objective at init = -3616039.0419043135

	---- Iter = 0/100 ----
	Updating Gamma...
	Updating Pi...
	Updating IDP parameters...
	Updating BM parameters...
	0	0	260	0	10	0	54	0	114	61	14	7	1	0	0	0	12	0	16	0	0	0	0	0	20	0	0	0	0	2430

	---- Iter = 1/100 ----
	Updating Gamma...
	Updating Pi...
	Updating IDP parameters...
	Updating BM parameters...
	2999	0	0	0	0	0	0	0	0	0	0	0	0	0	0	0	0	0	0	0	0	0	0	0	0	0	0	0	0	0
	Objective function = -3125213.4107785784 rate = -0.0499720832050256
	Final Block Assignments:
	2999	0	0	0	0	0	0	0	0	0	0	0	0	0	0	0	0	0	0	0	0	0	0	0	0	0	0	0	0	0
Objective function = -3125213.4107785784

------ Initialization #12/10 ------
Objective at init = -3632925.0082932874

	---- Iter = 0/100 ----
	Updating Gamma...
	Updating Pi...
	Updating IDP parameters...
	Updating BM parameters...
	20	16	2286	6	16	0	0	200	0	0	0	1	0	0	349	7	0	2	0	0	0	0	1	95	0	0	0	0	0	0

	---- Iter = 1/100 ----
	Updating Gamma...
	Updating Pi...
	Updating IDP parameters...
	Updating BM parameters...
	1	0	0	0	0	2998	0	0	0	0	0	0	0	0	0	0	0	0	0	0	0	0	0	0	0	0	0	0	0	0
	Objective function = -3127119.829835689 rate = -0.04806311228588335
	Final Block Assignments:
	1	0	0	0	0	2998	0	0	0	0	0	0	0	0	0	0	0	0	0	0	0	0	0	0	0	0	0	0	0	0
Objective function = -3127119.829835689

------ Initialization #13/10 ------
Objective at init = -3619880.207207508

	---- Iter = 0/100 ----
	Updating Gamma...
	Updating Pi...
	Updating IDP parameters...
	Updating BM parameters...
	0	0	54	0	0	525	49	0	0	0	320	0	0	0	0	4	0	0	429	1	0	48	0	0	0	0	4	0	1565	0

	---- Iter = 1/100 ----
	Updating Gamma...
	Updating Pi...
	Updating IDP parameters...
	Updating BM parameters...
	2999	0	0	0	0	0	0	0	0	0	0	0	0	0	0	0	0	0	0	0	0	0	0	0	0	0	0	0	0	0
	Objective function = -3122949.667614905 rate = -0.057954988352224575
	Final Block Assignments:
	2999	0	0	0	0	0	0	0	0	0	0	0	0	0	0	0	0	0	0	0	0	0	0	0	0	0	0	0	0	0
Objective function = -3122949.667614905

------ Initialization #14/10 ------
Objective at init = -3630762.7043142123

	---- Iter = 0/100 ----
	Updating Gamma...
	Updating Pi...
	Updating IDP parameters...
	Updating BM parameters...
	0	0	0	0	2	4	1	1	0	74	0	0	10	68	0	61	0	0	0	258	0	0	0	0	0	0	1241	0	1233	46

	---- Iter = 1/100 ----
	Updating Gamma...
	Updating Pi...
	Updating IDP parameters...
	Updating BM parameters...
	2999	0	0	0	0	0	0	0	0	0	0	0	0	0	0	0	0	0	0	0	0	0	0	0	0	0	0	0	0	0
	Objective function = -3138165.107164746 rate = -0.054350248047529984
	Final Block Assignments:
	2999	0	0	0	0	0	0	0	0	0	0	0	0	0	0	0	0	0	0	0	0	0	0	0	0	0	0	0	0	0
Objective function = -3138165.107164746

------ Initialization #15/10 ------
Objective at init = -3601545.5379436105

	---- Iter = 0/100 ----
	Updating Gamma...
	Updating Pi...
	Updating IDP parameters...
	Updating BM parameters...
	0	0	8	47	0	0	8	361	0	54	0	0	0	0	0	0	0	1	0	0	0	0	0	0	2517	0	0	0	0	3

	---- Iter = 1/100 ----
	Updating Gamma...
	Updating Pi...
	Updating IDP parameters...
	Updating BM parameters...
	2999	0	0	0	0	0	0	0	0	0	0	0	0	0	0	0	0	0	0	0	0	0	0	0	0	0	0	0	0	0
	Objective function = -3103220.8233292927 rate = -0.042548028722309277
	Final Block Assignments:
	2999	0	0	0	0	0	0	0	0	0	0	0	0	0	0	0	0	0	0	0	0	0	0	0	0	0	0	0	0	0
Objective function = -3103220.8233292927
Optimal parameter updated!

------ Initialization #16/10 ------
Objective at init = -3616020.9988959637

	---- Iter = 0/100 ----
	Updating Gamma...
	Updating Pi...
	Updating IDP parameters...
	Updating BM parameters...
	0	0	0	0	0	0	3	1	0	0	0	2496	0	0	0	0	0	0	110	0	323	0	3	40	0	0	0	1	0	22

	---- Iter = 1/100 ----
	Updating Gamma...
	Updating Pi...
	Updating IDP parameters...
	Updating BM parameters...
	2999	0	0	0	0	0	0	0	0	0	0	0	0	0	0	0	0	0	0	0	0	0	0	0	0	0	0	0	0	0
	Objective function = -3109515.3588595134 rate = -0.0456910671631653
	Final Block Assignments:
	2999	0	0	0	0	0	0	0	0	0	0	0	0	0	0	0	0	0	0	0	0	0	0	0	0	0	0	0	0	0
Objective function = -3109515.3588595134

------ Initialization #17/10 ------
Objective at init = -3628833.991300957

	---- Iter = 0/100 ----
	Updating Gamma...
	Updating Pi...
	Updating IDP parameters...
	Updating BM parameters...
	0	1	0	0	0	0	54	0	0	0	21	0	0	0	16	0	0	1	36	2480	0	0	0	60	314	5	0	0	11	0

	---- Iter = 1/100 ----
	Updating Gamma...
	Updating Pi...
	Updating IDP parameters...
	Updating BM parameters...
	2999	0	0	0	0	0	0	0	0	0	0	0	0	0	0	0	0	0	0	0	0	0	0	0	0	0	0	0	0	0
	Objective function = -3122032.5114436126 rate = -0.047620704961966374
	Final Block Assignments:
	2999	0	0	0	0	0	0	0	0	0	0	0	0	0	0	0	0	0	0	0	0	0	0	0	0	0	0	0	0	0
Objective function = -3122032.5114436126

------ Initialization #18/10 ------
Objective at init = -3624458.1890166025

	---- Iter = 0/100 ----
	Updating Gamma...
	Updating Pi...
	Updating IDP parameters...
	Updating BM parameters...
	0	0	0	0	0	0	1	0	0	0	0	1	0	0	1	0	10	49	4	36	272	1	0	0	2455	116	0	34	0	19

	---- Iter = 1/100 ----
	Updating Gamma...
	Updating Pi...
	Updating IDP parameters...
	Updating BM parameters...
	2999	0	0	0	0	0	0	0	0	0	0	0	0	0	0	0	0	0	0	0	0	0	0	0	0	0	0	0	0	0
	Objective function = -3123594.5379481325 rate = -0.04872526882304782
	Final Block Assignments:
	2999	0	0	0	0	0	0	0	0	0	0	0	0	0	0	0	0	0	0	0	0	0	0	0	0	0	0	0	0	0
Objective function = -3123594.5379481325

------ Initialization #19/10 ------
Objective at init = -3625846.5665621012

	---- Iter = 0/100 ----
	Updating Gamma...
	Updating Pi...
	Updating IDP parameters...
	Updating BM parameters...
	0	11	0	0	0	0	2	0	2532	0	0	0	0	0	0	0	435	0	4	0	10	0	0	2	3	0	0	0	0	0

	---- Iter = 1/100 ----
	Updating Gamma...
	Updating Pi...
	Updating IDP parameters...
	Updating BM parameters...
	2999	0	0	0	0	0	0	0	0	0	0	0	0	0	0	0	0	0	0	0	0	0	0	0	0	0	0	0	0	0
	Objective function = -3111950.7613528026 rate = -0.03830062454401842
	Final Block Assignments:
	2999	0	0	0	0	0	0	0	0	0	0	0	0	0	0	0	0	0	0	0	0	0	0	0	0	0	0	0	0	0
Objective function = -3111950.7613528026

------ Initialization #20/10 ------
Objective at init = -3624159.164914229

	---- Iter = 0/100 ----
	Updating Gamma...
	Updating Pi...
	Updating IDP parameters...
	Updating BM parameters...
	0	0	1	0	233	0	0	0	114	1	0	145	7	0	0	2442	30	0	0	0	0	0	0	0	26	0	0	0	0	0

	---- Iter = 1/100 ----
	Updating Gamma...
	Updating Pi...
	Updating IDP parameters...
	Updating BM parameters...
	2999	0	0	0	0	0	0	0	0	0	0	0	0	0	0	0	0	0	0	0	0	0	0	0	0	0	0	0	0	0
	Objective function = -3120416.0016156905 rate = -0.04900289709079608
	Final Block Assignments:
	2999	0	0	0	0	0	0	0	0	0	0	0	0	0	0	0	0	0	0	0	0	0	0	0	0	0	0	0	0	0
Objective function = -3120416.0016156905

------ Initialization #21/10 ------
Objective at init = -3620129.03168667

	---- Iter = 0/100 ----
	Updating Gamma...
	Updating Pi...
	Updating IDP parameters...
	Updating BM parameters...
	119	0	0	0	0	1	0	0	0	0	1	0	22	0	0	0	0	522	0	0	0	0	0	366	0	0	0	0	0	1968

	---- Iter = 1/100 ----
	Updating Gamma...
	Updating Pi...
	Updating IDP parameters...
	Updating BM parameters...
	1	2998	0	0	0	0	0	0	0	0	0	0	0	0	0	0	0	0	0	0	0	0	0	0	0	0	0	0	0	0
	Objective function = -3117737.440473641 rate = -0.04604374487951911
	Final Block Assignments:
	1	2998	0	0	0	0	0	0	0	0	0	0	0	0	0	0	0	0	0	0	0	0	0	0	0	0	0	0	0	0
Objective function = -3117737.440473641

------ Initialization #22/10 ------
Objective at init = -3621325.398357724

	---- Iter = 0/100 ----
	Updating Gamma...
	Updating Pi...
	Updating IDP parameters...
	Updating BM parameters...
	0	0	202	0	0	70	0	0	0	0	0	0	0	0	118	0	1132	0	0	0	0	1	135	0	0	0	2	0	0	1339

	---- Iter = 1/100 ----
	Updating Gamma...
	Updating Pi...
	Updating IDP parameters...
	Updating BM parameters...
	2999	0	0	0	0	0	0	0	0	0	0	0	0	0	0	0	0	0	0	0	0	0	0	0	0	0	0	0	0	0
	Objective function = -3123601.907642954 rate = -0.054510839654951626
	Final Block Assignments:
	2999	0	0	0	0	0	0	0	0	0	0	0	0	0	0	0	0	0	0	0	0	0	0	0	0	0	0	0	0	0
Objective function = -3123601.907642954

------ Initialization #23/10 ------
Objective at init = -3621835.6091333763

	---- Iter = 0/100 ----
	Updating Gamma...
	Updating Pi...
	Updating IDP parameters...
	Updating BM parameters...
	0	0	0	76	0	0	3	9	30	18	314	0	0	0	5	28	0	1	32	0	2480	0	0	0	0	0	3	0	0	0

	---- Iter = 1/100 ----
	Updating Gamma...
	Updating Pi...
	Updating IDP parameters...
	Updating BM parameters...
	2999	0	0	0	0	0	0	0	0	0	0	0	0	0	0	0	0	0	0	0	0	0	0	0	0	0	0	0	0	0
	Objective function = -3131174.73248346 rate = -0.04791956489043082
	Final Block Assignments:
	2999	0	0	0	0	0	0	0	0	0	0	0	0	0	0	0	0	0	0	0	0	0	0	0	0	0	0	0	0	0
Objective function = -3131174.73248346

------ Initialization #24/10 ------
Objective at init = -3610851.9315876793

	---- Iter = 0/100 ----
	Updating Gamma...
	Updating Pi...
	Updating IDP parameters...
	Updating BM parameters...
	0	0	2	367	0	14	0	0	0	14	0	0	0	92	0	0	1	0	0	0	0	0	0	1	3	0	0	2	1027	1476

	---- Iter = 1/100 ----
	Updating Gamma...
	Updating Pi...
	Updating IDP parameters...
	Updating BM parameters...
	2999	0	0	0	0	0	0	0	0	0	0	0	0	0	0	0	0	0	0	0	0	0	0	0	0	0	0	0	0	0
	Objective function = -3115940.6094112294 rate = -0.04610810952952437
	Final Block Assignments:
	2999	0	0	0	0	0	0	0	0	0	0	0	0	0	0	0	0	0	0	0	0	0	0	0	0	0	0	0	0	0
Objective function = -3115940.6094112294

------ Initialization #25/10 ------
Objective at init = -3632410.790416617

	---- Iter = 0/100 ----
	Updating Gamma...
	Updating Pi...
	Updating IDP parameters...
	Updating BM parameters...
	267	2465	0	0	0	0	57	0	0	0	0	0	0	0	12	0	0	0	0	0	0	0	47	55	1	0	0	0	95	0

	---- Iter = 1/100 ----
	Updating Gamma...
	Updating Pi...
	Updating IDP parameters...
	Updating BM parameters...
	1	0	2998	0	0	0	0	0	0	0	0	0	0	0	0	0	0	0	0	0	0	0	0	0	0	0	0	0	0	0
	Objective function = -3128829.522038082 rate = -0.04850031325088473
	Final Block Assignments:
	1	0	2998	0	0	0	0	0	0	0	0	0	0	0	0	0	0	0	0	0	0	0	0	0	0	0	0	0	0	0
Objective function = -3128829.522038082

------ Initialization #26/10 ------
Objective at init = -3623415.6371141933

	---- Iter = 0/100 ----
	Updating Gamma...
	Updating Pi...
	Updating IDP parameters...
	Updating BM parameters...
	0	341	0	11	0	1	0	0	1	0	0	0	0	2194	0	57	0	0	0	0	0	0	0	0	0	77	0	0	0	317

	---- Iter = 1/100 ----
	Updating Gamma...
	Updating Pi...
	Updating IDP parameters...
	Updating BM parameters...
	2999	0	0	0	0	0	0	0	0	0	0	0	0	0	0	0	0	0	0	0	0	0	0	0	0	0	0	0	0	0
	Objective function = -3124548.969514335 rate = -0.051890461132166145
	Final Block Assignments:
	2999	0	0	0	0	0	0	0	0	0	0	0	0	0	0	0	0	0	0	0	0	0	0	0	0	0	0	0	0	0
Objective function = -3124548.969514335

------ Initialization #27/10 ------
Objective at init = -3613217.3877308867

	---- Iter = 0/100 ----
	Updating Gamma...
	Updating Pi...
	Updating IDP parameters...
	Updating BM parameters...
	0	0	0	0	0	0	343	0	2	0	54	0	0	0	0	0	0	0	12	0	0	0	0	105	0	0	0	0	2479	4

	---- Iter = 1/100 ----
	Updating Gamma...
	Updating Pi...
	Updating IDP parameters...
	Updating BM parameters...
	2999	0	0	0	0	0	0	0	0	0	0	0	0	0	0	0	0	0	0	0	0	0	0	0	0	0	0	0	0	0
	Objective function = -3111240.678110538 rate = -0.04509382616642357
	Final Block Assignments:
	2999	0	0	0	0	0	0	0	0	0	0	0	0	0	0	0	0	0	0	0	0	0	0	0	0	0	0	0	0	0
Objective function = -3111240.678110538

------ Initialization #28/10 ------
Objective at init = -3607118.6398442728

	---- Iter = 0/100 ----
	Updating Gamma...
	Updating Pi...
	Updating IDP parameters...
	Updating BM parameters...
	0	0	1297	0	0	0	2	0	13	0	0	0	0	0	0	51	0	29	0	0	31	0	377	0	0	0	9	1190	0	0

	---- Iter = 1/100 ----
	Updating Gamma...
	Updating Pi...
	Updating IDP parameters...
	Updating BM parameters...
	2999	0	0	0	0	0	0	0	0	0	0	0	0	0	0	0	0	0	0	0	0	0	0	0	0	0	0	0	0	0
	Objective function = -3120505.713254512 rate = -0.05676528788614501
	Final Block Assignments:
	2999	0	0	0	0	0	0	0	0	0	0	0	0	0	0	0	0	0	0	0	0	0	0	0	0	0	0	0	0	0
Objective function = -3120505.713254512

------ Initialization #29/10 ------
Objective at init = -3627247.711338032

	---- Iter = 0/100 ----
	Updating Gamma...
	Updating Pi...
	Updating IDP parameters...
	Updating BM parameters...
	0	0	0	0	0	1	51	1	2	0	14	0	2	0	0	0	0	1238	0	104	0	0	0	0	0	0	299	2	0	1285

	---- Iter = 1/100 ----
	Updating Gamma...
	Updating Pi...
	Updating IDP parameters...
	Updating BM parameters...
	2999	0	0	0	0	0	0	0	0	0	0	0	0	0	0	0	0	0	0	0	0	0	0	0	0	0	0	0	0	0
	Objective function = -3126932.6030284287 rate = -0.05329444131394162
	Final Block Assignments:
	2999	0	0	0	0	0	0	0	0	0	0	0	0	0	0	0	0	0	0	0	0	0	0	0	0	0	0	0	0	0
Objective function = -3126932.6030284287

------ Initialization #30/10 ------
Objective at init = -3631140.0286911726

	---- Iter = 0/100 ----
	Updating Gamma...
	Updating Pi...
	Updating IDP parameters...
	Updating BM parameters...
	0	0	0	2220	0	0	2	74	0	0	0	137	0	0	0	0	0	0	0	0	74	0	0	0	0	235	0	0	0	257

	---- Iter = 1/100 ----
	Updating Gamma...
	Updating Pi...
	Updating IDP parameters...
	Updating BM parameters...
	2999	0	0	0	0	0	0	0	0	0	0	0	0	0	0	0	0	0	0	0	0	0	0	0	0	0	0	0	0	0
	Objective function = -3129056.528168831 rate = -0.05573415039092869
	Final Block Assignments:
	2999	0	0	0	0	0	0	0	0	0	0	0	0	0	0	0	0	0	0	0	0	0	0	0	0	0	0	0	0	0
Objective function = -3129056.528168831

------ Initialization #31/10 ------
Objective at init = -3634230.7511128895

	---- Iter = 0/100 ----
	Updating Gamma...
	Updating Pi...
	Updating IDP parameters...
	Updating BM parameters...
	0	0	0	0	1	0	0	0	343	0	11	0	0	103	0	0	0	350	2191	0	0	0	0	0	0	0	0	0	0	0

	---- Iter = 1/100 ----
	Updating Gamma...
	Updating Pi...
	Updating IDP parameters...
	Updating BM parameters...
	2999	0	0	0	0	0	0	0	0	0	0	0	0	0	0	0	0	0	0	0	0	0	0	0	0	0	0	0	0	0
	Objective function = -3136468.393469354 rate = -0.05626425797469184
	Final Block Assignments:
	2999	0	0	0	0	0	0	0	0	0	0	0	0	0	0	0	0	0	0	0	0	0	0	0	0	0	0	0	0	0
Objective function = -3136468.393469354

------ Initialization #32/10 ------
Objective at init = -3618018.58423052

	---- Iter = 0/100 ----
	Updating Gamma...
	Updating Pi...
	Updating IDP parameters...
	Updating BM parameters...
	0	0	0	0	0	290	0	19	0	2	0	133	0	0	1266	0	0	0	0	0	0	0	698	0	0	0	0	591	0	0

	---- Iter = 1/100 ----
	Updating Gamma...
	Updating Pi...
	Updating IDP parameters...
	Updating BM parameters...
	2999	0	0	0	0	0	0	0	0	0	0	0	0	0	0	0	0	0	0	0	0	0	0	0	0	0	0	0	0	0
	Objective function = -3126892.8682678104 rate = -0.061027297633278466
	Final Block Assignments:
	2999	0	0	0	0	0	0	0	0	0	0	0	0	0	0	0	0	0	0	0	0	0	0	0	0	0	0	0	0	0
Objective function = -3126892.8682678104

------ Initialization #33/10 ------
Objective at init = -3629970.701865611

	---- Iter = 0/100 ----
	Updating Gamma...
	Updating Pi...
	Updating IDP parameters...
	Updating BM parameters...
	1	0	13	0	39	0	0	5	0	0	0	0	0	0	1	143	0	19	0	2	0	2453	0	0	0	323	0	0	0	0

	---- Iter = 1/100 ----
	Updating Gamma...
	Updating Pi...
	Updating IDP parameters...
	Updating BM parameters...
	1	2998	0	0	0	0	0	0	0	0	0	0	0	0	0	0	0	0	0	0	0	0	0	0	0	0	0	0	0	0
	Objective function = -3125940.2954715253 rate = -0.04691470435284691
	Final Block Assignments:
	1	2998	0	0	0	0	0	0	0	0	0	0	0	0	0	0	0	0	0	0	0	0	0	0	0	0	0	0	0	0
Objective function = -3125940.2954715253

------ Initialization #34/10 ------
Objective at init = -3623672.1656736857

	---- Iter = 0/100 ----
	Updating Gamma...
	Updating Pi...
	Updating IDP parameters...
	Updating BM parameters...
	0	17	0	0	0	0	12	0	70	1	0	0	0	0	0	0	0	0	0	0	0	0	0	2563	336	0	0	0	0	0

	---- Iter = 1/100 ----
	Updating Gamma...
	Updating Pi...
	Updating IDP parameters...
	Updating BM parameters...
	2999	0	0	0	0	0	0	0	0	0	0	0	0	0	0	0	0	0	0	0	0	0	0	0	0	0	0	0	0	0
	Objective function = -3114505.0398697653 rate = -0.040781224253477855
	Final Block Assignments:
	2999	0	0	0	0	0	0	0	0	0	0	0	0	0	0	0	0	0	0	0	0	0	0	0	0	0	0	0	0	0
Objective function = -3114505.0398697653

------ Initialization #35/10 ------
Objective at init = -3617490.0826917295

	---- Iter = 0/100 ----
	Updating Gamma...
	Updating Pi...
	Updating IDP parameters...
	Updating BM parameters...
	0	0	1	0	0	159	0	0	0	275	0	2100	14	0	0	1	0	0	0	0	0	0	0	0	0	0	0	0	449	0

	---- Iter = 1/100 ----
	Updating Gamma...
	Updating Pi...
	Updating IDP parameters...
	Updating BM parameters...
	2999	0	0	0	0	0	0	0	0	0	0	0	0	0	0	0	0	0	0	0	0	0	0	0	0	0	0	0	0	0
	Objective function = -3129217.022706387 rate = -0.056653649054323435
	Final Block Assignments:
	2999	0	0	0	0	0	0	0	0	0	0	0	0	0	0	0	0	0	0	0	0	0	0	0	0	0	0	0	0	0
Objective function = -3129217.022706387

------ Initialization #36/10 ------
Objective at init = -3621367.711540083

	---- Iter = 0/100 ----
	Updating Gamma...
	Updating Pi...
	Updating IDP parameters...
	Updating BM parameters...
	0	236	0	0	0	0	0	0	1	0	2448	0	16	0	0	89	0	0	51	0	0	0	0	0	0	0	0	127	6	25

	---- Iter = 1/100 ----
	Updating Gamma...
	Updating Pi...
	Updating IDP parameters...
	Updating BM parameters...
	2999	0	0	0	0	0	0	0	0	0	0	0	0	0	0	0	0	0	0	0	0	0	0	0	0	0	0	0	0	0
	Objective function = -3123360.586098756 rate = -0.04967612871149214
	Final Block Assignments:
	2999	0	0	0	0	0	0	0	0	0	0	0	0	0	0	0	0	0	0	0	0	0	0	0	0	0	0	0	0	0
Objective function = -3123360.586098756

------ Initialization #37/10 ------
Objective at init = -3615028.4586791657

	---- Iter = 0/100 ----
	Updating Gamma...
	Updating Pi...
	Updating IDP parameters...
	Updating BM parameters...
	2359	0	0	0	267	1	0	0	0	1	169	0	29	0	169	1	0	0	3	0	0	0	0	0	0	0	0	0	0	0

	---- Iter = 1/100 ----
	Updating Gamma...
	Updating Pi...
	Updating IDP parameters...
	Updating BM parameters...
	0	2999	0	0	0	0	0	0	0	0	0	0	0	0	0	0	0	0	0	0	0	0	0	0	0	0	0	0	0	0
	Objective function = -3119909.241964724 rate = -0.050686952867795405
	Final Block Assignments:
	0	2999	0	0	0	0	0	0	0	0	0	0	0	0	0	0	0	0	0	0	0	0	0	0	0	0	0	0	0	0
Objective function = -3119909.241964724

------ Initialization #38/10 ------
Objective at init = -3622872.7835316234

	---- Iter = 0/100 ----
	Updating Gamma...
	Updating Pi...
	Updating IDP parameters...
	Updating BM parameters...
	0	0	0	0	0	0	0	0	0	0	1	341	0	0	0	0	0	3	32	1	9	65	0	0	64	0	0	0	0	2483

	---- Iter = 1/100 ----
	Updating Gamma...
	Updating Pi...
	Updating IDP parameters...
	Updating BM parameters...
	2999	0	0	0	0	0	0	0	0	0	0	0	0	0	0	0	0	0	0	0	0	0	0	0	0	0	0	0	0	0
	Objective function = -3120135.2901495476 rate = -0.04424063426841391
	Final Block Assignments:
	2999	0	0	0	0	0	0	0	0	0	0	0	0	0	0	0	0	0	0	0	0	0	0	0	0	0	0	0	0	0
Objective function = -3120135.2901495476

------ Initialization #39/10 ------
Objective at init = -3626903.686703434

	---- Iter = 0/100 ----
	Updating Gamma...
	Updating Pi...
	Updating IDP parameters...
	Updating BM parameters...
	0	355	0	0	0	0	2109	13	0	0	43	0	0	0	54	6	0	0	1	0	0	0	0	30	341	0	0	0	0	47

	---- Iter = 1/100 ----
	Updating Gamma...
	Updating Pi...
	Updating IDP parameters...
	Updating BM parameters...
	2999	0	0	0	0	0	0	0	0	0	0	0	0	0	0	0	0	0	0	0	0	0	0	0	0	0	0	0	0	0
	Objective function = -3124037.333331269 rate = -0.051042869078045325
	Final Block Assignments:
	2999	0	0	0	0	0	0	0	0	0	0	0	0	0	0	0	0	0	0	0	0	0	0	0	0	0	0	0	0	0
Objective function = -3124037.333331269

------ Initialization #40/10 ------
Objective at init = -3608644.50067565

	---- Iter = 0/100 ----
	Updating Gamma...
	Updating Pi...
	Updating IDP parameters...
	Updating BM parameters...
	0	16	0	0	0	0	0	1	0	1	0	0	2	0	0	0	0	0	1402	71	0	300	0	79	1	0	0	1117	9	0

	---- Iter = 1/100 ----
	Updating Gamma...
	Updating Pi...
	Updating IDP parameters...
	Updating BM parameters...
	2999	0	0	0	0	0	0	0	0	0	0	0	0	0	0	0	0	0	0	0	0	0	0	0	0	0	0	0	0	0
	Objective function = -3118806.661238441 rate = -0.053236033582309564
	Final Block Assignments:
	2999	0	0	0	0	0	0	0	0	0	0	0	0	0	0	0	0	0	0	0	0	0	0	0	0	0	0	0	0	0
Objective function = -3118806.661238441

------ Initialization #41/10 ------
Objective at init = -3623071.13327081

	---- Iter = 0/100 ----
	Updating Gamma...
	Updating Pi...
	Updating IDP parameters...
	Updating BM parameters...
	277	0	0	0	0	9	0	0	0	0	0	126	0	0	7	54	0	0	0	0	5	54	56	0	0	0	0	2411	0	0

	---- Iter = 1/100 ----
	Updating Gamma...
	Updating Pi...
	Updating IDP parameters...
	Updating BM parameters...
	1	2998	0	0	0	0	0	0	0	0	0	0	0	0	0	0	0	0	0	0	0	0	0	0	0	0	0	0	0	0
	Objective function = -3126304.444179997 rate = -0.050715392136860646
	Final Block Assignments:
	1	2998	0	0	0	0	0	0	0	0	0	0	0	0	0	0	0	0	0	0	0	0	0	0	0	0	0	0	0	0
Objective function = -3126304.444179997

------ Initialization #42/10 ------
Objective at init = -3599562.0845481018

	---- Iter = 0/100 ----
	Updating Gamma...
	Updating Pi...
	Updating IDP parameters...
	Updating BM parameters...
	316	0	0	2508	21	0	0	0	0	12	26	0	0	0	0	0	0	0	6	0	5	1	0	0	98	0	1	0	5	0

	---- Iter = 1/100 ----
	Updating Gamma...
	Updating Pi...
	Updating IDP parameters...
	Updating BM parameters...
	1	2998	0	0	0	0	0	0	0	0	0	0	0	0	0	0	0	0	0	0	0	0	0	0	0	0	0	0	0	0
	Objective function = -3106909.05210288 rate = -0.04469984042797099
	Final Block Assignments:
	1	2998	0	0	0	0	0	0	0	0	0	0	0	0	0	0	0	0	0	0	0	0	0	0	0	0	0	0	0	0
Objective function = -3106909.05210288

------ Initialization #43/10 ------
Objective at init = -3612036.9390449547

	---- Iter = 0/100 ----
	Updating Gamma...
	Updating Pi...
	Updating IDP parameters...
	Updating BM parameters...
	0	138	46	0	0	3	281	0	0	0	91	2375	0	0	0	0	0	0	0	0	0	0	0	0	0	1	0	64	0	0

	---- Iter = 1/100 ----
	Updating Gamma...
	Updating Pi...
	Updating IDP parameters...
	Updating BM parameters...
	2999	0	0	0	0	0	0	0	0	0	0	0	0	0	0	0	0	0	0	0	0	0	0	0	0	0	0	0	0	0
	Objective function = -3119783.8247321253 rate = -0.05091386603956215
	Final Block Assignments:
	2999	0	0	0	0	0	0	0	0	0	0	0	0	0	0	0	0	0	0	0	0	0	0	0	0	0	0	0	0	0
Objective function = -3119783.8247321253

------ Initialization #44/10 ------
Objective at init = -3609868.5219190833

	---- Iter = 0/100 ----
	Updating Gamma...
	Updating Pi...
	Updating IDP parameters...
	Updating BM parameters...
	34	0	0	0	0	181	651	191	0	0	0	1827	0	0	0	0	0	0	1	0	0	0	0	111	0	0	0	3	0	0

	---- Iter = 1/100 ----
	Updating Gamma...
	Updating Pi...
	Updating IDP parameters...
	Updating BM parameters...
	1	2998	0	0	0	0	0	0	0	0	0	0	0	0	0	0	0	0	0	0	0	0	0	0	0	0	0	0	0	0
	Objective function = -3122609.132308226 rate = -0.05647292558385366
	Final Block Assignments:
	1	2998	0	0	0	0	0	0	0	0	0	0	0	0	0	0	0	0	0	0	0	0	0	0	0	0	0	0	0	0
Objective function = -3122609.132308226

------ Initialization #45/10 ------
Objective at init = -3614625.1868655793

	---- Iter = 0/100 ----
	Updating Gamma...
	Updating Pi...
	Updating IDP parameters...
	Updating BM parameters...
	0	119	2445	0	284	0	0	0	0	0	112	0	0	0	0	0	0	0	39	0	0	0	0	0	0	0	0	0	0	0

	---- Iter = 1/100 ----
	Updating Gamma...
	Updating Pi...
	Updating IDP parameters...
	Updating BM parameters...
	2999	0	0	0	0	0	0	0	0	0	0	0	0	0	0	0	0	0	0	0	0	0	0	0	0	0	0	0	0	0
	Objective function = -3113175.6556532434 rate = -0.04894762614515037
	Final Block Assignments:
	2999	0	0	0	0	0	0	0	0	0	0	0	0	0	0	0	0	0	0	0	0	0	0	0	0	0	0	0	0	0
Objective function = -3113175.6556532434

------ Initialization #46/10 ------
Objective at init = -3625748.892040554

	---- Iter = 0/100 ----
	Updating Gamma...
	Updating Pi...
	Updating IDP parameters...
	Updating BM parameters...
	0	0	53	0	0	0	0	0	0	0	89	0	0	0	0	2463	337	0	1	0	0	0	56	0	0	0	0	0	0	0

	---- Iter = 1/100 ----
	Updating Gamma...
	Updating Pi...
	Updating IDP parameters...
	Updating BM parameters...
	2999	0	0	0	0	0	0	0	0	0	0	0	0	0	0	0	0	0	0	0	0	0	0	0	0	0	0	0	0	0
	Objective function = -3126358.3619725774 rate = -0.04439747184918058
	Final Block Assignments:
	2999	0	0	0	0	0	0	0	0	0	0	0	0	0	0	0	0	0	0	0	0	0	0	0	0	0	0	0	0	0
Objective function = -3126358.3619725774

------ Initialization #47/10 ------
Objective at init = -3622237.2627841686

	---- Iter = 0/100 ----
	Updating Gamma...
	Updating Pi...
	Updating IDP parameters...
	Updating BM parameters...
	1	28	0	1	0	77	0	0	0	0	0	2464	1	286	0	0	0	0	85	0	0	0	0	0	0	0	54	0	2	0

	---- Iter = 1/100 ----
	Updating Gamma...
	Updating Pi...
	Updating IDP parameters...
	Updating BM parameters...
	1	0	2998	0	0	0	0	0	0	0	0	0	0	0	0	0	0	0	0	0	0	0	0	0	0	0	0	0	0	0
	Objective function = -3113210.8444693317 rate = -0.0455466058658623
	Final Block Assignments:
	1	0	2998	0	0	0	0	0	0	0	0	0	0	0	0	0	0	0	0	0	0	0	0	0	0	0	0	0	0	0
Objective function = -3113210.8444693317

------ Initialization #48/10 ------
Objective at init = -3615580.4615374273

	---- Iter = 0/100 ----
	Updating Gamma...
	Updating Pi...
	Updating IDP parameters...
	Updating BM parameters...
	0	0	0	0	0	0	0	0	90	109	0	0	23	0	0	1	0	0	3	0	9	0	0	2501	0	0	0	0	263	0

	---- Iter = 1/100 ----
	Updating Gamma...
	Updating Pi...
	Updating IDP parameters...
	Updating BM parameters...
	2999	0	0	0	0	0	0	0	0	0	0	0	0	0	0	0	0	0	0	0	0	0	0	0	0	0	0	0	0	0
	Objective function = -3119125.395856018 rate = -0.04640512925744702
	Final Block Assignments:
	2999	0	0	0	0	0	0	0	0	0	0	0	0	0	0	0	0	0	0	0	0	0	0	0	0	0	0	0	0	0
Objective function = -3119125.395856018

------ Initialization #49/10 ------
Objective at init = -3634294.166102471

	---- Iter = 0/100 ----
	Updating Gamma...
	Updating Pi...
	Updating IDP parameters...
	Updating BM parameters...
	0	0	0	266	0	6	0	83	0	0	0	0	0	0	107	0	0	0	0	0	0	0	82	0	0	0	0	61	0	2394

	---- Iter = 1/100 ----
	Updating Gamma...
	Updating Pi...
	Updating IDP parameters...
	Updating BM parameters...
