
------ Initialization #1/10 ------
Objective at init = -3618119.428182202

	---- Iter = 0/100 ----
	Updating Gamma...
	Updating Pi...
	Updating IDP parameters...
	Updating BM parameters...
	1871	0	733	395

	---- Iter = 1/100 ----
	Updating Gamma...
	Updating Pi...
	Updating IDP parameters...
	Updating BM parameters...
	0	2999	0	0
	Objective function = -3113500.35488606 rate = -0.04881779871182757
	Final Block Assignments:
	0	2999	0	0
Objective function = -3113500.35488606
Optimal parameter updated!

------ Initialization #2/10 ------
Objective at init = -3629473.2430295115

	---- Iter = 0/100 ----
	Updating Gamma...
	Updating Pi...
	Updating IDP parameters...
	Updating BM parameters...
	2493	57	448	1

	---- Iter = 1/100 ----
	Updating Gamma...
	Updating Pi...
	Updating IDP parameters...
	Updating BM parameters...
	2493	54	448	4
	Objective function = -2865754.426434104 rate = 0.04539786651317393

	---- Iter = 2/100 ----
	Updating Gamma...
	Updating Pi...
	Updating IDP parameters...
	Updating BM parameters...
	2357	190	448	4
	Objective function = -2749104.6191174164 rate = 0.04070474645025196

	---- Iter = 3/100 ----
	Updating Gamma...
	Updating Pi...
	Updating IDP parameters...
	Updating BM parameters...
	2264	283	448	4
	Objective function = -2653474.780607997 rate = 0.03478581274950564

	---- Iter = 4/100 ----
	Updating Gamma...
	Updating Pi...
	Updating IDP parameters...
	Updating BM parameters...
	2243	304	448	4
	Objective function = -2578085.4283480123 rate = 0.028411557860259957

	---- Iter = 5/100 ----
	Updating Gamma...
	Updating Pi...
	Updating IDP parameters...
	Updating BM parameters...
	z has converged
	Objective function = -2508742.7356699975 rate = 0.02689697242594797

	---- Iter = 6/100 ----
	Updating Gamma...
	Updating Pi...
	Updating IDP parameters...
	Updating BM parameters...
	z has converged
	Objective function = -2440090.181648095 rate = 0.027365322496317138

	---- Iter = 7/100 ----
	Updating Gamma...
	Updating Pi...
	Updating IDP parameters...
	Updating BM parameters...
	z has converged
	Objective function = -2371172.5351058487 rate = 0.02824389322188815

	---- Iter = 8/100 ----
	Updating Gamma...
	Updating Pi...
	Updating IDP parameters...
	Updating BM parameters...
	z has converged
	Objective function = -2301926.4742550515 rate = 0.029203299138122855

	---- Iter = 9/100 ----
	Updating Gamma...
	Updating Pi...
	Updating IDP parameters...
	Updating BM parameters...
	z has converged
	Objective function = -2232560.62947547 rate = 0.030133822932823885

	---- Iter = 10/100 ----
	Updating Gamma...
	Updating Pi...
	Updating IDP parameters...
	Updating BM parameters...
	z has converged
	Objective function = -2163367.2060908573 rate = 0.03099285299179963

	---- Iter = 11/100 ----
	Updating Gamma...
	Updating Pi...
	Updating IDP parameters...
	Updating BM parameters...
	z has converged
	Objective function = -2094672.9488340751 rate = 0.031753396771189255

	---- Iter = 12/100 ----
	Updating Gamma...
	Updating Pi...
	Updating IDP parameters...
	Updating BM parameters...
	z has converged
	Objective function = -2026819.3761909306 rate = 0.03239339710808448

	---- Iter = 13/100 ----
	Updating Gamma...
	Updating Pi...
	Updating IDP parameters...
	Updating BM parameters...
	z has converged
	Objective function = -1960151.9139738558 rate = 0.03289265091907953

	---- Iter = 14/100 ----
	Updating Gamma...
	Updating Pi...
	Updating IDP parameters...
	Updating BM parameters...
	z has converged
	Objective function = -1895011.4126821987 rate = 0.03323237389269306

	---- Iter = 15/100 ----
	Updating Gamma...
	Updating Pi...
	Updating IDP parameters...
	Updating BM parameters...
	z has converged
	Objective function = -1831726.4585879054 rate = 0.033395553013963006

	---- Iter = 16/100 ----
	Updating Gamma...
	Updating Pi...
	Updating IDP parameters...
	Updating BM parameters...
	z has converged
	Objective function = -1770606.1892749656 rate = 0.03336757463232693

	---- Iter = 17/100 ----
	Updating Gamma...
	Updating Pi...
	Updating IDP parameters...
	Updating BM parameters...
	z has converged
	Objective function = -1711933.7147244415 rate = 0.03313694197270905

	---- Iter = 18/100 ----
	Updating Gamma...
	Updating Pi...
	Updating IDP parameters...
	Updating BM parameters...
	z has converged
	Objective function = -1655960.3387659176 rate = 0.03269599487240288

	---- Iter = 19/100 ----
	Updating Gamma...
	Updating Pi...
	Updating IDP parameters...
	Updating BM parameters...
	z has converged
	Objective function = -1602900.7746907442 rate = 0.03204156695849085

	---- Iter = 20/100 ----
	Updating Gamma...
	Updating Pi...
	Updating IDP parameters...
	Updating BM parameters...
	z has converged
	Objective function = -1552929.5138958714 rate = 0.031175517277115355

	---- Iter = 21/100 ----
	Updating Gamma...
	Updating Pi...
	Updating IDP parameters...
	Updating BM parameters...
	z has converged
	Objective function = -1506178.457397543 rate = 0.03010507307639673

	---- Iter = 22/100 ----
	Updating Gamma...
	Updating Pi...
	Updating IDP parameters...
	Updating BM parameters...
	z has converged
	Objective function = -1462735.8639702832 rate = 0.028842925759489473

	---- Iter = 23/100 ----
	Updating Gamma...
	Updating Pi...
	Updating IDP parameters...
	Updating BM parameters...
	z has converged
	Objective function = -1422646.6097349855 rate = 0.0274070358311199

	---- Iter = 24/100 ----
	Updating Gamma...
	Updating Pi...
	Updating IDP parameters...
	Updating BM parameters...
	z has converged
	Objective function = -1385913.696231116 rate = 0.025820125147391414

	---- Iter = 25/100 ----
	Updating Gamma...
	Updating Pi...
	Updating IDP parameters...
	Updating BM parameters...
	z has converged
	Objective function = -1352500.8891321155 rate = 0.02410886564572099

	---- Iter = 26/100 ----
	Updating Gamma...
	Updating Pi...
	Updating IDP parameters...
	Updating BM parameters...
	z has converged
	Objective function = -1322336.316852821 rate = 0.02230281142266069

	---- Iter = 27/100 ----
	Updating Gamma...
	Updating Pi...
	Updating IDP parameters...
	Updating BM parameters...
	z has converged
	Objective function = -1295316.8081100767 rate = 0.020433159400061813

	---- Iter = 28/100 ----
	Updating Gamma...
	Updating Pi...
	Updating IDP parameters...
	Updating BM parameters...
	z has converged
	Objective function = -1271312.7075908815 rate = 0.018531451432501844

	---- Iter = 29/100 ----
	Updating Gamma...
	Updating Pi...
	Updating IDP parameters...
	Updating BM parameters...
	z has converged
	Objective function = -1250172.8919115427 rate = 0.016628336642208506

	---- Iter = 30/100 ----
	Updating Gamma...
	Updating Pi...
	Updating IDP parameters...
	Updating BM parameters...
	z has converged
	Objective function = -1231729.7295276094 rate = 0.014752489438267458

	---- Iter = 31/100 ----
	Updating Gamma...
	Updating Pi...
	Updating IDP parameters...
	Updating BM parameters...
	z has converged
	Objective function = -1215803.8118722318 rate = 0.012929717675553325

	---- Iter = 32/100 ----
	Updating Gamma...
	Updating Pi...
	Updating IDP parameters...
	Updating BM parameters...
	z has converged
	Objective function = -1202208.461149625 rate = 0.011182191230072807

	---- Iter = 33/100 ----
	Updating Gamma...
	Updating Pi...
	Updating IDP parameters...
	Updating BM parameters...
	z has converged
	Objective function = -1190754.2861152631 rate = 0.009527611395621614

	---- Iter = 34/100 ----
	Updating Gamma...
	Updating Pi...
	Updating IDP parameters...
	Updating BM parameters...
	z has converged
	Objective function = -1181254.2068489906 rate = 0.007978202872790578

	---- Iter = 35/100 ----
	Updating Gamma...
	Updating Pi...
	Updating IDP parameters...
	Updating BM parameters...
	z has converged
	Objective function = -1173528.8182923535 rate = 0.006539988185307434

	---- Iter = 36/100 ----
	Updating Gamma...
	Updating Pi...
	Updating IDP parameters...
	Updating BM parameters...
	z has converged
	Objective function = -1167410.1014369421 rate = 0.0052139468243438585

	---- Iter = 37/100 ----
	Updating Gamma...
	Updating Pi...
	Updating IDP parameters...
	Updating BM parameters...
	z has converged
	Objective function = -1162738.9340017224 rate = 0.004001308048876822

	---- Iter = 38/100 ----
	Updating Gamma...
	Updating Pi...
	Updating IDP parameters...
	Updating BM parameters...
	z has converged
	Objective function = -1159349.8649277182 rate = 0.002914729157937675

	---- Iter = 39/100 ----
	Updating Gamma...
	Updating Pi...
	Updating IDP parameters...
	Updating BM parameters...
	z has converged
	Objective function = -1157031.7618358226 rate = 0.001999485368500135

	---- Iter = 40/100 ----
	Updating Gamma...
	Updating Pi...
	Updating IDP parameters...
	Updating BM parameters...
	z has converged
	Objective function = -1155444.533024764 rate = 0.0013718109246545487

	---- Iter = 41/100 ----
	Updating Gamma...
	Updating Pi...
	Updating IDP parameters...
	Updating BM parameters...
	z has converged
	Objective function = -1154047.8336095687 rate = 0.0012087983241730678

	---- Iter = 42/100 ----
	Updating Gamma...
	Updating Pi...
	Updating IDP parameters...
	Updating BM parameters...
	z has converged
	Objective function = -1152434.5100489403 rate = 0.0013979694026912861

	---- Iter = 43/100 ----
	Updating Gamma...
	Updating Pi...
	Updating IDP parameters...
	Updating BM parameters...
	z has converged
	Objective function = -1151060.3532134607 rate = 0.0011923947291558508

	---- Iter = 44/100 ----
	Updating Gamma...
	Updating Pi...
	Updating IDP parameters...
	Updating BM parameters...
	z has converged
	Objective function = -1150726.4641535277 rate = 2.900708542352025E-4

	---- Iter = 45/100 ----
	Updating Gamma...
	Updating Pi...
	Updating IDP parameters...
	Updating BM parameters...
	z has converged
	Objective function = -1151527.6309746543 rate = -6.962269888491095E-4
	Final Block Assignments:
	2243	304	448	4
Objective function = -1151527.6309746543
Optimal parameter updated!

------ Initialization #3/10 ------
Objective at init = -3628379.7096280986

	---- Iter = 0/100 ----
	Updating Gamma...
	Updating Pi...
	Updating IDP parameters...
	Updating BM parameters...
	425	1	2573	0

	---- Iter = 1/100 ----
	Updating Gamma...
	Updating Pi...
	Updating IDP parameters...
	Updating BM parameters...
	1	0	0	2998
	Objective function = -3110720.0595751978 rate = -0.03510798318331316
	Final Block Assignments:
	1	0	0	2998
Objective function = -3110720.0595751978

------ Initialization #4/10 ------
Objective at init = -3636627.434755466

	---- Iter = 0/100 ----
	Updating Gamma...
	Updating Pi...
	Updating IDP parameters...
	Updating BM parameters...
	281	184	2516	18

	---- Iter = 1/100 ----
	Updating Gamma...
	Updating Pi...
	Updating IDP parameters...
	Updating BM parameters...
	138	323	2516	22
	Objective function = -2850049.352366445 rate = 0.04887976781744857

	---- Iter = 2/100 ----
	Updating Gamma...
	Updating Pi...
	Updating IDP parameters...
	Updating BM parameters...
	138	323	2417	121
	Objective function = -2736804.7801071447 rate = 0.039734249571949154

	---- Iter = 3/100 ----
	Updating Gamma...
	Updating Pi...
	Updating IDP parameters...
	Updating BM parameters...
	138	323	2289	249
	Objective function = -2638712.3406341104 rate = 0.03584195708295791

	---- Iter = 4/100 ----
	Updating Gamma...
	Updating Pi...
	Updating IDP parameters...
	Updating BM parameters...
	138	323	2252	286
	Objective function = -2562042.9683876 rate = 0.029055600743537618

	---- Iter = 5/100 ----
	Updating Gamma...
	Updating Pi...
	Updating IDP parameters...
	Updating BM parameters...
	z has converged
	Objective function = -2493149.8680421757 rate = 0.026889908247238203

	---- Iter = 6/100 ----
	Updating Gamma...
	Updating Pi...
	Updating IDP parameters...
	Updating BM parameters...
	z has converged
	Objective function = -2425274.579832697 rate = 0.027224712432863108

	---- Iter = 7/100 ----
	Updating Gamma...
	Updating Pi...
	Updating IDP parameters...
	Updating BM parameters...
	z has converged
	Objective function = -2357211.5201298534 rate = 0.02806406345443106

	---- Iter = 8/100 ----
	Updating Gamma...
	Updating Pi...
	Updating IDP parameters...
	Updating BM parameters...
	z has converged
	Objective function = -2288817.5457357946 rate = 0.029014780307153404

	---- Iter = 9/100 ----
	Updating Gamma...
	Updating Pi...
	Updating IDP parameters...
	Updating BM parameters...
	z has converged
	Objective function = -2220289.9675480933 rate = 0.02994016640398983

	---- Iter = 10/100 ----
	Updating Gamma...
	Updating Pi...
	Updating IDP parameters...
	Updating BM parameters...
	z has converged
	Objective function = -2151911.5939610526 rate = 0.030797046595923767

	---- Iter = 11/100 ----
	Updating Gamma...
	Updating Pi...
	Updating IDP parameters...
	Updating BM parameters...
	z has converged
	Objective function = -2084000.1888677015 rate = 0.031558640830753514

	---- Iter = 12/100 ----
	Updating Gamma...
	Updating Pi...
	Updating IDP parameters...
	Updating BM parameters...
	z has converged
	Objective function = -2016888.425829608 rate = 0.03220333827059644

	---- Iter = 13/100 ----
	Updating Gamma...
	Updating Pi...
	Updating IDP parameters...
	Updating BM parameters...
	z has converged
	Objective function = -1950913.4091679219 rate = 0.03271128725653159

	---- Iter = 14/100 ----
	Updating Gamma...
	Updating Pi...
	Updating IDP parameters...
	Updating BM parameters...
	z has converged
	Objective function = -1886408.4201735908 rate = 0.03306399386625925

	---- Iter = 15/100 ----
	Updating Gamma...
	Updating Pi...
	Updating IDP parameters...
	Updating BM parameters...
	z has converged
	Objective function = -1823695.4279890445 rate = 0.033244652384861254

	---- Iter = 16/100 ----
	Updating Gamma...
	Updating Pi...
	Updating IDP parameters...
	Updating BM parameters...
	z has converged
	Objective function = -1763078.0980010754 rate = 0.03323873551342432

	---- Iter = 17/100 ----
	Updating Gamma...
	Updating Pi...
	Updating IDP parameters...
	Updating BM parameters...
	z has converged
	Objective function = -1704835.3825275323 rate = 0.03303467698882822

	---- Iter = 18/100 ----
	Updating Gamma...
	Updating Pi...
	Updating IDP parameters...
	Updating BM parameters...
	z has converged
	Objective function = -1649215.8630093073 rate = 0.032624568969096206

	---- Iter = 19/100 ----
	Updating Gamma...
	Updating Pi...
	Updating IDP parameters...
	Updating BM parameters...
	z has converged
	Objective function = -1596433.0195076298 rate = 0.03200481191429071

	---- Iter = 20/100 ----
	Updating Gamma...
	Updating Pi...
	Updating IDP parameters...
	Updating BM parameters...
	z has converged
	Objective function = -1546661.5815310883 rate = 0.031176652805572712

	---- Iter = 21/100 ----
	Updating Gamma...
	Updating Pi...
	Updating IDP parameters...
	Updating BM parameters...
	z has converged
	Objective function = -1500035.080008953 rate = 0.030146544065559708

	---- Iter = 22/100 ----
	Updating Gamma...
	Updating Pi...
	Updating IDP parameters...
	Updating BM parameters...
	z has converged
	Objective function = -1456644.678696235 rate = 0.028926257719558923

	---- Iter = 23/100 ----
	Updating Gamma...
	Updating Pi...
	Updating IDP parameters...
	Updating BM parameters...
	z has converged
	Objective function = -1416539.3162108164 rate = 0.02753270105741555

	---- Iter = 24/100 ----
	Updating Gamma...
	Updating Pi...
	Updating IDP parameters...
	Updating BM parameters...
	z has converged
	Objective function = -1379727.1385409844 rate = 0.025987402713468666

	---- Iter = 25/100 ----
	Updating Gamma...
	Updating Pi...
	Updating IDP parameters...
	Updating BM parameters...
	z has converged
	Objective function = -1346178.1485560092 rate = 0.02431567014072952

	---- Iter = 26/100 ----
	Updating Gamma...
	Updating Pi...
	Updating IDP parameters...
	Updating BM parameters...
	z has converged
	Objective function = -1315827.9474759598 rate = 0.02254545664153353

	---- Iter = 27/100 ----
	Updating Gamma...
	Updating Pi...
	Updating IDP parameters...
	Updating BM parameters...
	z has converged
	Objective function = -1288582.398029329 rate = 0.02070601213395229

	---- Iter = 28/100 ----
	Updating Gamma...
	Updating Pi...
	Updating IDP parameters...
	Updating BM parameters...
	z has converged
	Objective function = -1264323.0040875496 rate = 0.018826420397236584

	---- Iter = 29/100 ----
	Updating Gamma...
	Updating Pi...
	Updating IDP parameters...
	Updating BM parameters...
	z has converged
	Objective function = -1242912.7779985263 rate = 0.01693414263586452

	---- Iter = 30/100 ----
	Updating Gamma...
	Updating Pi...
	Updating IDP parameters...
	Updating BM parameters...
	z has converged
	Objective function = -1224202.3503910431 rate = 0.015053693178384408

	---- Iter = 31/100 ----
	Updating Gamma...
	Updating Pi...
	Updating IDP parameters...
	Updating BM parameters...
	z has converged
	Objective function = -1208036.0603229604 rate = 0.013205570192639147

	---- Iter = 32/100 ----
	Updating Gamma...
	Updating Pi...
	Updating IDP parameters...
	Updating BM parameters...
	z has converged
	Objective function = -1194257.7594810377 rate = 0.01140553771071958

	---- Iter = 33/100 ----
	Updating Gamma...
	Updating Pi...
	Updating IDP parameters...
	Updating BM parameters...
	z has converged
	Objective function = -1182716.197043535 rate = 0.009664213898445198

	---- Iter = 34/100 ----
	Updating Gamma...
	Updating Pi...
	Updating IDP parameters...
	Updating BM parameters...
	z has converged
	Objective function = -1173270.430654771 rate = 0.007986502943289316

	---- Iter = 35/100 ----
	Updating Gamma...
	Updating Pi...
	Updating IDP parameters...
	Updating BM parameters...
	z has converged
	Objective function = -1165796.1942555283 rate = 0.0063704293604940525

	---- Iter = 36/100 ----
	Updating Gamma...
	Updating Pi...
	Updating IDP parameters...
	Updating BM parameters...
	z has converged
	Objective function = -1160189.5393019763 rate = 0.004809292551458642

	---- Iter = 37/100 ----
	Updating Gamma...
	Updating Pi...
	Updating IDP parameters...
	Updating BM parameters...
	z has converged
	Objective function = -1156349.887117929 rate = 0.0033095042266605705

	---- Iter = 38/100 ----
	Updating Gamma...
	Updating Pi...
	Updating IDP parameters...
	Updating BM parameters...
	z has converged
	Objective function = -1154113.668437104 rate = 0.0019338599032500499

	---- Iter = 39/100 ----
	Updating Gamma...
	Updating Pi...
	Updating IDP parameters...
	Updating BM parameters...
	z has converged
	Objective function = -1153072.834641799 rate = 9.01846866361412E-4

	---- Iter = 40/100 ----
	Updating Gamma...
	Updating Pi...
	Updating IDP parameters...
	Updating BM parameters...
	z has converged
	Objective function = -1152419.4242161773 rate = 5.666688226375263E-4

	---- Iter = 41/100 ----
	Updating Gamma...
	Updating Pi...
	Updating IDP parameters...
	Updating BM parameters...
	138	323	2252	286
	Objective function = -1152128.265209339 rate = 2.5265020765877325E-4

	---- Iter = 42/100 ----
	Updating Gamma...
	Updating Pi...
	Updating IDP parameters...
	Updating BM parameters...
	140	321	2252	286
	Objective function = -1154298.9061772288 rate = -0.0018840271812056346
	Final Block Assignments:
	140	321	2252	286
Objective function = -1154298.9061772288

------ Initialization #5/10 ------
Objective at init = -3626854.0205437867

	---- Iter = 0/100 ----
	Updating Gamma...
	Updating Pi...
	Updating IDP parameters...
	Updating BM parameters...
	0	107	2485	407

	---- Iter = 1/100 ----
	Updating Gamma...
	Updating Pi...
	Updating IDP parameters...
	Updating BM parameters...
	2999	0	0	0
	Objective function = -3121575.686510591 rate = -0.04148705146228564
	Final Block Assignments:
	2999	0	0	0
Objective function = -3121575.686510591

------ Initialization #6/10 ------
Objective at init = -3634041.3175511556

	---- Iter = 0/100 ----
	Updating Gamma...
	Updating Pi...
	Updating IDP parameters...
	Updating BM parameters...
	985	0	1482	532

	---- Iter = 1/100 ----
	Updating Gamma...
	Updating Pi...
	Updating IDP parameters...
	Updating BM parameters...
	0	2999	0	0
	Objective function = -3129042.193178202 rate = -0.04312753572019425
	Final Block Assignments:
	0	2999	0	0
Objective function = -3129042.193178202

------ Initialization #7/10 ------
Objective at init = -3627473.2228703373

	---- Iter = 0/100 ----
	Updating Gamma...
	Updating Pi...
	Updating IDP parameters...
	Updating BM parameters...
	0	0	424	2575

	---- Iter = 1/100 ----
	Updating Gamma...
	Updating Pi...
	Updating IDP parameters...
	Updating BM parameters...
	2999	0	0	0
	Objective function = -3107732.0378172477 rate = -0.034511832772748156
	Final Block Assignments:
	2999	0	0	0
Objective function = -3107732.0378172477

------ Initialization #8/10 ------
Objective at init = -3625928.878961273

	---- Iter = 0/100 ----
	Updating Gamma...
	Updating Pi...
	Updating IDP parameters...
	Updating BM parameters...
	284	2510	205	0

	---- Iter = 1/100 ----
	Updating Gamma...
	Updating Pi...
	Updating IDP parameters...
	Updating BM parameters...
	1	0	0	2998
	Objective function = -3118843.071771732 rate = -0.044167955228301366
	Final Block Assignments:
	1	0	0	2998
Objective function = -3118843.071771732

------ Initialization #9/10 ------
Objective at init = -3628539.384545391

	---- Iter = 0/100 ----
	Updating Gamma...
	Updating Pi...
	Updating IDP parameters...
	Updating BM parameters...
	382	0	90	2527

	---- Iter = 1/100 ----
	Updating Gamma...
	Updating Pi...
	Updating IDP parameters...
	Updating BM parameters...
	1	2998	0	0
	Objective function = -3116188.393207674 rate = -0.040372784235024314
	Final Block Assignments:
	1	2998	0	0
Objective function = -3116188.393207674

------ Initialization #10/10 ------
Objective at init = -3625641.6975518838

	---- Iter = 0/100 ----
	Updating Gamma...
	Updating Pi...
	Updating IDP parameters...
	Updating BM parameters...
	0	63	496	2440

	---- Iter = 1/100 ----
	Updating Gamma...
	Updating Pi...
	Updating IDP parameters...
	Updating BM parameters...
	2999	0	0	0
	Objective function = -3107173.6623219647 rate = -0.03569381668731363
	Final Block Assignments:
	2999	0	0	0
Objective function = -3107173.6623219647
Final Block Assignments:
	2243	304	448	4

------ Evaluation ------
	------ Training ------
	Size of +'s = 634607.0  Size of -'s = 634607.0
	sortedProbs size = 1269214
	AUC between 0.9091384322201733 and 0.9091384322201733
	newY = 0.9999999999937926 newX = 0.9999999999937926
	------ Testing ------
	Size of +'s = 70512.0  Size of -'s = 70512.0
	sortedProbs size = 141024
	AUC between 0.9080109293829073 and 0.9080109293829073
	newY = 1.0000000000012483 newX = 1.0000000000012483
