
------ Initialization #1/10 ------
Objective at init = -3618124.929784568

	---- Iter = 0/100 ----
	Updating Gamma...
	Updating Pi...
	Updating IDP parameters...
	Updating BM parameters...
	1	465	2525	0	8

	---- Iter = 1/100 ----
	Updating Gamma...
	Updating Pi...
	Updating IDP parameters...
	Updating BM parameters...
	1	0	0	2998	0
	Objective function = -3103355.3523182333 rate = -0.034643549667813564
	Final Block Assignments:
	1	0	0	2998	0
Objective function = -3103355.3523182333
Optimal parameter updated!

------ Initialization #2/10 ------
Objective at init = -3629063.4263865575

	---- Iter = 0/100 ----
	Updating Gamma...
	Updating Pi...
	Updating IDP parameters...
	Updating BM parameters...
	7	182	253	2479	78

	---- Iter = 1/100 ----
	Updating Gamma...
	Updating Pi...
	Updating IDP parameters...
	Updating BM parameters...
	4	92	343	2479	81
	Objective function = -2841948.618241123 rate = 0.048292682068266445

	---- Iter = 2/100 ----
	Updating Gamma...
	Updating Pi...
	Updating IDP parameters...
	Updating BM parameters...
	7	92	343	2313	244
	Objective function = -2719577.7417991147 rate = 0.04305879270883627

	---- Iter = 3/100 ----
	Updating Gamma...
	Updating Pi...
	Updating IDP parameters...
	Updating BM parameters...
	6	93	343	2253	304
	Objective function = -2629886.647568516 rate = 0.03297978684413866

	---- Iter = 4/100 ----
	Updating Gamma...
	Updating Pi...
	Updating IDP parameters...
	Updating BM parameters...
	6	93	343	2242	315
	Objective function = -2557717.2523101484 rate = 0.027442017444018873

	---- Iter = 5/100 ----
	Updating Gamma...
	Updating Pi...
	Updating IDP parameters...
	Updating BM parameters...
	z has converged
	Objective function = -2489514.821802465 rate = 0.026665351866428058

	---- Iter = 6/100 ----
	Updating Gamma...
	Updating Pi...
	Updating IDP parameters...
	Updating BM parameters...
	z has converged
	Objective function = -2421694.592287861 rate = 0.02724234815581479

	---- Iter = 7/100 ----
	Updating Gamma...
	Updating Pi...
	Updating IDP parameters...
	Updating BM parameters...
	z has converged
	Objective function = -2353532.216114798 rate = 0.028146561663940993

	---- Iter = 8/100 ----
	Updating Gamma...
	Updating Pi...
	Updating IDP parameters...
	Updating BM parameters...
	z has converged
	Objective function = -2285030.8008900313 rate = 0.02910579033324162

	---- Iter = 9/100 ----
	Updating Gamma...
	Updating Pi...
	Updating IDP parameters...
	Updating BM parameters...
	z has converged
	Objective function = -2216408.8941659727 rate = 0.030031064219059968

	---- Iter = 10/100 ----
	Updating Gamma...
	Updating Pi...
	Updating IDP parameters...
	Updating BM parameters...
	z has converged
	Objective function = -2147959.188269316 rate = 0.030883157921279634

	---- Iter = 11/100 ----
	Updating Gamma...
	Updating Pi...
	Updating IDP parameters...
	Updating BM parameters...
	z has converged
	Objective function = -2080006.0467516838 rate = 0.03163614182650489

	---- Iter = 12/100 ----
	Updating Gamma...
	Updating Pi...
	Updating IDP parameters...
	Updating BM parameters...
	z has converged
	Objective function = -2012888.0969088187 rate = 0.03226815131027252

	---- Iter = 13/100 ----
	Updating Gamma...
	Updating Pi...
	Updating IDP parameters...
	Updating BM parameters...
	z has converged
	Objective function = -1946947.877085466 rate = 0.03275900926863088

	---- Iter = 14/100 ----
	Updating Gamma...
	Updating Pi...
	Updating IDP parameters...
	Updating BM parameters...
	z has converged
	Objective function = -1882523.4517154086 rate = 0.03308995897029311

	---- Iter = 15/100 ----
	Updating Gamma...
	Updating Pi...
	Updating IDP parameters...
	Updating BM parameters...
	z has converged
	Objective function = -1819940.7282170535 rate = 0.033244060487707595

	---- Iter = 16/100 ----
	Updating Gamma...
	Updating Pi...
	Updating IDP parameters...
	Updating BM parameters...
	z has converged
	Objective function = -1759506.2782890082 rate = 0.033206823162450605

	---- Iter = 17/100 ----
	Updating Gamma...
	Updating Pi...
	Updating IDP parameters...
	Updating BM parameters...
	z has converged
	Objective function = -1701500.777354189 rate = 0.03296691898776591

	---- Iter = 18/100 ----
	Updating Gamma...
	Updating Pi...
	Updating IDP parameters...
	Updating BM parameters...
	z has converged
	Objective function = -1646173.251848785 rate = 0.03251689698986653

	---- Iter = 19/100 ----
	Updating Gamma...
	Updating Pi...
	Updating IDP parameters...
	Updating BM parameters...
	z has converged
	Objective function = -1593736.3218510463 rate = 0.031853834302584975

	---- Iter = 20/100 ----
	Updating Gamma...
	Updating Pi...
	Updating IDP parameters...
	Updating BM parameters...
	z has converged
	Objective function = -1544362.5956350772 rate = 0.030979858800371646

	---- Iter = 21/100 ----
	Updating Gamma...
	Updating Pi...
	Updating IDP parameters...
	Updating BM parameters...
	z has converged
	Objective function = -1498182.3299862924 rate = 0.029902476127890442

	---- Iter = 22/100 ----
	Updating Gamma...
	Updating Pi...
	Updating IDP parameters...
	Updating BM parameters...
	z has converged
	Objective function = -1455282.4203266108 rate = 0.02863463865581309

	---- Iter = 23/100 ----
	Updating Gamma...
	Updating Pi...
	Updating IDP parameters...
	Updating BM parameters...
	z has converged
	Objective function = -1415706.7254399639 rate = 0.02719451175515809

	---- Iter = 24/100 ----
	Updating Gamma...
	Updating Pi...
	Updating IDP parameters...
	Updating BM parameters...
	z has converged
	Objective function = -1379457.6584657864 rate = 0.025604926728671328

	---- Iter = 25/100 ----
	Updating Gamma...
	Updating Pi...
	Updating IDP parameters...
	Updating BM parameters...
	z has converged
	Objective function = -1346498.897506184 rate = 0.023892549914332782

	---- Iter = 26/100 ----
	Updating Gamma...
	Updating Pi...
	Updating IDP parameters...
	Updating BM parameters...
	z has converged
	Objective function = -1316759.0185508528 rate = 0.02208682013064521

	---- Iter = 27/100 ----
	Updating Gamma...
	Updating Pi...
	Updating IDP parameters...
	Updating BM parameters...
	z has converged
	Objective function = -1290135.8516185996 rate = 0.02021870863018888

	---- Iter = 28/100 ----
	Updating Gamma...
	Updating Pi...
	Updating IDP parameters...
	Updating BM parameters...
	z has converged
	Objective function = -1266501.365066259 rate = 0.018319378166794558

	---- Iter = 29/100 ----
	Updating Gamma...
	Updating Pi...
	Updating IDP parameters...
	Updating BM parameters...
	z has converged
	Objective function = -1245706.840051045 rate = 0.016418872958834985

	---- Iter = 30/100 ----
	Updating Gamma...
	Updating Pi...
	Updating IDP parameters...
	Updating BM parameters...
	z has converged
	Objective function = -1227588.0377666645 rate = 0.014544997026457663

	---- Iter = 31/100 ----
	Updating Gamma...
	Updating Pi...
	Updating IDP parameters...
	Updating BM parameters...
	z has converged
	Objective function = -1211970.0424917496 rate = 0.012722505265959187

	---- Iter = 32/100 ----
	Updating Gamma...
	Updating Pi...
	Updating IDP parameters...
	Updating BM parameters...
	z has converged
	Objective function = -1198671.4771359933 rate = 0.010972684876282203

	---- Iter = 33/100 ----
	Updating Gamma...
	Updating Pi...
	Updating IDP parameters...
	Updating BM parameters...
	z has converged
	Objective function = -1187507.815991242 rate = 0.009313361799035118

	---- Iter = 34/100 ----
	Updating Gamma...
	Updating Pi...
	Updating IDP parameters...
	Updating BM parameters...
	z has converged
	Objective function = -1178293.610462509 rate = 0.0077592799008581945

	---- Iter = 35/100 ----
	Updating Gamma...
	Updating Pi...
	Updating IDP parameters...
	Updating BM parameters...
	z has converged
	Objective function = -1170843.7017457439 rate = 0.006322625066125039

	---- Iter = 36/100 ----
	Updating Gamma...
	Updating Pi...
	Updating IDP parameters...
	Updating BM parameters...
	z has converged
	Objective function = -1164974.1290135926 rate = 0.005013113811347869

	---- Iter = 37/100 ----
	Updating Gamma...
	Updating Pi...
	Updating IDP parameters...
	Updating BM parameters...
	z has converged
	Objective function = -1160504.6198076596 rate = 0.003836573787022538

	---- Iter = 38/100 ----
	Updating Gamma...
	Updating Pi...
	Updating IDP parameters...
	Updating BM parameters...
	z has converged
	Objective function = -1157258.5465962933 rate = 0.002797122179405292

	---- Iter = 39/100 ----
	Updating Gamma...
	Updating Pi...
	Updating IDP parameters...
	Updating BM parameters...
	z has converged
	Objective function = -1155022.8606234048 rate = 0.0019318811509010196

	---- Iter = 40/100 ----
	Updating Gamma...
	Updating Pi...
	Updating IDP parameters...
	Updating BM parameters...
	z has converged
	Objective function = -1153427.2180792089 rate = 0.0013814813529619363

	---- Iter = 41/100 ----
	Updating Gamma...
	Updating Pi...
	Updating IDP parameters...
	Updating BM parameters...
	6	96	340	2242	315
	Objective function = -1151717.931422276 rate = 0.0014819198213298311

	---- Iter = 42/100 ----
	Updating Gamma...
	Updating Pi...
	Updating IDP parameters...
	Updating BM parameters...
	6	97	339	2242	315
	Objective function = -1149874.8171254792 rate = 0.0016003174444984448

	---- Iter = 43/100 ----
	Updating Gamma...
	Updating Pi...
	Updating IDP parameters...
	Updating BM parameters...
	z has converged
	Objective function = -1148465.5350181141 rate = 0.0012255961139214149

	---- Iter = 44/100 ----
	Updating Gamma...
	Updating Pi...
	Updating IDP parameters...
	Updating BM parameters...
	z has converged
	Objective function = -1148151.7047582683 rate = 2.7326049435247096E-4

	---- Iter = 45/100 ----
	Updating Gamma...
	Updating Pi...
	Updating IDP parameters...
	Updating BM parameters...
	6	98	339	2242	314
	Objective function = -1148615.5209321561 rate = -4.039676742765133E-4
	Final Block Assignments:
	6	98	339	2242	314
Objective function = -1148615.5209321561
Optimal parameter updated!

------ Initialization #3/10 ------
Objective at init = -3627678.20073271

	---- Iter = 0/100 ----
	Updating Gamma...
	Updating Pi...
	Updating IDP parameters...
	Updating BM parameters...
	394	2575	30	0	0

	---- Iter = 1/100 ----
	Updating Gamma...
	Updating Pi...
	Updating IDP parameters...
	Updating BM parameters...
	1	0	0	2998	0
	Objective function = -3112279.699514834 rate = -0.036935983642379204
	Final Block Assignments:
	1	0	0	2998	0
Objective function = -3112279.699514834

------ Initialization #4/10 ------
Objective at init = -3636925.379925898

	---- Iter = 0/100 ----
	Updating Gamma...
	Updating Pi...
	Updating IDP parameters...
	Updating BM parameters...
	147	2426	426	0	0

	---- Iter = 1/100 ----
	Updating Gamma...
	Updating Pi...
	Updating IDP parameters...
	Updating BM parameters...
	1	0	0	2998	0
	Objective function = -3126987.0287762773 rate = -0.04162214561603075
	Final Block Assignments:
	1	0	0	2998	0
Objective function = -3126987.0287762773

------ Initialization #5/10 ------
Objective at init = -3626588.6438736995

	---- Iter = 0/100 ----
	Updating Gamma...
	Updating Pi...
	Updating IDP parameters...
	Updating BM parameters...
	429	96	0	2474	0

	---- Iter = 1/100 ----
	Updating Gamma...
	Updating Pi...
	Updating IDP parameters...
	Updating BM parameters...
	1	0	2998	0	0
	Objective function = -3120897.8816452464 rate = -0.04053009297912334
	Final Block Assignments:
	1	0	2998	0	0
Objective function = -3120897.8816452464

------ Initialization #6/10 ------
Objective at init = -3633848.9300604486

	---- Iter = 0/100 ----
	Updating Gamma...
	Updating Pi...
	Updating IDP parameters...
	Updating BM parameters...
	2495	435	0	0	69

	---- Iter = 1/100 ----
	Updating Gamma...
	Updating Pi...
	Updating IDP parameters...
	Updating BM parameters...
	1	0	2998	0	0
	Objective function = -3124122.23880844 rate = -0.03774588109660788
	Final Block Assignments:
	1	0	2998	0	0
Objective function = -3124122.23880844

------ Initialization #7/10 ------
Objective at init = -3627863.579319655

	---- Iter = 0/100 ----
	Updating Gamma...
	Updating Pi...
	Updating IDP parameters...
	Updating BM parameters...
	2552	43	0	404	0

	---- Iter = 1/100 ----
	Updating Gamma...
	Updating Pi...
	Updating IDP parameters...
	Updating BM parameters...
	0	1	2998	0	0
	Objective function = -3109718.5556392106 rate = -0.036885770424922366
	Final Block Assignments:
	0	1	2998	0	0
Objective function = -3109718.5556392106

------ Initialization #8/10 ------
Objective at init = -3626088.40224212

	---- Iter = 0/100 ----
	Updating Gamma...
	Updating Pi...
	Updating IDP parameters...
	Updating BM parameters...
	0	1	0	464	2534

	---- Iter = 1/100 ----
	Updating Gamma...
	Updating Pi...
	Updating IDP parameters...
	Updating BM parameters...
	2999	0	0	0	0
	Objective function = -3113063.2765183267 rate = -0.0361558454494603
	Final Block Assignments:
	2999	0	0	0	0
Objective function = -3113063.2765183267

------ Initialization #9/10 ------
Objective at init = -3628070.0590353087

	---- Iter = 0/100 ----
	Updating Gamma...
	Updating Pi...
	Updating IDP parameters...
	Updating BM parameters...
	2557	0	164	0	278

	---- Iter = 1/100 ----
	Updating Gamma...
	Updating Pi...
	Updating IDP parameters...
	Updating BM parameters...
	0	2999	0	0	0
	Objective function = -3116861.084469853 rate = -0.04195474933629722
	Final Block Assignments:
	0	2999	0	0	0
Objective function = -3116861.084469853

------ Initialization #10/10 ------
Objective at init = -3625549.2789413263

	---- Iter = 0/100 ----
	Updating Gamma...
	Updating Pi...
	Updating IDP parameters...
	Updating BM parameters...
	381	2499	0	119	0

	---- Iter = 1/100 ----
	Updating Gamma...
	Updating Pi...
	Updating IDP parameters...
	Updating BM parameters...
	1	0	2998	0	0
	Objective function = -3107481.3612472573 rate = -0.037920079891958135
	Final Block Assignments:
	1	0	2998	0	0
Objective function = -3107481.3612472573
Final Block Assignments:
	6	98	339	2242	314

------ Evaluation ------
	------ Training ------
	Size of +'s = 634607.0  Size of -'s = 634607.0
	sortedProbs size = 1269214
	AUC between 0.9093071365512244 and 0.9093071365512244
	newY = 0.9999999999937926 newX = 0.9999999999937926
	------ Testing ------
	Size of +'s = 70512.0  Size of -'s = 70512.0
	sortedProbs size = 141024
	AUC between 0.9081612181389507 and 0.9081612181389507
	newY = 1.0000000000012483 newX = 1.0000000000012483
