
------ Initialization #1/10 ------
Objective at init = -3617884.585217859

	---- Iter = 0/100 ----
	Updating Gamma...
	Updating Pi...
	Updating IDP parameters...
	Updating BM parameters...
	441	2558	0	0	0	0

	---- Iter = 1/100 ----
	Updating Gamma...
	Updating Pi...
	Updating IDP parameters...
	Updating BM parameters...
	1	0	2998	0	0	0
	Objective function = -3103084.226371136 rate = -0.03437806883081078
	Final Block Assignments:
	1	0	2998	0	0	0
Objective function = -3103084.226371136
Optimal parameter updated!

------ Initialization #2/10 ------
Objective at init = -3628129.6596958283

	---- Iter = 0/100 ----
	Updating Gamma...
	Updating Pi...
	Updating IDP parameters...
	Updating BM parameters...
	83	0	0	374	0	2542

	---- Iter = 1/100 ----
	Updating Gamma...
	Updating Pi...
	Updating IDP parameters...
	Updating BM parameters...
	1	2998	0	0	0	0
	Objective function = -3116415.8054238935 rate = -0.03985650352025157
	Final Block Assignments:
	1	2998	0	0	0	0
Objective function = -3116415.8054238935

------ Initialization #3/10 ------
Objective at init = -3626949.9153188267

	---- Iter = 0/100 ----
	Updating Gamma...
	Updating Pi...
	Updating IDP parameters...
	Updating BM parameters...
	0	0	3	2542	32	422

	---- Iter = 1/100 ----
	Updating Gamma...
	Updating Pi...
	Updating IDP parameters...
	Updating BM parameters...
	2999	0	0	0	0	0
	Objective function = -3113462.5643187426 rate = -0.03784604844497423
	Final Block Assignments:
	2999	0	0	0	0	0
Objective function = -3113462.5643187426

------ Initialization #4/10 ------
Objective at init = -3636653.86221573

	---- Iter = 0/100 ----
	Updating Gamma...
	Updating Pi...
	Updating IDP parameters...
	Updating BM parameters...
	271	2455	0	134	0	139

	---- Iter = 1/100 ----
	Updating Gamma...
	Updating Pi...
	Updating IDP parameters...
	Updating BM parameters...
	1	0	2998	0	0	0
	Objective function = -3130507.2293372354 rate = -0.04675162999378512
	Final Block Assignments:
	1	0	2998	0	0	0
Objective function = -3130507.2293372354

------ Initialization #5/10 ------
Objective at init = -3626042.111539395

	---- Iter = 0/100 ----
	Updating Gamma...
	Updating Pi...
	Updating IDP parameters...
	Updating BM parameters...
	0	485	0	2514	0	0

	---- Iter = 1/100 ----
	Updating Gamma...
	Updating Pi...
	Updating IDP parameters...
	Updating BM parameters...
	2999	0	0	0	0	0
	Objective function = -3117056.937159303 rate = -0.03554717885507313
	Final Block Assignments:
	2999	0	0	0	0	0
Objective function = -3117056.937159303

------ Initialization #6/10 ------
Objective at init = -3633154.9124532705

	---- Iter = 0/100 ----
	Updating Gamma...
	Updating Pi...
	Updating IDP parameters...
	Updating BM parameters...
	27	395	2539	38	0	0

	---- Iter = 1/100 ----
	Updating Gamma...
	Updating Pi...
	Updating IDP parameters...
	Updating BM parameters...
	1	0	0	0	2998	0
	Objective function = -3125612.444230849 rate = -0.039324011898970904
	Final Block Assignments:
	1	0	0	0	2998	0
Objective function = -3125612.444230849

------ Initialization #7/10 ------
Objective at init = -3627975.9080217322

	---- Iter = 0/100 ----
	Updating Gamma...
	Updating Pi...
	Updating IDP parameters...
	Updating BM parameters...
	380	0	0	2489	0	130

	---- Iter = 1/100 ----
	Updating Gamma...
	Updating Pi...
	Updating IDP parameters...
	Updating BM parameters...
	1	2998	0	0	0	0
	Objective function = -3106664.6916503967 rate = -0.03263843939400678
	Final Block Assignments:
	1	2998	0	0	0	0
Objective function = -3106664.6916503967

------ Initialization #8/10 ------
Objective at init = -3625853.2165784324

	---- Iter = 0/100 ----
	Updating Gamma...
	Updating Pi...
	Updating IDP parameters...
	Updating BM parameters...
	2477	361	4	142	0	15

	---- Iter = 1/100 ----
	Updating Gamma...
	Updating Pi...
	Updating IDP parameters...
	Updating BM parameters...
	0	1	0	0	2998	0
	Objective function = -3119459.820027045 rate = -0.044268706603551054
	Final Block Assignments:
	0	1	0	0	2998	0
Objective function = -3119459.820027045

------ Initialization #9/10 ------
Objective at init = -3628575.4392346903

	---- Iter = 0/100 ----
	Updating Gamma...
	Updating Pi...
	Updating IDP parameters...
	Updating BM parameters...
	0	504	0	2494	0	1

	---- Iter = 1/100 ----
	Updating Gamma...
	Updating Pi...
	Updating IDP parameters...
	Updating BM parameters...
	2999	0	0	0	0	0
	Objective function = -3111502.034918336 rate = -0.03408482631882156
	Final Block Assignments:
	2999	0	0	0	0	0
Objective function = -3111502.034918336

------ Initialization #10/10 ------
Objective at init = -3624510.9728658274

	---- Iter = 0/100 ----
	Updating Gamma...
	Updating Pi...
	Updating IDP parameters...
	Updating BM parameters...
	2543	0	393	63	0	0

	---- Iter = 1/100 ----
	Updating Gamma...
	Updating Pi...
	Updating IDP parameters...
	Updating BM parameters...
	0	2999	0	0	0	0
	Objective function = -3109327.595120635 rate = -0.038587864439586415
	Final Block Assignments:
	0	2999	0	0	0	0
Objective function = -3109327.595120635

------ Initialization #11/10 ------
Objective at init = -3621049.4416192444

	---- Iter = 0/100 ----
	Updating Gamma...
	Updating Pi...
	Updating IDP parameters...
	Updating BM parameters...
	106	300	0	0	2593	0

	---- Iter = 1/100 ----
	Updating Gamma...
	Updating Pi...
	Updating IDP parameters...
	Updating BM parameters...
	1	0	2998	0	0	0
	Objective function = -3115627.9999925965 rate = -0.0391849002286059
	Final Block Assignments:
	1	0	2998	0	0	0
Objective function = -3115627.9999925965

------ Initialization #12/10 ------
Objective at init = -3636036.3055364094

	---- Iter = 0/100 ----
	Updating Gamma...
	Updating Pi...
	Updating IDP parameters...
	Updating BM parameters...
	0	2265	0	314	420	0

	---- Iter = 1/100 ----
	Updating Gamma...
	Updating Pi...
	Updating IDP parameters...
	Updating BM parameters...
	2999	0	0	0	0	0
	Objective function = -3124894.8598881774 rate = -0.04668266963015474
	Final Block Assignments:
	2999	0	0	0	0	0
Objective function = -3124894.8598881774

------ Initialization #13/10 ------
Objective at init = -3623948.2076547695

	---- Iter = 0/100 ----
	Updating Gamma...
	Updating Pi...
	Updating IDP parameters...
	Updating BM parameters...
	2110	0	0	369	0	520

	---- Iter = 1/100 ----
	Updating Gamma...
	Updating Pi...
	Updating IDP parameters...
	Updating BM parameters...
	1	2998	0	0	0	0
	Objective function = -3110559.206246008 rate = -0.0441262998769853
	Final Block Assignments:
	1	2998	0	0	0	0
Objective function = -3110559.206246008

------ Initialization #14/10 ------
Objective at init = -3633651.918718002

	---- Iter = 0/100 ----
	Updating Gamma...
	Updating Pi...
	Updating IDP parameters...
	Updating BM parameters...
	0	443	0	0	1	2555

	---- Iter = 1/100 ----
	Updating Gamma...
	Updating Pi...
	Updating IDP parameters...
	Updating BM parameters...
	2999	0	0	0	0	0
	Objective function = -3125073.1172256987 rate = -0.03744413134658515
	Final Block Assignments:
	2999	0	0	0	0	0
Objective function = -3125073.1172256987

------ Initialization #15/10 ------
Objective at init = -3605096.6396162948

	---- Iter = 0/100 ----
	Updating Gamma...
	Updating Pi...
	Updating IDP parameters...
	Updating BM parameters...
	19	410	0	20	0	2550

	---- Iter = 1/100 ----
	Updating Gamma...
	Updating Pi...
	Updating IDP parameters...
	Updating BM parameters...
	1	0	2998	0	0	0
	Objective function = -3097592.7659668685 rate = -0.03664810768659233
	Final Block Assignments:
	1	0	2998	0	0	0
Objective function = -3097592.7659668685
Optimal parameter updated!

------ Initialization #16/10 ------
Objective at init = -3619996.084606218

	---- Iter = 0/100 ----
	Updating Gamma...
	Updating Pi...
	Updating IDP parameters...
	Updating BM parameters...
	77	0	331	0	22	2569

	---- Iter = 1/100 ----
	Updating Gamma...
	Updating Pi...
	Updating IDP parameters...
	Updating BM parameters...
	1	2998	0	0	0	0
	Objective function = -3103244.2031522687 rate = -0.039282232149889226
	Final Block Assignments:
	1	2998	0	0	0	0
Objective function = -3103244.2031522687

------ Initialization #17/10 ------
Objective at init = -3634966.518145799

	---- Iter = 0/100 ----
	Updating Gamma...
	Updating Pi...
	Updating IDP parameters...
	Updating BM parameters...
	78	50	338	0	2510	23

	---- Iter = 1/100 ----
	Updating Gamma...
	Updating Pi...
	Updating IDP parameters...
	Updating BM parameters...
	1	0	0	2998	0	0
	Objective function = -3117641.085884089 rate = -0.043699855201824775
	Final Block Assignments:
	1	0	0	2998	0	0
Objective function = -3117641.085884089

------ Initialization #18/10 ------
Objective at init = -3629695.2575896266

	---- Iter = 0/100 ----
	Updating Gamma...
	Updating Pi...
	Updating IDP parameters...
	Updating BM parameters...
	1004	0	88	327	1580	0

	---- Iter = 1/100 ----
	Updating Gamma...
	Updating Pi...
	Updating IDP parameters...
	Updating BM parameters...
	1	2998	0	0	0	0
	Objective function = -3125043.529220255 rate = -0.05365816101082203
	Final Block Assignments:
	1	2998	0	0	0	0
Objective function = -3125043.529220255

------ Initialization #19/10 ------
Objective at init = -3628639.3411810165

	---- Iter = 0/100 ----
	Updating Gamma...
	Updating Pi...
	Updating IDP parameters...
	Updating BM parameters...
	396	2503	0	0	4	96

	---- Iter = 1/100 ----
	Updating Gamma...
	Updating Pi...
	Updating IDP parameters...
	Updating BM parameters...
	1	0	2998	0	0	0
	Objective function = -3113257.3843292147 rate = -0.04081380068136433
	Final Block Assignments:
	1	0	2998	0	0	0
Objective function = -3113257.3843292147

------ Initialization #20/10 ------
Objective at init = -3627774.396990029

	---- Iter = 0/100 ----
	Updating Gamma...
	Updating Pi...
	Updating IDP parameters...
	Updating BM parameters...
	2	0	2603	0	0	394

	---- Iter = 1/100 ----
	Updating Gamma...
	Updating Pi...
	Updating IDP parameters...
	Updating BM parameters...
	1	2998	0	0	0	0
	Objective function = -3108365.5199923064 rate = -0.034937172348832916
	Final Block Assignments:
	1	2998	0	0	0	0
Objective function = -3108365.5199923064

------ Initialization #21/10 ------
Objective at init = -3623682.1365077556

	---- Iter = 0/100 ----
	Updating Gamma...
	Updating Pi...
	Updating IDP parameters...
	Updating BM parameters...
	1068	0	351	57	10	1513

	---- Iter = 1/100 ----
	Updating Gamma...
	Updating Pi...
	Updating IDP parameters...
	Updating BM parameters...
	1	2998	0	0	0	0
	Objective function = -3117524.9264122373 rate = -0.048276915721636934
	Final Block Assignments:
	1	2998	0	0	0	0
Objective function = -3117524.9264122373

------ Initialization #22/10 ------
Objective at init = -3623546.0304743657

	---- Iter = 0/100 ----
	Updating Gamma...
	Updating Pi...
	Updating IDP parameters...
	Updating BM parameters...
	0	0	422	0	0	2577

	---- Iter = 1/100 ----
	Updating Gamma...
	Updating Pi...
	Updating IDP parameters...
	Updating BM parameters...
	2999	0	0	0	0	0
	Objective function = -3108822.113722644 rate = -0.03548852176425704
	Final Block Assignments:
	2999	0	0	0	0	0
Objective function = -3108822.113722644

------ Initialization #23/10 ------
Objective at init = -3626905.720744259

	---- Iter = 0/100 ----
	Updating Gamma...
	Updating Pi...
	Updating IDP parameters...
	Updating BM parameters...
	66	0	2543	10	379	1

	---- Iter = 1/100 ----
	Updating Gamma...
	Updating Pi...
	Updating IDP parameters...
	Updating BM parameters...
	1	2998	0	0	0	0
	Objective function = -3123943.2652037917 rate = -0.040131137713903364
	Final Block Assignments:
	1	2998	0	0	0	0
Objective function = -3123943.2652037917

------ Initialization #24/10 ------
Objective at init = -3614231.609115963

	---- Iter = 0/100 ----
	Updating Gamma...
	Updating Pi...
	Updating IDP parameters...
	Updating BM parameters...
	0	26	1	268	236	2468

	---- Iter = 1/100 ----
	Updating Gamma...
	Updating Pi...
	Updating IDP parameters...
	Updating BM parameters...
	2999	0	0	0	0	0
	Objective function = -3113066.5646093916 rate = -0.043357419791399975
	Final Block Assignments:
	2999	0	0	0	0	0
Objective function = -3113066.5646093916

------ Initialization #25/10 ------
Objective at init = -3636052.6664544507

	---- Iter = 0/100 ----
	Updating Gamma...
	Updating Pi...
	Updating IDP parameters...
	Updating BM parameters...
	332	2534	0	0	133	0

	---- Iter = 1/100 ----
	Updating Gamma...
	Updating Pi...
	Updating IDP parameters...
	Updating BM parameters...
	1	0	2998	0	0	0
	Objective function = -3123097.1826708736 rate = -0.042166139631065955
	Final Block Assignments:
	1	0	2998	0	0	0
Objective function = -3123097.1826708736

------ Initialization #26/10 ------
Objective at init = -3628966.3308610166

	---- Iter = 0/100 ----
	Updating Gamma...
	Updating Pi...
	Updating IDP parameters...
	Updating BM parameters...
	0	363	1	51	62	2522

	---- Iter = 1/100 ----
	Updating Gamma...
	Updating Pi...
	Updating IDP parameters...
	Updating BM parameters...
	2999	0	0	0	0	0
	Objective function = -3114381.252996391 rate = -0.040010728947527836
	Final Block Assignments:
	2999	0	0	0	0	0
Objective function = -3114381.252996391

------ Initialization #27/10 ------
Objective at init = -3616311.9859630424

	---- Iter = 0/100 ----
	Updating Gamma...
	Updating Pi...
	Updating IDP parameters...
	Updating BM parameters...
	379	0	36	0	0	2584

	---- Iter = 1/100 ----
	Updating Gamma...
	Updating Pi...
	Updating IDP parameters...
