
------ Initialization #1/10 ------
Objective at init = -3618091.770635451

	---- Iter = 0/100 ----
	Updating Gamma...
	Updating Pi...
	Updating IDP parameters...
	Updating BM parameters...
	2541	1	0	0	11	446	0

	---- Iter = 1/100 ----
	Updating Gamma...
	Updating Pi...
	Updating IDP parameters...
	Updating BM parameters...
	0	1	2998	0	0	0	0
	Objective function = -3103554.567653655 rate = -0.034884037879600684
	Final Block Assignments:
	0	1	2998	0	0	0	0
Objective function = -3103554.567653655
Optimal parameter updated!

------ Initialization #2/10 ------
Objective at init = -3628661.1719203824

	---- Iter = 0/100 ----
	Updating Gamma...
	Updating Pi...
	Updating IDP parameters...
	Updating BM parameters...
	0	90	302	2554	0	0	53

	---- Iter = 1/100 ----
	Updating Gamma...
	Updating Pi...
	Updating IDP parameters...
	Updating BM parameters...
	2999	0	0	0	0	0	0
	Objective function = -3117109.1459766305 rate = -0.041129502551042516
	Final Block Assignments:
	2999	0	0	0	0	0	0
Objective function = -3117109.1459766305

------ Initialization #3/10 ------
Objective at init = -3628590.807455542

	---- Iter = 0/100 ----
	Updating Gamma...
	Updating Pi...
	Updating IDP parameters...
	Updating BM parameters...
	0	0	336	0	2648	0	15

	---- Iter = 1/100 ----
	Updating Gamma...
	Updating Pi...
	Updating IDP parameters...
	Updating BM parameters...
	2999	0	0	0	0	0	0
	Objective function = -3108179.8992673527 rate = -0.03309801663641973
	Final Block Assignments:
	2999	0	0	0	0	0	0
Objective function = -3108179.8992673527

------ Initialization #4/10 ------
Objective at init = -3636574.9554922916

	---- Iter = 0/100 ----
	Updating Gamma...
	Updating Pi...
	Updating IDP parameters...
	Updating BM parameters...
	0	0	0	387	0	142	2470

	---- Iter = 1/100 ----
	Updating Gamma...
	Updating Pi...
	Updating IDP parameters...
	Updating BM parameters...
	2999	0	0	0	0	0	0
	Objective function = -3128211.07681035 rate = -0.0431256834716627
	Final Block Assignments:
	2999	0	0	0	0	0	0
Objective function = -3128211.07681035

------ Initialization #5/10 ------
Objective at init = -3625079.3471639375

	---- Iter = 0/100 ----
	Updating Gamma...
	Updating Pi...
	Updating IDP parameters...
	Updating BM parameters...
	0	0	2561	19	331	0	88

	---- Iter = 1/100 ----
	Updating Gamma...
	Updating Pi...
	Updating IDP parameters...
	Updating BM parameters...
	2999	0	0	0	0	0	0
	Objective function = -3121209.5386182102 rate = -0.041587667999974404
	Final Block Assignments:
	2999	0	0	0	0	0	0
Objective function = -3121209.5386182102

------ Initialization #6/10 ------
Objective at init = -3632957.6541204234

	---- Iter = 0/100 ----
	Updating Gamma...
	Updating Pi...
	Updating IDP parameters...
	Updating BM parameters...
	2530	0	0	0	374	59	36

	---- Iter = 1/100 ----
	Updating Gamma...
	Updating Pi...
	Updating IDP parameters...
	Updating BM parameters...
	0	2999	0	0	0	0	0
	Objective function = -3127071.9219921282 rate = -0.040820403754448925
	Final Block Assignments:
	0	2999	0	0	0	0	0
Objective function = -3127071.9219921282

------ Initialization #7/10 ------
Objective at init = -3626753.933307299

	---- Iter = 0/100 ----
	Updating Gamma...
	Updating Pi...
	Updating IDP parameters...
	Updating BM parameters...
	0	0	2526	341	0	0	132

	---- Iter = 1/100 ----
	Updating Gamma...
	Updating Pi...
	Updating IDP parameters...
	Updating BM parameters...
	2999	0	0	0	0	0	0
	Objective function = -3113274.023712664 rate = -0.041054404040576184
	Final Block Assignments:
	2999	0	0	0	0	0	0
Objective function = -3113274.023712664

------ Initialization #8/10 ------
Objective at init = -3625226.2345630038

	---- Iter = 0/100 ----
	Updating Gamma...
	Updating Pi...
	Updating IDP parameters...
	Updating BM parameters...
	2563	101	14	0	0	0	321

	---- Iter = 1/100 ----
	Updating Gamma...
	Updating Pi...
	Updating IDP parameters...
	Updating BM parameters...
	0	1	0	2998	0	0	0
	Objective function = -3116886.7759383833 rate = -0.04193155428499545
	Final Block Assignments:
	0	1	0	2998	0	0	0
Objective function = -3116886.7759383833

------ Initialization #9/10 ------
Objective at init = -3628000.8637533314

	---- Iter = 0/100 ----
	Updating Gamma...
	Updating Pi...
	Updating IDP parameters...
	Updating BM parameters...
	0	0	419	54	0	2463	63

	---- Iter = 1/100 ----
	Updating Gamma...
	Updating Pi...
	Updating IDP parameters...
	Updating BM parameters...
	2999	0	0	0	0	0	0
	Objective function = -3116753.2989978567 rate = -0.04085797849077073
	Final Block Assignments:
	2999	0	0	0	0	0	0
Objective function = -3116753.2989978567

------ Initialization #10/10 ------
Objective at init = -3625317.8541206927

	---- Iter = 0/100 ----
	Updating Gamma...
	Updating Pi...
	Updating IDP parameters...
	Updating BM parameters...
	0	0	0	0	225	2558	216

	---- Iter = 1/100 ----
	Updating Gamma...
	Updating Pi...
	Updating IDP parameters...
	Updating BM parameters...
	2999	0	0	0	0	0	0
	Objective function = -3110320.853993849 rate = -0.04058428432782447
	Final Block Assignments:
	2999	0	0	0	0	0	0
Objective function = -3110320.853993849

------ Initialization #11/10 ------
Objective at init = -3620886.530129542

	---- Iter = 0/100 ----
	Updating Gamma...
	Updating Pi...
	Updating IDP parameters...
	Updating BM parameters...
	2549	0	23	0	0	0	427

	---- Iter = 1/100 ----
	Updating Gamma...
	Updating Pi...
	Updating IDP parameters...
	Updating BM parameters...
	0	2999	0	0	0	0	0
	Objective function = -3114598.0694643953 rate = -0.036998095061878566
	Final Block Assignments:
	0	2999	0	0	0	0	0
Objective function = -3114598.0694643953

------ Initialization #12/10 ------
Objective at init = -3635225.6202294943

	---- Iter = 0/100 ----
	Updating Gamma...
	Updating Pi...
	Updating IDP parameters...
	Updating BM parameters...
	27	1	0	2541	430	0	0

	---- Iter = 1/100 ----
	Updating Gamma...
	Updating Pi...
	Updating IDP parameters...
	Updating BM parameters...
	1	0	2998	0	0	0	0
	Objective function = -3118339.5216168296 rate = -0.03763833983430493
	Final Block Assignments:
	1	0	2998	0	0	0	0
Objective function = -3118339.5216168296

------ Initialization #13/10 ------
Objective at init = -3623788.1720068334

	---- Iter = 0/100 ----
	Updating Gamma...
	Updating Pi...
	Updating IDP parameters...
	Updating BM parameters...
	15	430	2554	0	0	0	0

	---- Iter = 1/100 ----
	Updating Gamma...
	Updating Pi...
	Updating IDP parameters...
	Updating BM parameters...
	1	0	0	2998	0	0	0
	Objective function = -3104849.214765324 rate = -0.03483499117585284
	Final Block Assignments:
	1	0	0	2998	0	0	0
Objective function = -3104849.214765324

------ Initialization #14/10 ------
Objective at init = -3634346.6252186457

	---- Iter = 0/100 ----
	Updating Gamma...
	Updating Pi...
	Updating IDP parameters...
	Updating BM parameters...
	0	0	296	2398	73	0	232

	---- Iter = 1/100 ----
	Updating Gamma...
	Updating Pi...
	Updating IDP parameters...
	Updating BM parameters...
	2999	0	0	0	0	0	0
	Objective function = -3133257.884522976 rate = -0.04859375920229373
	Final Block Assignments:
	2999	0	0	0	0	0	0
Objective function = -3133257.884522976

------ Initialization #15/10 ------
Objective at init = -3606150.708557425

	---- Iter = 0/100 ----
	Updating Gamma...
	Updating Pi...
	Updating IDP parameters...
	Updating BM parameters...
	0	0	2	423	2487	87	0

	---- Iter = 1/100 ----
	Updating Gamma...
	Updating Pi...
	Updating IDP parameters...
	Updating BM parameters...
	2999	0	0	0	0	0	0
	Objective function = -3099173.0066796704 rate = -0.03844712732673486
	Final Block Assignments:
	2999	0	0	0	0	0	0
Objective function = -3099173.0066796704
Optimal parameter updated!

------ Initialization #16/10 ------
Objective at init = -3620159.8669702304

	---- Iter = 0/100 ----
	Updating Gamma...
	Updating Pi...
	Updating IDP parameters...
	Updating BM parameters...
	118	343	0	0	28	0	2510

	---- Iter = 1/100 ----
	Updating Gamma...
	Updating Pi...
	Updating IDP parameters...
	Updating BM parameters...
	1	0	2998	0	0	0	0
	Objective function = -3105884.960933703 rate = -0.042228094553440065
	Final Block Assignments:
	1	0	2998	0	0	0	0
Objective function = -3105884.960933703

------ Initialization #17/10 ------
Objective at init = -3635014.8862077943

	---- Iter = 0/100 ----
	Updating Gamma...
	Updating Pi...
	Updating IDP parameters...
	Updating BM parameters...
	61	2456	374	0	0	0	108

	---- Iter = 1/100 ----
	Updating Gamma...
	Updating Pi...
	Updating IDP parameters...
	Updating BM parameters...
	1	0	0	2998	0	0	0
	Objective function = -3117619.0647356906 rate = -0.043978552162253916
	Final Block Assignments:
	1	0	0	2998	0	0	0
Objective function = -3117619.0647356906

------ Initialization #18/10 ------
Objective at init = -3628695.687327617

	---- Iter = 0/100 ----
	Updating Gamma...
	Updating Pi...
	Updating IDP parameters...
	Updating BM parameters...
	608	0	0	345	7	1939	100

	---- Iter = 1/100 ----
	Updating Gamma...
	Updating Pi...
	Updating IDP parameters...
	Updating BM parameters...
	0	2999	0	0	0	0	0
	Objective function = -3124979.5535491537 rate = -0.052659361357683045
	Final Block Assignments:
	0	2999	0	0	0	0	0
Objective function = -3124979.5535491537

------ Initialization #19/10 ------
Objective at init = -3629114.395917308

	---- Iter = 0/100 ----
	Updating Gamma...
	Updating Pi...
	Updating IDP parameters...
	Updating BM parameters...
	6	0	0	2474	0	370	149

	---- Iter = 1/100 ----
	Updating Gamma...
	Updating Pi...
	Updating IDP parameters...
	Updating BM parameters...
	1	2998	0	0	0	0	0
	Objective function = -3114709.3083383027 rate = -0.042779787515150124
	Final Block Assignments:
	1	2998	0	0	0	0	0
Objective function = -3114709.3083383027

------ Initialization #20/10 ------
Objective at init = -3627829.781376159

	---- Iter = 0/100 ----
	Updating Gamma...
	Updating Pi...
	Updating IDP parameters...
	Updating BM parameters...
	335	92	0	0	1	2571	0

	---- Iter = 1/100 ----
	Updating Gamma...
	Updating Pi...
	Updating IDP parameters...
	Updating BM parameters...
	1	0	2998	0	0	0	0
	Objective function = -3112073.4457496046 rate = -0.03951567356346822
	Final Block Assignments:
	1	0	2998	0	0	0	0
Objective function = -3112073.4457496046

------ Initialization #21/10 ------
Objective at init = -3623843.4635639847

	---- Iter = 0/100 ----
	Updating Gamma...
	Updating Pi...
	Updating IDP parameters...
	Updating BM parameters...
	0	2522	0	0	0	0	477

	---- Iter = 1/100 ----
	Updating Gamma...
	Updating Pi...
	Updating IDP parameters...
	Updating BM parameters...
	2999	0	0	0	0	0	0
	Objective function = -3107183.1696502236 rate = -0.033739421948599815
	Final Block Assignments:
	2999	0	0	0	0	0	0
Objective function = -3107183.1696502236

------ Initialization #22/10 ------
Objective at init = -3625022.3424532553

	---- Iter = 0/100 ----
	Updating Gamma...
	Updating Pi...
	Updating IDP parameters...
	Updating BM parameters...
	0	2479	147	347	0	26	0

	---- Iter = 1/100 ----
	Updating Gamma...
	Updating Pi...
	Updating IDP parameters...
	Updating BM parameters...
	2999	0	0	0	0	0	0
	Objective function = -3114010.4230656214 rate = -0.042687261185228725
	Final Block Assignments:
	2999	0	0	0	0	0	0
Objective function = -3114010.4230656214

------ Initialization #23/10 ------
Objective at init = -3628700.471714074

	---- Iter = 0/100 ----
	Updating Gamma...
	Updating Pi...
	Updating IDP parameters...
	Updating BM parameters...
	2551	178	162	0	108	0	0

	---- Iter = 1/100 ----
	Updating Gamma...
	Updating Pi...
	Updating IDP parameters...
	Updating BM parameters...
	0	1	0	2998	0	0	0
	Objective function = -3125436.3527693744 rate = -0.04333062845060192
	Final Block Assignments:
	0	1	0	2998	0	0	0
Objective function = -3125436.3527693744

------ Initialization #24/10 ------
Objective at init = -3613967.4358375217

	---- Iter = 0/100 ----
	Updating Gamma...
	Updating Pi...
	Updating IDP parameters...
	Updating BM parameters...
	91	0	2412	41	0	126	329

	---- Iter = 1/100 ----
	Updating Gamma...
	Updating Pi...
	Updating IDP parameters...
	Updating BM parameters...
	1	2998	0	0	0	0	0
	Objective function = -3114663.082227343 rate = -0.04510150774535441
	Final Block Assignments:
	1	2998	0	0	0	0	0
Objective function = -3114663.082227343

------ Initialization #25/10 ------
Objective at init = -3636880.5337414

	---- Iter = 0/100 ----
	Updating Gamma...
	Updating Pi...
	Updating IDP parameters...
	Updating BM parameters...
	182	2585	0	0	0	222	10

	---- Iter = 1/100 ----
	Updating Gamma...
	Updating Pi...
	Updating IDP parameters...
	Updating BM parameters...
	1	0	2998	0	0	0	0
	Objective function = -3120673.1918310956 rate = -0.04016578035303235
	Final Block Assignments:
	1	0	2998	0	0	0	0
Objective function = -3120673.1918310956

------ Initialization #26/10 ------
Objective at init = -3628755.991264306

	---- Iter = 0/100 ----
	Updating Gamma...
	Updating Pi...
	Updating IDP parameters...
	Updating BM parameters...
	355	0	2542	0	0	20	82

	---- Iter = 1/100 ----
	Updating Gamma...
	Updating Pi...
	Updating IDP parameters...
	Updating BM parameters...
	1	2998	0	0	0	0	0
	Objective function = -3114795.009080993 rate = -0.040555300166885834
	Final Block Assignments:
	1	2998	0	0	0	0	0
Objective function = -3114795.009080993

------ Initialization #27/10 ------
Objective at init = -3615466.211568596

	---- Iter = 0/100 ----
	Updating Gamma...
	Updating Pi...
	Updating IDP parameters...
	Updating BM parameters...
	2541	12	79	366	0	1	0

	---- Iter = 1/100 ----
	Updating Gamma...
	Updating Pi...
	Updating IDP parameters...
	Updating BM parameters...
	0	1	0	0	2998	0	0
	Objective function = -3106652.830350247 rate = -0.04017944120894583
	Final Block Assignments:
	0	1	0	0	2998	0	0
Objective function = -3106652.830350247

------ Initialization #28/10 ------
Objective at init = -3611973.1907053627

	---- Iter = 0/100 ----
	Updating Gamma...
	Updating Pi...
	Updating IDP parameters...
	Updating BM parameters...
	1	0	2557	0	441	0	0

	---- Iter = 1/100 ----
	Updating Gamma...
	Updating Pi...
	Updating IDP parameters...
	Updating BM parameters...
	1	2998	0	0	0	0	0
	Objective function = -3102540.9401993705 rate = -0.03471229017755003
	Final Block Assignments:
	1	2998	0	0	0	0	0
Objective function = -3102540.9401993705

------ Initialization #29/10 ------
Objective at init = -3630637.898787256

	---- Iter = 0/100 ----
	Updating Gamma...
	Updating Pi...
	Updating IDP parameters...
	Updating BM parameters...
	2555	0	0	0	0	444	0

	---- Iter = 1/100 ----
	Updating Gamma...
	Updating Pi...
	Updating IDP parameters...
	Updating BM parameters...
	0	2999	0	0	0	0	0
	Objective function = -3112277.6424249657 rate = -0.034671011351234814
	Final Block Assignments:
	0	2999	0	0	0	0	0
Objective function = -3112277.6424249657

------ Initialization #30/10 ------
Objective at init = -3633307.5369997905

	---- Iter = 0/100 ----
	Updating Gamma...
	Updating Pi...
	Updating IDP parameters...
	Updating BM parameters...
	0	2508	89	402	0	0	0

	---- Iter = 1/100 ----
	Updating Gamma...
	Updating Pi...
	Updating IDP parameters...
	Updating BM parameters...
	2999	0	0	0	0	0	0
	Objective function = -3117531.4702210454 rate = -0.040386973730522274
	Final Block Assignments:
	2999	0	0	0	0	0	0
Objective function = -3117531.4702210454

------ Initialization #31/10 ------
Objective at init = -3635962.3973329687

	---- Iter = 0/100 ----
	Updating Gamma...
	Updating Pi...
	Updating IDP parameters...
	Updating BM parameters...
	1	145	0	0	393	0	2460

	---- Iter = 1/100 ----
	Updating Gamma...
	Updating Pi...
	Updating IDP parameters...
	Updating BM parameters...
	1	0	2998	0	0	0	0
	Objective function = -3127296.4147270727 rate = -0.04357848466386107
	Final Block Assignments:
	1	0	2998	0	0	0	0
Objective function = -3127296.4147270727

------ Initialization #32/10 ------
Objective at init = -3621219.1736064535

	---- Iter = 0/100 ----
	Updating Gamma...
	Updating Pi...
	Updating IDP parameters...
	Updating BM parameters...
	375	0	2561	0	2	61	0

	---- Iter = 1/100 ----
	Updating Gamma...
	Updating Pi...
	Updating IDP parameters...
	Updating BM parameters...
	1	2998	0	0	0	0	0
	Objective function = -3110995.2498634723 rate = -0.039481130672922124
	Final Block Assignments:
	1	2998	0	0	0	0	0
Objective function = -3110995.2498634723

------ Initialization #33/10 ------
Objective at init = -3632240.50712713

	---- Iter = 0/100 ----
	Updating Gamma...
	Updating Pi...
	Updating IDP parameters...
	Updating BM parameters...
	0	57	439	2	2	2499	0

	---- Iter = 1/100 ----
	Updating Gamma...
	Updating Pi...
	Updating IDP parameters...
	Updating BM parameters...
	2999	0	0	0	0	0	0
	Objective function = -3118788.125745975 rate = -0.03817229482147118
	Final Block Assignments:
	2999	0	0	0	0	0	0
Objective function = -3118788.125745975

------ Initialization #34/10 ------
Objective at init = -3624690.212449768

	---- Iter = 0/100 ----
	Updating Gamma...
	Updating Pi...
	Updating IDP parameters...
	Updating BM parameters...
	0	0	172	333	0	2493	1

	---- Iter = 1/100 ----
	Updating Gamma...
	Updating Pi...
	Updating IDP parameters...
	Updating BM parameters...
	2999	0	0	0	0	0	0
	Objective function = -3117035.414820083 rate = -0.04404069225384666
	Final Block Assignments:
	2999	0	0	0	0	0	0
Objective function = -3117035.414820083

------ Initialization #35/10 ------
Objective at init = -3620751.6251925556

	---- Iter = 0/100 ----
	Updating Gamma...
	Updating Pi...
	Updating IDP parameters...
	Updating BM parameters...
	0	0	0	0	428	2477	94

	---- Iter = 1/100 ----
	Updating Gamma...
	Updating Pi...
	Updating IDP parameters...
	Updating BM parameters...
	2999	0	0	0	0	0	0
	Objective function = -3117633.3879537503 rate = -0.04057538183655516
	Final Block Assignments:
	2999	0	0	0	0	0	0
Objective function = -3117633.3879537503

------ Initialization #36/10 ------
Objective at init = -3624139.9858276816

	---- Iter = 0/100 ----
	Updating Gamma...
	Updating Pi...
	Updating IDP parameters...
	Updating BM parameters...
	2550	0	0	0	88	361	0

	---- Iter = 1/100 ----
	Updating Gamma...
	Updating Pi...
	Updating IDP parameters...
	Updating BM parameters...
	0	2999	0	0	0	0	0
	Objective function = -3116158.664994523 rate = -0.040945522159452054
	Final Block Assignments:
	0	2999	0	0	0	0	0
Objective function = -3116158.664994523

------ Initialization #37/10 ------
Objective at init = -3617612.6481338604

	---- Iter = 0/100 ----
	Updating Gamma...
	Updating Pi...
	Updating IDP parameters...
	Updating BM parameters...
	0	85	57	2490	0	0	367

	---- Iter = 1/100 ----
	Updating Gamma...
	Updating Pi...
	Updating IDP parameters...
	Updating BM parameters...
	2999	0	0	0	0	0	0
	Objective function = -3113480.5137467477 rate = -0.042363758730362244
	Final Block Assignments:
	2999	0	0	0	0	0	0
Objective function = -3113480.5137467477

------ Initialization #38/10 ------
Objective at init = -3624877.599100452

	---- Iter = 0/100 ----
	Updating Gamma...
	Updating Pi...
	Updating IDP parameters...
	Updating BM parameters...
	85	350	0	0	0	2495	69

	---- Iter = 1/100 ----
	Updating Gamma...
	Updating Pi...
	Updating IDP parameters...
	Updating BM parameters...
	1	0	2998	0	0	0	0
	Objective function = -3117964.8713912116 rate = -0.042212462592833504
	Final Block Assignments:
	1	0	2998	0	0	0	0
Objective function = -3117964.8713912116

------ Initialization #39/10 ------
Objective at init = -3631800.24241005

	---- Iter = 0/100 ----
	Updating Gamma...
	Updating Pi...
	Updating IDP parameters...
	Updating BM parameters...
	374	0	0	2556	0	0	69

	---- Iter = 1/100 ----
	Updating Gamma...
	Updating Pi...
	Updating IDP parameters...
	Updating BM parameters...
	1	2998	0	0	0	0	0
	Objective function = -3114155.6939570424 rate = -0.039567484886352235
	Final Block Assignments:
	1	2998	0	0	0	0	0
Objective function = -3114155.6939570424

------ Initialization #40/10 ------
Objective at init = -3612034.677220489

	---- Iter = 0/100 ----
	Updating Gamma...
	Updating Pi...
	Updating IDP parameters...
	Updating BM parameters...
	0	366	2531	0	0	76	26

	---- Iter = 1/100 ----
	Updating Gamma...
	Updating Pi...
	Updating IDP parameters...
	Updating BM parameters...
	2999	0	0	0	0	0	0
	Objective function = -3109499.8134472985 rate = -0.041232368865953224
	Final Block Assignments:
	2999	0	0	0	0	0	0
Objective function = -3109499.8134472985

------ Initialization #41/10 ------
Objective at init = -3625727.6170433285

	---- Iter = 0/100 ----
	Updating Gamma...
	Updating Pi...
	Updating IDP parameters...
	Updating BM parameters...
	0	0	0	394	45	2521	39

	---- Iter = 1/100 ----
	Updating Gamma...
	Updating Pi...
	Updating IDP parameters...
	Updating BM parameters...
	2999	0	0	0	0	0	0
	Objective function = -3119528.7234878163 rate = -0.04193045628676448
	Final Block Assignments:
	2999	0	0	0	0	0	0
Objective function = -3119528.7234878163

------ Initialization #42/10 ------
Objective at init = -3602846.859668973

	---- Iter = 0/100 ----
	Updating Gamma...
	Updating Pi...
	Updating IDP parameters...
	Updating BM parameters...
	337	0	2551	0	0	0	111

	---- Iter = 1/100 ----
	Updating Gamma...
	Updating Pi...
	Updating IDP parameters...
	Updating BM parameters...
	1	2998	0	0	0	0	0
	Objective function = -3102303.9143710784 rate = -0.039931815031397866
	Final Block Assignments:
	1	2998	0	0	0	0	0
Objective function = -3102303.9143710784

------ Initialization #43/10 ------
Objective at init = -3618443.1628663405

	---- Iter = 0/100 ----
	Updating Gamma...
	Updating Pi...
	Updating IDP parameters...
	Updating BM parameters...
	0	0	405	144	0	2450	0

	---- Iter = 1/100 ----
	Updating Gamma...
	Updating Pi...
	Updating IDP parameters...
	Updating BM parameters...
	2999	0	0	0	0	0	0
	Objective function = -3111164.386651933 rate = -0.04088863898452682
	Final Block Assignments:
	2999	0	0	0	0	0	0
Objective function = -3111164.386651933

------ Initialization #44/10 ------
Objective at init = -3613460.3823351217

	---- Iter = 0/100 ----
	Updating Gamma...
	Updating Pi...
	Updating IDP parameters...
	Updating BM parameters...
	232	0	2542	0	0	0	225

	---- Iter = 1/100 ----
	Updating Gamma...
	Updating Pi...
	Updating IDP parameters...
	Updating BM parameters...
	1	2998	0	0	0	0	0
	Objective function = -3112839.974704973 rate = -0.04272183967848264
	Final Block Assignments:
	1	2998	0	0	0	0	0
Objective function = -3112839.974704973

------ Initialization #45/10 ------
Objective at init = -3619298.7180203805

	---- Iter = 0/100 ----
	Updating Gamma...
	Updating Pi...
	Updating IDP parameters...
	Updating BM parameters...
	0	0	2474	159	0	291	75

	---- Iter = 1/100 ----
	Updating Gamma...
	Updating Pi...
	Updating IDP parameters...
	Updating BM parameters...
	2999	0	0	0	0	0	0
	Objective function = -3109790.6428139335 rate = -0.04571675968229728
	Final Block Assignments:
	2999	0	0	0	0	0	0
Objective function = -3109790.6428139335

------ Initialization #46/10 ------
Objective at init = -3627404.8553439514

	---- Iter = 0/100 ----
	Updating Gamma...
	Updating Pi...
	Updating IDP parameters...
	Updating BM parameters...
	11	0	0	388	14	2494	92

	---- Iter = 1/100 ----
	Updating Gamma...
	Updating Pi...
	Updating IDP parameters...
	Updating BM parameters...
	1	2998	0	0	0	0	0
	Objective function = -3122863.6937510367 rate = -0.040551988952410745
	Final Block Assignments:
	1	2998	0	0	0	0	0
Objective function = -3122863.6937510367

------ Initialization #47/10 ------
Objective at init = -3623834.4783879765

	---- Iter = 0/100 ----
	Updating Gamma...
	Updating Pi...
	Updating IDP parameters...
	Updating BM parameters...
	2632	295	0	72	0	0	0

	---- Iter = 1/100 ----
	Updating Gamma...
	Updating Pi...
	Updating IDP parameters...
	Updating BM parameters...
	0	1	2998	0	0	0	0
	Objective function = -3103590.8440085826 rate = -0.035068570101957894
	Final Block Assignments:
	0	1	2998	0	0	0	0
Objective function = -3103590.8440085826

------ Initialization #48/10 ------
Objective at init = -3618915.659157947

	---- Iter = 0/100 ----
	Updating Gamma...
	Updating Pi...
	Updating IDP parameters...
	Updating BM parameters...
	0	0	85	352	0	0	2562

	---- Iter = 1/100 ----
	Updating Gamma...
	Updating Pi...
	Updating IDP parameters...
	Updating BM parameters...
	2999	0	0	0	0	0	0
	Objective function = -3112773.775757715 rate = -0.03927572002621549
	Final Block Assignments:
	2999	0	0	0	0	0	0
Objective function = -3112773.775757715

------ Initialization #49/10 ------
Objective at init = -3637466.530646557

	---- Iter = 0/100 ----
	Updating Gamma...
	Updating Pi...
	Updating IDP parameters...
	Updating BM parameters...
	2541	0	28	1	0	429	0

	---- Iter = 1/100 ----
	Updating Gamma...
	Updating Pi...
	Updating IDP parameters...
	Updating BM parameters...
	0	2999	0	0	0	0	0
	Objective function = -3126274.013982273 rate = -0.0385445752820973
	Final Block Assignments:
	0	2999	0	0	0	0	0
Objective function = -3126274.013982273

------ Initialization #50/10 ------
Objective at init = -3638948.6750298166

	---- Iter = 0/100 ----
	Updating Gamma...
	Updating Pi...
	Updating IDP parameters...
	Updating BM parameters...
	0	2557	0	327	115	0	0

	---- Iter = 1/100 ----
	Updating Gamma...
	Updating Pi...
	Updating IDP parameters...
	Updating BM parameters...
	2999	0	0	0	0	0	0
	Objective function = -3121096.060146788 rate = -0.04115930593525153
	Final Block Assignments:
	2999	0	0	0	0	0	0
Objective function = -3121096.060146788

------ Initialization #51/10 ------
Objective at init = -3623169.0387775814

	---- Iter = 0/100 ----
	Updating Gamma...
	Updating Pi...
	Updating IDP parameters...
	Updating BM parameters...
	4	23	2544	58	0	0	370

	---- Iter = 1/100 ----
	Updating Gamma...
	Updating Pi...
	Updating IDP parameters...
	Updating BM parameters...
	1	0	0	0	2998	0	0
	Objective function = -3112383.7775728093 rate = -0.038501506443397004
	Final Block Assignments:
	1	0	0	0	2998	0	0
Objective function = -3112383.7775728093

------ Initialization #52/10 ------
Objective at init = -3635237.1396385445

	---- Iter = 0/100 ----
	Updating Gamma...
	Updating Pi...
	Updating IDP parameters...
	Updating BM parameters...
	0	0	0	3	2538	1	457

	---- Iter = 1/100 ----
	Updating Gamma...
	Updating Pi...
	Updating IDP parameters...
	Updating BM parameters...
	2999	0	0	0	0	0	0
	Objective function = -3120640.729476907 rate = -0.035088452966200785
	Final Block Assignments:
	2999	0	0	0	0	0	0
Objective function = -3120640.729476907

------ Initialization #53/10 ------
Objective at init = -3628326.3004286457

	---- Iter = 0/100 ----
	Updating Gamma...
	Updating Pi...
	Updating IDP parameters...
	Updating BM parameters...
	5	394	0	80	0	2482	38

	---- Iter = 1/100 ----
	Updating Gamma...
	Updating Pi...
	Updating IDP parameters...
	Updating BM parameters...
	1	0	2998	0	0	0	0
	Objective function = -3117467.5292313765 rate = -0.0416027118997157
	Final Block Assignments:
	1	0	2998	0	0	0	0
Objective function = -3117467.5292313765

------ Initialization #54/10 ------
Objective at init = -3643553.7452878803

	---- Iter = 0/100 ----
	Updating Gamma...
	Updating Pi...
	Updating IDP parameters...
	Updating BM parameters...
	203	0	185	2611	0	0	0

	---- Iter = 1/100 ----
	Updating Gamma...
	Updating Pi...
	Updating IDP parameters...
	Updating BM parameters...
	1	2998	0	0	0	0	0
	Objective function = -3125143.8828068646 rate = -0.04055547135464828
	Final Block Assignments:
	1	2998	0	0	0	0	0
Objective function = -3125143.8828068646

------ Initialization #55/10 ------
Objective at init = -3639339.0389934066

	---- Iter = 0/100 ----
	Updating Gamma...
	Updating Pi...
	Updating IDP parameters...
	Updating BM parameters...
	0	50	64	343	6	27	2509

	---- Iter = 1/100 ----
	Updating Gamma...
	Updating Pi...
	Updating IDP parameters...
	Updating BM parameters...
	2999	0	0	0	0	0	0
	Objective function = -3124020.9516586163 rate = -0.04221615385151948
	Final Block Assignments:
	2999	0	0	0	0	0	0
Objective function = -3124020.9516586163

------ Initialization #56/10 ------
Objective at init = -3621290.8250409784

	---- Iter = 0/100 ----
	Updating Gamma...
	Updating Pi...
	Updating IDP parameters...
	Updating BM parameters...
	0	2547	0	85	0	367	0

	---- Iter = 1/100 ----
	Updating Gamma...
	Updating Pi...
	Updating IDP parameters...
	Updating BM parameters...
	2999	0	0	0	0	0	0
	Objective function = -3111408.9617195283 rate = -0.0391846590990663
	Final Block Assignments:
	2999	0	0	0	0	0	0
Objective function = -3111408.9617195283

------ Initialization #57/10 ------
Objective at init = -3615812.112685995

	---- Iter = 0/100 ----
	Updating Gamma...
	Updating Pi...
	Updating IDP parameters...
	Updating BM parameters...
	0	132	2553	0	296	3	15

	---- Iter = 1/100 ----
	Updating Gamma...
	Updating Pi...
	Updating IDP parameters...
	Updating BM parameters...
	2999	0	0	0	0	0	0
	Objective function = -3102220.844608649 rate = -0.04114808099994959
	Final Block Assignments:
	2999	0	0	0	0	0	0
Objective function = -3102220.844608649

------ Initialization #58/10 ------
Objective at init = -3613940.185381126

	---- Iter = 0/100 ----
	Updating Gamma...
	Updating Pi...
	Updating IDP parameters...
	Updating BM parameters...
	0	65	1	357	2498	13	65

	---- Iter = 1/100 ----
	Updating Gamma...
	Updating Pi...
	Updating IDP parameters...
	Updating BM parameters...
	2999	0	0	0	0	0	0
	Objective function = -3113465.0044459943 rate = -0.04356096874604827
	Final Block Assignments:
	2999	0	0	0	0	0	0
Objective function = -3113465.0044459943

------ Initialization #59/10 ------
Objective at init = -3617708.1965193595

	---- Iter = 0/100 ----
	Updating Gamma...
	Updating Pi...
	Updating IDP parameters...
	Updating BM parameters...
	0	0	374	204	0	0	2421

	---- Iter = 1/100 ----
	Updating Gamma...
	Updating Pi...
	Updating IDP parameters...
	Updating BM parameters...
	2999	0	0	0	0	0	0
	Objective function = -3108151.952782629 rate = -0.040485203471814606
	Final Block Assignments:
	2999	0	0	0	0	0	0
Objective function = -3108151.952782629

------ Initialization #60/10 ------
Objective at init = -3645824.5450394764

	---- Iter = 0/100 ----
	Updating Gamma...
	Updating Pi...
	Updating IDP parameters...
	Updating BM parameters...
	0	374	19	2596	0	10	0

	---- Iter = 1/100 ----
	Updating Gamma...
	Updating Pi...
	Updating IDP parameters...
	Updating BM parameters...
	2999	0	0	0	0	0	0
	Objective function = -3130210.6449906062 rate = -0.03629137286086394
	Final Block Assignments:
	2999	0	0	0	0	0	0
Objective function = -3130210.6449906062

------ Initialization #61/10 ------
Objective at init = -3620933.3404191243

	---- Iter = 0/100 ----
	Updating Gamma...
	Updating Pi...
	Updating IDP parameters...
	Updating BM parameters...
	1306	0	199	0	224	0	1270

	---- Iter = 1/100 ----
	Updating Gamma...
	Updating Pi...
	Updating IDP parameters...
	Updating BM parameters...
	0	2999	0	0	0	0	0
	Objective function = -3120012.0831638016 rate = -0.057350128961201105
	Final Block Assignments:
	0	2999	0	0	0	0	0
Objective function = -3120012.0831638016

------ Initialization #62/10 ------
Objective at init = -3619718.721395983

	---- Iter = 0/100 ----
	Updating Gamma...
	Updating Pi...
	Updating IDP parameters...
	Updating BM parameters...
	0	111	0	0	0	2571	317

	---- Iter = 1/100 ----
	Updating Gamma...
	Updating Pi...
	Updating IDP parameters...
	Updating BM parameters...
	2999	0	0	0	0	0	0
	Objective function = -3110527.1147097684 rate = -0.03955890683704957
	Final Block Assignments:
	2999	0	0	0	0	0	0
Objective function = -3110527.1147097684

------ Initialization #63/10 ------
Objective at init = -3639634.1982079013

	---- Iter = 0/100 ----
	Updating Gamma...
	Updating Pi...
	Updating IDP parameters...
	Updating BM parameters...
	17	0	9	2089	384	0	500

	---- Iter = 1/100 ----
	Updating Gamma...
	Updating Pi...
	Updating IDP parameters...
	Updating BM parameters...
	1	2998	0	0	0	0	0
	Objective function = -3128797.5809485405 rate = -0.048111900642407425
	Final Block Assignments:
	1	2998	0	0	0	0	0
Objective function = -3128797.5809485405

------ Initialization #64/10 ------
Objective at init = -3633640.3292856184

	---- Iter = 0/100 ----
	Updating Gamma...
	Updating Pi...
	Updating IDP parameters...
	Updating BM parameters...
	0	438	0	0	2515	46	0

	---- Iter = 1/100 ----
	Updating Gamma...
	Updating Pi...
	Updating IDP parameters...
	Updating BM parameters...
	2999	0	0	0	0	0	0
	Objective function = -3121505.1261971476 rate = -0.037389235228234265
	Final Block Assignments:
	2999	0	0	0	0	0	0
Objective function = -3121505.1261971476

------ Initialization #65/10 ------
Objective at init = -3618798.2092437004

	---- Iter = 0/100 ----
	Updating Gamma...
	Updating Pi...
	Updating IDP parameters...
	Updating BM parameters...
	12	367	2481	1	0	138	0

	---- Iter = 1/100 ----
	Updating Gamma...
	Updating Pi...
	Updating IDP parameters...
	Updating BM parameters...
	1	0	0	0	2998	0	0
	Objective function = -3111167.044478758 rate = -0.04217070055173975
	Final Block Assignments:
	1	0	0	0	2998	0	0
Objective function = -3111167.044478758

------ Initialization #66/10 ------
Objective at init = -3641759.8246146357

	---- Iter = 0/100 ----
	Updating Gamma...
	Updating Pi...
	Updating IDP parameters...
	Updating BM parameters...
	36	430	0	0	2533	0	0

	---- Iter = 1/100 ----
	Updating Gamma...
	Updating Pi...
	Updating IDP parameters...
	Updating BM parameters...
	1	0	2998	0	0	0	0
	Objective function = -3118788.1761379507 rate = -0.03757972589326461
	Final Block Assignments:
	1	0	2998	0	0	0	0
Objective function = -3118788.1761379507

------ Initialization #67/10 ------
Objective at init = -3616669.9108294705

	---- Iter = 0/100 ----
	Updating Gamma...
	Updating Pi...
	Updating IDP parameters...
	Updating BM parameters...
	0	0	426	0	0	2573	0

	---- Iter = 1/100 ----
	Updating Gamma...
	Updating Pi...
	Updating IDP parameters...
	Updating BM parameters...
	2999	0	0	0	0	0	0
	Objective function = -3105398.113334329 rate = -0.034875285439280375
	Final Block Assignments:
	2999	0	0	0	0	0	0
Objective function = -3105398.113334329

------ Initialization #68/10 ------
Objective at init = -3624770.2857763134

	---- Iter = 0/100 ----
	Updating Gamma...
	Updating Pi...
	Updating IDP parameters...
	Updating BM parameters...
	100	0	390	5	2503	1	0
