
------ Initialization #1/10 ------
Objective at init = -3615509.7604529774

	---- Iter = 0/100 ----
	Updating Gamma...
	Updating Pi...
	Updating IDP parameters...
	Updating BM parameters...
	0	0	2510	0	0	380	109	0	0

	---- Iter = 1/100 ----
	Updating Gamma...
	Updating Pi...
	Updating IDP parameters...
	Updating BM parameters...
	2999	0	0	0	0	0	0	0	0
	Objective function = -3108879.2246607323 rate = -0.04075776800623203
	Final Block Assignments:
	2999	0	0	0	0	0	0	0	0
Objective function = -3108879.2246607323
Optimal parameter updated!

------ Initialization #2/10 ------
Objective at init = -3628660.6967234123

	---- Iter = 0/100 ----
	Updating Gamma...
	Updating Pi...
	Updating IDP parameters...
	Updating BM parameters...
	190	0	2	385	0	0	1	2	2419

	---- Iter = 1/100 ----
	Updating Gamma...
	Updating Pi...
	Updating IDP parameters...
	Updating BM parameters...
	1	2998	0	0	0	0	0	0	0
	Objective function = -3119098.8507343875 rate = -0.043240401640317803
	Final Block Assignments:
	1	2998	0	0	0	0	0	0	0
Objective function = -3119098.8507343875

------ Initialization #3/10 ------
Objective at init = -3626124.054573909

	---- Iter = 0/100 ----
	Updating Gamma...
	Updating Pi...
	Updating IDP parameters...
	Updating BM parameters...
	0	2546	3	0	0	0	4	0	446

	---- Iter = 1/100 ----
	Updating Gamma...
	Updating Pi...
	Updating IDP parameters...
	Updating BM parameters...
	2999	0	0	0	0	0	0	0	0
	Objective function = -3112766.8104455876 rate = -0.036723722455348703
	Final Block Assignments:
	2999	0	0	0	0	0	0	0	0
Objective function = -3112766.8104455876

------ Initialization #4/10 ------
Objective at init = -3636018.8057330945

	---- Iter = 0/100 ----
	Updating Gamma...
	Updating Pi...
	Updating IDP parameters...
	Updating BM parameters...
	333	0	0	0	0	0	246	2415	5

	---- Iter = 1/100 ----
	Updating Gamma...
	Updating Pi...
	Updating IDP parameters...
	Updating BM parameters...
	1	2998	0	0	0	0	0	0	0
	Objective function = -3130095.977930293 rate = -0.04589995783200358
	Final Block Assignments:
	1	2998	0	0	0	0	0	0	0
Objective function = -3130095.977930293

------ Initialization #5/10 ------
Objective at init = -3625846.1501276926

	---- Iter = 0/100 ----
	Updating Gamma...
	Updating Pi...
	Updating IDP parameters...
	Updating BM parameters...
	8	421	279	0	2291	0	0	0	0

	---- Iter = 1/100 ----
	Updating Gamma...
	Updating Pi...
	Updating IDP parameters...
	Updating BM parameters...
	1	0	0	2998	0	0	0	0	0
	Objective function = -3123005.0151780155 rate = -0.044339442128854135
	Final Block Assignments:
	1	0	0	2998	0	0	0	0	0
Objective function = -3123005.0151780155

------ Initialization #6/10 ------
Objective at init = -3633114.7000683653

	---- Iter = 0/100 ----
	Updating Gamma...
	Updating Pi...
	Updating IDP parameters...
	Updating BM parameters...
	429	2	0	0	0	1980	0	7	581

	---- Iter = 1/100 ----
	Updating Gamma...
	Updating Pi...
	Updating IDP parameters...
	Updating BM parameters...
	1	0	2998	0	0	0	0	0	0
	Objective function = -3129249.280169782 rate = -0.04437326070510082
	Final Block Assignments:
	1	0	2998	0	0	0	0	0	0
Objective function = -3129249.280169782

------ Initialization #7/10 ------
Objective at init = -3626829.066387458

	---- Iter = 0/100 ----
	Updating Gamma...
	Updating Pi...
	Updating IDP parameters...
	Updating BM parameters...
	2339	0	191	0	0	326	72	0	71

	---- Iter = 1/100 ----
	Updating Gamma...
	Updating Pi...
	Updating IDP parameters...
	Updating BM parameters...
	1	2998	0	0	0	0	0	0	0
	Objective function = -3116834.9099100595 rate = -0.046052896240535025
	Final Block Assignments:
	1	2998	0	0	0	0	0	0	0
Objective function = -3116834.9099100595

------ Initialization #8/10 ------
Objective at init = -3625237.5611427557

	---- Iter = 0/100 ----
	Updating Gamma...
	Updating Pi...
	Updating IDP parameters...
	Updating BM parameters...
	476	1	0	2142	0	0	1	0	379

	---- Iter = 1/100 ----
	Updating Gamma...
	Updating Pi...
	Updating IDP parameters...
	Updating BM parameters...
	0	1	2998	0	0	0	0	0	0
	Objective function = -3118373.899598328 rate = -0.04469654263864277
	Final Block Assignments:
	0	1	2998	0	0	0	0	0	0
Objective function = -3118373.899598328

------ Initialization #9/10 ------
Objective at init = -3627901.5009135418

	---- Iter = 0/100 ----
	Updating Gamma...
	Updating Pi...
	Updating IDP parameters...
	Updating BM parameters...
	24	0	1	2449	357	0	0	168	0

	---- Iter = 1/100 ----
	Updating Gamma...
	Updating Pi...
	Updating IDP parameters...
	Updating BM parameters...
	1	2998	0	0	0	0	0	0	0
	Objective function = -3119566.7380093825 rate = -0.04442060755585617
	Final Block Assignments:
	1	2998	0	0	0	0	0	0	0
Objective function = -3119566.7380093825

------ Initialization #10/10 ------
Objective at init = -3624123.6603241465

	---- Iter = 0/100 ----
	Updating Gamma...
	Updating Pi...
	Updating IDP parameters...
	Updating BM parameters...
	0	0	395	2309	0	0	291	0	4

	---- Iter = 1/100 ----
	Updating Gamma...
	Updating Pi...
	Updating IDP parameters...
	Updating BM parameters...
	2999	0	0	0	0	0	0	0	0
	Objective function = -3112105.5751054822 rate = -0.04345680855261312
	Final Block Assignments:
	2999	0	0	0	0	0	0	0	0
Objective function = -3112105.5751054822

------ Initialization #11/10 ------
Objective at init = -3620959.569857473

	---- Iter = 0/100 ----
	Updating Gamma...
	Updating Pi...
	Updating IDP parameters...
	Updating BM parameters...
	0	0	2484	380	135	0	0	0	0

	---- Iter = 1/100 ----
	Updating Gamma...
	Updating Pi...
	Updating IDP parameters...
	Updating BM parameters...
	2999	0	0	0	0	0	0	0	0
	Objective function = -3119127.773024526 rate = -0.04253139211954021
	Final Block Assignments:
	2999	0	0	0	0	0	0	0	0
Objective function = -3119127.773024526

------ Initialization #12/10 ------
Objective at init = -3634491.629985845

	---- Iter = 0/100 ----
	Updating Gamma...
	Updating Pi...
	Updating IDP parameters...
	Updating BM parameters...
